<!DOCTYPE html PUBLIC "-//W3C//DTD XHTML 1.1//EN" "https://www.w3.org/TR/xhtml11/DTD/xhtml11.dtd">
<html xmlns="https://www.w3.org/1999/xhtml">
<head>
<meta http-equiv="content-type" content="text/html; charset=UTF-8"/>
<title>TestNG Report</title>
<style type="text/css">table {margin-bottom:10px;border-collapse:collapse;empty-cells:show}th,td {border:1px solid #009;padding:.25em .5em}th {vertical-align:bottom}td {vertical-align:top}table a {font-weight:bold}.stripe td {background-color: #E6EBF9}.num {text-align:right}.passedodd td {background-color: #3F3}.passedeven td {background-color: #0A0}.skippedodd td {background-color: #DDD}.skippedeven td {background-color: #CCC}.failedodd td,.attn {background-color: #F33}.failedeven td,.stripe .attn {background-color: #D00}.stacktrace {white-space:pre;font-family:monospace}.totop {font-size:85%;text-align:center;border-bottom:2px solid #000}.invisible {display:none}</style>
</head>
<body>
<table>
<tr><th>Test</th><th># Passed</th><th># Skipped</th><th># Retried</th><th># Failed</th><th>Time (ms)</th><th>Included Groups</th><th>Excluded Groups</th></tr>
<tr><th colspan="8">ScheduledPaymentCreationSuite</th></tr>
<tr><td><a href="#t0">ScheduledPaymentStepsExecution</a></td><td class="num">0</td><td class="num">0</td><td class="num">0</td><td class="num attn">2</td><td class="num">105,297</td><td></td><td></td></tr>
</table>
<table id='summary'><thead><tr><th>Class</th><th>Method</th><th>Start</th><th>Time (ms)</th></tr></thead><tbody><tr><th colspan="4">ScheduledPaymentCreationSuite</th></tr></tbody><tbody id="t0"><tr><th colspan="4">ScheduledPaymentStepsExecution &#8212; failed</th></tr><tr class="failedeven"><td rowspan="1">NegativeTestCase.Testscheduledpaymentofmigratedaccounts</td><td><a href="#m0">CreateLoan</a></td><td rowspan="1">1760073047700</td><td rowspan="1">24770</td></tr><tr class="failedodd"><td rowspan="1">NegativeTestCase.VerifyTestScheduleforMigratedAccounts</td><td><a href="#m1">CreateLoan</a></td><td rowspan="1">1760073100402</td><td rowspan="1">24666</td></tr></tbody>
</table>
<h2>ScheduledPaymentStepsExecution</h2><h3 id="m0">NegativeTestCase.Testscheduledpaymentofmigratedaccounts#CreateLoan</h3><table class="result"><tr class="param"><th>Parameter #1</th></tr><tr class="param stripe"><td>RowData{headerMap={TESTCASE=TestScheduleforMigratedAccounts, Account id=50,000, arrDenomCount=, Tran_Id=M2141, cifid =S - Payment, amount=, Menu=HLASPAY, tranParticularsCode=, Scheme Code=0003LN510067, Created_AccountID=}, indexList=[TestScheduleforMigratedAccounts, HLASPAY, S - Payment, 0003LN510067, 50,000, , , , , M2141]}</td></tr><tr><th>Exception</th></tr><tr><td><div class="stacktrace">org.openqa.selenium.TimeoutException: Expected condition failed: waiting for presence of element located by: By.id: menuSelect (tried for 20 second(s) with 500 milliseconds interval)
	at org.openqa.selenium.support.ui.WebDriverWait.timeoutException(WebDriverWait.java:84)
	at org.openqa.selenium.support.ui.FluentWait.until(FluentWait.java:228)
	at NegativeTestCase.Testscheduledpaymentofmigratedaccounts.CreateLoan(Testscheduledpaymentofmigratedaccounts.java:46)
	at java.base/java.util.ArrayList.forEach(ArrayList.java:1511)
	at TestCases.TC11_TestscheduledpaymentofmigratedaccountsAndVerify.runTestSuiteInOrder(TC11_TestscheduledpaymentofmigratedaccountsAndVerify.java:54)
	at java.base/java.util.ArrayList.forEach(ArrayList.java:1511)
Caused by: org.openqa.selenium.NoSuchElementException: Unable to find element with css selector == #menuSelect
For documentation on this error, please visit: https://www.selenium.dev/documentation/webdriver/troubleshooting/errors#no-such-element-exception
Build info: version: &apos;4.29.0&apos;, revision: &apos;5fc1ec94cb&apos;
System info: os.name: &apos;Windows 11&apos;, os.arch: &apos;amd64&apos;, os.version: &apos;10.0&apos;, java.version: &apos;17.0.12&apos;
Driver info: org.openqa.selenium.ie.InternetExplorerDriver
Command: [bd032a72-2353-4f15-8cc7-4fa823a4336c, findElement {value=menuSelect, using=id}]
Capabilities {acceptInsecureCerts: false, browserName: internet explorer, browserVersion: 11, pageLoadStrategy: normal, platformName: windows, proxy: Proxy(), se:ieOptions: {browserAttachTimeout: 0, elementScrollBehavior: 0, enablePersistentHover: false, ie.browserCommandLineSwitches: , ie.edgechromium: true, ie.edgepath: C:\Program Files (x86)\Micr..., ie.ensureCleanSession: false, ie.fileUploadDialogTimeout: 3000, ie.forceCreateProcessApi: false, ie.ignoreprocessmatch: false, ignoreProtectedModeSettings: true, ignoreZoomSetting: true, initialBrowserUrl: http://localhost:10770/, nativeEvents: true, requireWindowFocus: true}, setWindowRect: true, strictFileInteractability: false, timeouts: {implicit: 0, pageLoad: 300000, script: 30000}, unhandledPromptBehavior: dismiss and notify}
Session ID: bd032a72-2353-4f15-8cc7-4fa823a4336c
	at org.openqa.selenium.remote.ErrorCodec.decode(ErrorCodec.java:167)
	at org.openqa.selenium.remote.codec.w3c.W3CHttpResponseCodec.decode(W3CHttpResponseCodec.java:138)
	at org.openqa.selenium.remote.codec.w3c.W3CHttpResponseCodec.decode(W3CHttpResponseCodec.java:50)
	at org.openqa.selenium.remote.HttpCommandExecutor.execute(HttpCommandExecutor.java:215)
	at org.openqa.selenium.remote.service.DriverCommandExecutor.invokeExecute(DriverCommandExecutor.java:216)
	at org.openqa.selenium.remote.service.DriverCommandExecutor.execute(DriverCommandExecutor.java:174)
	at org.openqa.selenium.remote.RemoteWebDriver.execute(RemoteWebDriver.java:545)
	at org.openqa.selenium.remote.ElementLocation$ElementFinder$2.findElement(ElementLocation.java:165)
	at org.openqa.selenium.remote.ElementLocation.findElement(ElementLocation.java:59)
	at org.openqa.selenium.remote.RemoteWebDriver.findElement(RemoteWebDriver.java:368)
	at org.openqa.selenium.remote.RemoteWebDriver.findElement(RemoteWebDriver.java:362)
	at org.openqa.selenium.support.ui.ExpectedConditions$6.apply(ExpectedConditions.java:171)
	at org.openqa.selenium.support.ui.ExpectedConditions$6.apply(ExpectedConditions.java:168)
	at org.openqa.selenium.support.ui.FluentWait.until(FluentWait.java:203)
	... 59 more
... Removed 59 stack frames</div></td></tr></table><p class="totop"><a href="#summary">back to summary</a></p>
<h3 id="m1">NegativeTestCase.VerifyTestScheduleforMigratedAccounts#CreateLoan</h3><table class="result"><tr class="param"><th>Parameter #1</th><th>Parameter #2</th></tr><tr class="param stripe"><td>RowData{headerMap={TESTCASE=TestScheduleforMigratedAccounts, Account id=50,000, arrDenomCount=, Tran_Id=M2141, cifid =S - Payment, amount=, Menu=HLASPAY, tranParticularsCode=, Scheme Code=0003LN510067, Created_AccountID=}, indexList=[TestScheduleforMigratedAccounts, HLASPAY, S - Payment, 0003LN510067, 50,000, , , , , M2141]}</td><td>RowData{headerMap={TESTCASE=verifyTestScheduleforMigratedAccounts, Account id=, arrDenomCount=, Tran_Id=, cifid =V - Verify, amount=, Menu=HLASPAY, tranParticularsCode=, Scheme Code=, Created_AccountID=}, indexList=[verifyTestScheduleforMigratedAccounts, HLASPAY, V - Verify, , , , , , , ]}</td></tr><tr><th colspan="2">Exception</th></tr><tr><td colspan="2"><div class="stacktrace">org.openqa.selenium.TimeoutException: Expected condition failed: waiting for presence of element located by: By.id: menuSelect (tried for 20 second(s) with 500 milliseconds interval)
	at org.openqa.selenium.support.ui.WebDriverWait.timeoutException(WebDriverWait.java:84)
	at org.openqa.selenium.support.ui.FluentWait.until(FluentWait.java:228)
	at NegativeTestCase.VerifyTestScheduleforMigratedAccounts.CreateLoan(VerifyTestScheduleforMigratedAccounts.java:51)
	at java.base/java.util.ArrayList.forEach(ArrayList.java:1511)
	at TestCases.TC11_TestscheduledpaymentofmigratedaccountsAndVerify.runTestSuiteInOrder(TC11_TestscheduledpaymentofmigratedaccountsAndVerify.java:54)
	at java.base/java.util.ArrayList.forEach(ArrayList.java:1511)
Caused by: org.openqa.selenium.NoSuchElementException: Unable to find element with css selector == #menuSelect
For documentation on this error, please visit: https://www.selenium.dev/documentation/webdriver/troubleshooting/errors#no-such-element-exception
Build info: version: &apos;4.29.0&apos;, revision: &apos;5fc1ec94cb&apos;
System info: os.name: &apos;Windows 11&apos;, os.arch: &apos;amd64&apos;, os.version: &apos;10.0&apos;, java.version: &apos;17.0.12&apos;
Driver info: org.openqa.selenium.ie.InternetExplorerDriver
Command: [bd032a72-2353-4f15-8cc7-4fa823a4336c, findElement {value=menuSelect, using=id}]
Capabilities {acceptInsecureCerts: false, browserName: internet explorer, browserVersion: 11, pageLoadStrategy: normal, platformName: windows, proxy: Proxy(), se:ieOptions: {browserAttachTimeout: 0, elementScrollBehavior: 0, enablePersistentHover: false, ie.browserCommandLineSwitches: , ie.edgechromium: true, ie.edgepath: C:\Program Files (x86)\Micr..., ie.ensureCleanSession: false, ie.fileUploadDialogTimeout: 3000, ie.forceCreateProcessApi: false, ie.ignoreprocessmatch: false, ignoreProtectedModeSettings: true, ignoreZoomSetting: true, initialBrowserUrl: http://localhost:10770/, nativeEvents: true, requireWindowFocus: true}, setWindowRect: true, strictFileInteractability: false, timeouts: {implicit: 0, pageLoad: 300000, script: 30000}, unhandledPromptBehavior: dismiss and notify}
Session ID: bd032a72-2353-4f15-8cc7-4fa823a4336c
	at org.openqa.selenium.remote.ErrorCodec.decode(ErrorCodec.java:167)
	at org.openqa.selenium.remote.codec.w3c.W3CHttpResponseCodec.decode(W3CHttpResponseCodec.java:138)
	at org.openqa.selenium.remote.codec.w3c.W3CHttpResponseCodec.decode(W3CHttpResponseCodec.java:50)
	at org.openqa.selenium.remote.HttpCommandExecutor.execute(HttpCommandExecutor.java:215)
	at org.openqa.selenium.remote.service.DriverCommandExecutor.invokeExecute(DriverCommandExecutor.java:216)
	at org.openqa.selenium.remote.service.DriverCommandExecutor.execute(DriverCommandExecutor.java:174)
	at org.openqa.selenium.remote.RemoteWebDriver.execute(RemoteWebDriver.java:545)
	at org.openqa.selenium.remote.ElementLocation$ElementFinder$2.findElement(ElementLocation.java:165)
	at org.openqa.selenium.remote.ElementLocation.findElement(ElementLocation.java:59)
	at org.openqa.selenium.remote.RemoteWebDriver.findElement(RemoteWebDriver.java:368)
	at org.openqa.selenium.remote.RemoteWebDriver.findElement(RemoteWebDriver.java:362)
	at org.openqa.selenium.support.ui.ExpectedConditions$6.apply(ExpectedConditions.java:171)
	at org.openqa.selenium.support.ui.ExpectedConditions$6.apply(ExpectedConditions.java:168)
	at org.openqa.selenium.support.ui.FluentWait.until(FluentWait.java:203)
	... 59 more
... Removed 59 stack frames</div></td></tr></table><p class="totop"><a href="#summary">back to summary</a></p>
</body>
</html>
