<!DOCTYPE html>

<html>
  <head>
  <meta charset='utf-8'>
  <title>TestNG reports</title>

    <link type="text/css" href="testng-reports1.css" rel="stylesheet" id="ultra" />
    <link type="text/css" href="testng-reports.css" rel="stylesheet" id="retro" disabled="false"/>
    <script type="text/javascript" src="jquery-3.6.0.min.js"></script>
    <script type="text/javascript" src="testng-reports.js"></script>
    <script type="text/javascript" src="https://www.google.com/jsapi"></script>
    <script type='text/javascript'>
      google.load('visualization', '1', {packages:['table']});
      google.setOnLoadCallback(drawTable);
      var suiteTableInitFunctions = new Array();
      var suiteTableData = new Array();
    </script>
    <!--
      <script type="text/javascript" src="jquery-ui/js/jquery-ui-1.8.16.custom.min.js"></script>
     -->
  </head>

  <body>    <div class="top-banner-root">
      <span class="top-banner-title-font">Test results</span>
      <button id="button" class="button">Switch Retro Theme</button> <!-- button -->
      <br/>
      <span class="top-banner-font-1">1 suite, 2 failed tests</span>
    </div> <!-- top-banner-root -->
    <div class="navigator-root">
      <div class="navigator-suite-header">
        <span>All suites</span>
        <a href="#" title="Collapse/expand all the suites" class="collapse-all-link">
          <img src="collapseall.gif" class="collapse-all-icon">
          </img> <!-- collapse-all-icon -->
        </a> <!-- collapse-all-link -->
      </div> <!-- navigator-suite-header -->
      <div class="suite">
        <div class="rounded-window">
          <div class="suite-header light-rounded-window-top">
            <a href="#" panel-name="suite-ScheduledPaymentCreationSuite" class="navigator-link">
              <span class="suite-name border-failed">ScheduledPaymentCreationSuite</span>
            </a> <!-- navigator-link -->
          </div> <!-- suite-header light-rounded-window-top -->
          <div class="navigator-suite-content">
            <div class="suite-section-title">
              <span>Info</span>
            </div> <!-- suite-section-title -->
            <div class="suite-section-content">
              <ul>
                <li>
                  <a href="#" panel-name="test-xml-ScheduledPaymentCreationSuite" class="navigator-link ">
                    <span>[unset file name]</span>
                  </a> <!-- navigator-link  -->
                </li>
                <li>
                  <a href="#" panel-name="testlist-ScheduledPaymentCreationSuite" class="navigator-link ">
                    <span class="test-stats">1 test</span>
                  </a> <!-- navigator-link  -->
                </li>
                <li>
                  <a href="#" panel-name="group-ScheduledPaymentCreationSuite" class="navigator-link ">
                    <span>0 groups</span>
                  </a> <!-- navigator-link  -->
                </li>
                <li>
                  <a href="#" panel-name="times-ScheduledPaymentCreationSuite" class="navigator-link ">
                    <span>Times</span>
                  </a> <!-- navigator-link  -->
                </li>
                <li>
                  <a href="#" panel-name="reporter-ScheduledPaymentCreationSuite" class="navigator-link ">
                    <span>Reporter output</span>
                  </a> <!-- navigator-link  -->
                </li>
                <li>
                  <a href="#" panel-name="ignored-methods-ScheduledPaymentCreationSuite" class="navigator-link ">
                    <span>Ignored methods</span>
                  </a> <!-- navigator-link  -->
                </li>
                <li>
                  <a href="#" panel-name="chronological-ScheduledPaymentCreationSuite" class="navigator-link ">
                    <span>Chronological view</span>
                  </a> <!-- navigator-link  -->
                </li>
              </ul>
            </div> <!-- suite-section-content -->
            <div class="result-section">
              <div class="suite-section-title">
                <span>Results</span>
              </div> <!-- suite-section-title -->
              <div class="suite-section-content">
                <ul>
                  <li>
                    <span class="method-stats">2 methods, 2 failed,   </span>
                  </li>
                  <li>
                    <span class="method-list-title failed">Failed methods</span>
                    <span class="show-or-hide-methods failed">
                      <a href="#" panel-name="suite-ScheduledPaymentCreationSuite" class="hide-methods failed suite-ScheduledPaymentCreationSuite"> (hide)</a> <!-- hide-methods failed suite-ScheduledPaymentCreationSuite -->
                      <a href="#" panel-name="suite-ScheduledPaymentCreationSuite" class="show-methods failed suite-ScheduledPaymentCreationSuite"> (show)</a> <!-- show-methods failed suite-ScheduledPaymentCreationSuite -->
                    </span>
                    <div class="method-list-content failed suite-ScheduledPaymentCreationSuite">
                      <span>
                        <img src="failed.png" width="3%"/>
                        <a href="#" panel-name="suite-ScheduledPaymentCreationSuite" title="NegativeTestCase.VerifyTestScheduleforMigratedAccounts" class="method navigator-link" hash-for-method="CreateLoan(RowData{headerMap={TESTCASE=TestScheduleforMigratedAccounts, Account id=50,000, arrDenomCount=, Tran...)">CreateLoan(RowData{headerMap={TESTCASE=TestScheduleforMigratedAccounts, Account id=50,000, arrDenomCount=, Tran...)</a> <!-- method navigator-link -->
                      </span>
                      <br/>
                      <span>
                        <img src="failed.png" width="3%"/>
                        <a href="#" panel-name="suite-ScheduledPaymentCreationSuite" title="NegativeTestCase.Testscheduledpaymentofmigratedaccounts" class="method navigator-link" hash-for-method="CreateLoan(RowData{headerMap={TESTCASE=TestScheduleforMigratedAccounts, Account id=50,000, arrDenomCount=, Tran...)">CreateLoan(RowData{headerMap={TESTCASE=TestScheduleforMigratedAccounts, Account id=50,000, arrDenomCount=, Tran...)</a> <!-- method navigator-link -->
                      </span>
                      <br/>
                    </div> <!-- method-list-content failed suite-ScheduledPaymentCreationSuite -->
                  </li>
                </ul>
              </div> <!-- suite-section-content -->
            </div> <!-- result-section -->
          </div> <!-- navigator-suite-content -->
        </div> <!-- rounded-window -->
      </div> <!-- suite -->
    </div> <!-- navigator-root -->
    <div class="wrapper">
      <div class="main-panel-root">
        <div panel-name="suite-ScheduledPaymentCreationSuite" class="panel ScheduledPaymentCreationSuite">
          <div class="suite-ScheduledPaymentCreationSuite-class-failed">
            <div class="main-panel-header rounded-window-top">
              <img src="failed.png"/>
              <span class="class-name">NegativeTestCase.VerifyTestScheduleforMigratedAccounts</span>
            </div> <!-- main-panel-header rounded-window-top -->
            <div class="main-panel-content rounded-window-bottom">
              <div class="method">
                <div class="method-content">
                  <a name="CreateLoan(RowData{headerMap={TESTCASE=TestScheduleforMigratedAccounts, Account id=50,000, arrDenomCount=, Tran...)">
                  </a> <!-- CreateLoan(RowData{headerMap={TESTCASE=TestScheduleforMigratedAccounts, Account id=50,000, arrDenomCount=, Tran...) -->
                  <span class="method-name">CreateLoan</span>
                  <span class="parameters">(RowData{headerMap={TESTCASE=TestScheduleforMigratedAccounts, Account id=50,000, arrDenomCount=, Tran_Id=M2141, cifid =S - Payment, amount=, Menu=HLASPAY, tranParticularsCode=, Scheme Code=0003LN510067, Created_AccountID=}, indexList=[TestScheduleforMigratedAccounts, HLASPAY, S - Payment, 0003LN510067, 50,000, , , , , M2141]},RowData{headerMap={TESTCASE=verifyTestScheduleforMigratedAccounts, Account id=, arrDenomCount=, Tran_Id=, cifid =V - Verify, amount=, Menu=HLASPAY, tranParticularsCode=, Scheme Code=, Created_AccountID=}, indexList=[verifyTestScheduleforMigratedAccounts, HLASPAY, V - Verify, , , , , , , ]})</span>
                  <div class="stack-trace">org.openqa.selenium.TimeoutException: Expected condition failed: waiting for presence of element located by: By.id: menuSelect (tried for 20 second(s) with 500 milliseconds interval)
	at org.openqa.selenium.support.ui.WebDriverWait.timeoutException(WebDriverWait.java:84)
	at org.openqa.selenium.support.ui.FluentWait.until(FluentWait.java:228)
	at NegativeTestCase.VerifyTestScheduleforMigratedAccounts.CreateLoan(VerifyTestScheduleforMigratedAccounts.java:51)
	at java.base/java.util.ArrayList.forEach(ArrayList.java:1511)
	at TestCases.TC11_TestscheduledpaymentofmigratedaccountsAndVerify.runTestSuiteInOrder(TC11_TestscheduledpaymentofmigratedaccountsAndVerify.java:54)
	at java.base/java.util.ArrayList.forEach(ArrayList.java:1511)
Caused by: org.openqa.selenium.NoSuchElementException: Unable to find element with css selector == #menuSelect
For documentation on this error, please visit: https://www.selenium.dev/documentation/webdriver/troubleshooting/errors#no-such-element-exception
Build info: version: &apos;4.29.0&apos;, revision: &apos;5fc1ec94cb&apos;
System info: os.name: &apos;Windows 11&apos;, os.arch: &apos;amd64&apos;, os.version: &apos;10.0&apos;, java.version: &apos;17.0.12&apos;
Driver info: org.openqa.selenium.ie.InternetExplorerDriver
Command: [bd032a72-2353-4f15-8cc7-4fa823a4336c, findElement {value=menuSelect, using=id}]
Capabilities {acceptInsecureCerts: false, browserName: internet explorer, browserVersion: 11, pageLoadStrategy: normal, platformName: windows, proxy: Proxy(), se:ieOptions: {browserAttachTimeout: 0, elementScrollBehavior: 0, enablePersistentHover: false, ie.browserCommandLineSwitches: , ie.edgechromium: true, ie.edgepath: C:\Program Files (x86)\Micr..., ie.ensureCleanSession: false, ie.fileUploadDialogTimeout: 3000, ie.forceCreateProcessApi: false, ie.ignoreprocessmatch: false, ignoreProtectedModeSettings: true, ignoreZoomSetting: true, initialBrowserUrl: http://localhost:10770/, nativeEvents: true, requireWindowFocus: true}, setWindowRect: true, strictFileInteractability: false, timeouts: {implicit: 0, pageLoad: 300000, script: 30000}, unhandledPromptBehavior: dismiss and notify}
Session ID: bd032a72-2353-4f15-8cc7-4fa823a4336c
	at org.openqa.selenium.remote.ErrorCodec.decode(ErrorCodec.java:167)
	at org.openqa.selenium.remote.codec.w3c.W3CHttpResponseCodec.decode(W3CHttpResponseCodec.java:138)
	at org.openqa.selenium.remote.codec.w3c.W3CHttpResponseCodec.decode(W3CHttpResponseCodec.java:50)
	at org.openqa.selenium.remote.HttpCommandExecutor.execute(HttpCommandExecutor.java:215)
	at org.openqa.selenium.remote.service.DriverCommandExecutor.invokeExecute(DriverCommandExecutor.java:216)
	at org.openqa.selenium.remote.service.DriverCommandExecutor.execute(DriverCommandExecutor.java:174)
	at org.openqa.selenium.remote.RemoteWebDriver.execute(RemoteWebDriver.java:545)
	at org.openqa.selenium.remote.ElementLocation$ElementFinder$2.findElement(ElementLocation.java:165)
	at org.openqa.selenium.remote.ElementLocation.findElement(ElementLocation.java:59)
	at org.openqa.selenium.remote.RemoteWebDriver.findElement(RemoteWebDriver.java:368)
	at org.openqa.selenium.remote.RemoteWebDriver.findElement(RemoteWebDriver.java:362)
	at org.openqa.selenium.support.ui.ExpectedConditions$6.apply(ExpectedConditions.java:171)
	at org.openqa.selenium.support.ui.ExpectedConditions$6.apply(ExpectedConditions.java:168)
	at org.openqa.selenium.support.ui.FluentWait.until(FluentWait.java:203)
	... 59 more
... Removed 59 stack frames
</div> <!-- stack-trace -->
                </div> <!-- method-content -->
              </div> <!-- method -->
            </div> <!-- main-panel-content rounded-window-bottom -->
          </div> <!-- suite-ScheduledPaymentCreationSuite-class-failed -->
          <div class="suite-ScheduledPaymentCreationSuite-class-failed">
            <div class="main-panel-header rounded-window-top">
              <img src="failed.png"/>
              <span class="class-name">NegativeTestCase.Testscheduledpaymentofmigratedaccounts</span>
            </div> <!-- main-panel-header rounded-window-top -->
            <div class="main-panel-content rounded-window-bottom">
              <div class="method">
                <div class="method-content">
                  <a name="CreateLoan(RowData{headerMap={TESTCASE=TestScheduleforMigratedAccounts, Account id=50,000, arrDenomCount=, Tran...)">
                  </a> <!-- CreateLoan(RowData{headerMap={TESTCASE=TestScheduleforMigratedAccounts, Account id=50,000, arrDenomCount=, Tran...) -->
                  <span class="method-name">CreateLoan</span>
                  <span class="parameters">(RowData{headerMap={TESTCASE=TestScheduleforMigratedAccounts, Account id=50,000, arrDenomCount=, Tran_Id=M2141, cifid =S - Payment, amount=, Menu=HLASPAY, tranParticularsCode=, Scheme Code=0003LN510067, Created_AccountID=}, indexList=[TestScheduleforMigratedAccounts, HLASPAY, S - Payment, 0003LN510067, 50,000, , , , , M2141]})</span>
                  <div class="stack-trace">org.openqa.selenium.TimeoutException: Expected condition failed: waiting for presence of element located by: By.id: menuSelect (tried for 20 second(s) with 500 milliseconds interval)
	at org.openqa.selenium.support.ui.WebDriverWait.timeoutException(WebDriverWait.java:84)
	at org.openqa.selenium.support.ui.FluentWait.until(FluentWait.java:228)
	at NegativeTestCase.Testscheduledpaymentofmigratedaccounts.CreateLoan(Testscheduledpaymentofmigratedaccounts.java:46)
	at java.base/java.util.ArrayList.forEach(ArrayList.java:1511)
	at TestCases.TC11_TestscheduledpaymentofmigratedaccountsAndVerify.runTestSuiteInOrder(TC11_TestscheduledpaymentofmigratedaccountsAndVerify.java:54)
	at java.base/java.util.ArrayList.forEach(ArrayList.java:1511)
Caused by: org.openqa.selenium.NoSuchElementException: Unable to find element with css selector == #menuSelect
For documentation on this error, please visit: https://www.selenium.dev/documentation/webdriver/troubleshooting/errors#no-such-element-exception
Build info: version: &apos;4.29.0&apos;, revision: &apos;5fc1ec94cb&apos;
System info: os.name: &apos;Windows 11&apos;, os.arch: &apos;amd64&apos;, os.version: &apos;10.0&apos;, java.version: &apos;17.0.12&apos;
Driver info: org.openqa.selenium.ie.InternetExplorerDriver
Command: [bd032a72-2353-4f15-8cc7-4fa823a4336c, findElement {value=menuSelect, using=id}]
Capabilities {acceptInsecureCerts: false, browserName: internet explorer, browserVersion: 11, pageLoadStrategy: normal, platformName: windows, proxy: Proxy(), se:ieOptions: {browserAttachTimeout: 0, elementScrollBehavior: 0, enablePersistentHover: false, ie.browserCommandLineSwitches: , ie.edgechromium: true, ie.edgepath: C:\Program Files (x86)\Micr..., ie.ensureCleanSession: false, ie.fileUploadDialogTimeout: 3000, ie.forceCreateProcessApi: false, ie.ignoreprocessmatch: false, ignoreProtectedModeSettings: true, ignoreZoomSetting: true, initialBrowserUrl: http://localhost:10770/, nativeEvents: true, requireWindowFocus: true}, setWindowRect: true, strictFileInteractability: false, timeouts: {implicit: 0, pageLoad: 300000, script: 30000}, unhandledPromptBehavior: dismiss and notify}
Session ID: bd032a72-2353-4f15-8cc7-4fa823a4336c
	at org.openqa.selenium.remote.ErrorCodec.decode(ErrorCodec.java:167)
	at org.openqa.selenium.remote.codec.w3c.W3CHttpResponseCodec.decode(W3CHttpResponseCodec.java:138)
	at org.openqa.selenium.remote.codec.w3c.W3CHttpResponseCodec.decode(W3CHttpResponseCodec.java:50)
	at org.openqa.selenium.remote.HttpCommandExecutor.execute(HttpCommandExecutor.java:215)
	at org.openqa.selenium.remote.service.DriverCommandExecutor.invokeExecute(DriverCommandExecutor.java:216)
	at org.openqa.selenium.remote.service.DriverCommandExecutor.execute(DriverCommandExecutor.java:174)
	at org.openqa.selenium.remote.RemoteWebDriver.execute(RemoteWebDriver.java:545)
	at org.openqa.selenium.remote.ElementLocation$ElementFinder$2.findElement(ElementLocation.java:165)
	at org.openqa.selenium.remote.ElementLocation.findElement(ElementLocation.java:59)
	at org.openqa.selenium.remote.RemoteWebDriver.findElement(RemoteWebDriver.java:368)
	at org.openqa.selenium.remote.RemoteWebDriver.findElement(RemoteWebDriver.java:362)
	at org.openqa.selenium.support.ui.ExpectedConditions$6.apply(ExpectedConditions.java:171)
	at org.openqa.selenium.support.ui.ExpectedConditions$6.apply(ExpectedConditions.java:168)
	at org.openqa.selenium.support.ui.FluentWait.until(FluentWait.java:203)
	... 59 more
... Removed 59 stack frames
</div> <!-- stack-trace -->
                </div> <!-- method-content -->
              </div> <!-- method -->
            </div> <!-- main-panel-content rounded-window-bottom -->
          </div> <!-- suite-ScheduledPaymentCreationSuite-class-failed -->
        </div> <!-- panel ScheduledPaymentCreationSuite -->
        <div panel-name="test-xml-ScheduledPaymentCreationSuite" class="panel">
          <div class="main-panel-header rounded-window-top">
          </div> <!-- main-panel-header rounded-window-top -->
          <div class="main-panel-content rounded-window-bottom">
            <pre>
&lt;?xml version=&quot;1.0&quot; encoding=&quot;UTF-8&quot;?&gt;
&lt;!DOCTYPE suite SYSTEM &quot;https://testng.org/testng-1.0.dtd&quot;&gt;
&lt;suite name=&quot;ScheduledPaymentCreationSuite&quot;&gt;
  &lt;test thread-count=&quot;5&quot; name=&quot;ScheduledPaymentStepsExecution&quot;&gt;
    &lt;classes&gt;
      &lt;class name=&quot;NegativeTestCase.Testscheduledpaymentofmigratedaccounts&quot;/&gt;
      &lt;class name=&quot;NegativeTestCase.VerifyTestScheduleforMigratedAccounts&quot;/&gt;
    &lt;/classes&gt;
  &lt;/test&gt; &lt;!-- ScheduledPaymentStepsExecution --&gt;
&lt;/suite&gt; &lt;!-- ScheduledPaymentCreationSuite --&gt;
            </pre>
          </div> <!-- main-panel-content rounded-window-bottom -->
        </div> <!-- panel -->
        <div panel-name="testlist-ScheduledPaymentCreationSuite" class="panel">
          <div class="main-panel-header rounded-window-top">
            <span class="header-content">Tests for ScheduledPaymentCreationSuite</span>
          </div> <!-- main-panel-header rounded-window-top -->
          <div class="main-panel-content rounded-window-bottom">
            <ul>
              <li>
                <span class="test-name">ScheduledPaymentStepsExecution (2 classes)</span>
              </li>
            </ul>
          </div> <!-- main-panel-content rounded-window-bottom -->
        </div> <!-- panel -->
        <div panel-name="group-ScheduledPaymentCreationSuite" class="panel">
          <div class="main-panel-header rounded-window-top">
            <span class="header-content">Groups for ScheduledPaymentCreationSuite</span>
          </div> <!-- main-panel-header rounded-window-top -->
          <div class="main-panel-content rounded-window-bottom">
          </div> <!-- main-panel-content rounded-window-bottom -->
        </div> <!-- panel -->
        <div panel-name="times-ScheduledPaymentCreationSuite" class="panel">
          <div class="main-panel-header rounded-window-top">
            <span class="header-content">Times for ScheduledPaymentCreationSuite</span>
          </div> <!-- main-panel-header rounded-window-top -->
          <div class="main-panel-content rounded-window-bottom">
            <div class="times-div">
              <script type="text/javascript">
suiteTableInitFunctions.push('tableData_ScheduledPaymentCreationSuite');
function tableData_ScheduledPaymentCreationSuite() {
var data = new google.visualization.DataTable();
data.addColumn('number', 'Number');
data.addColumn('string', 'Method');
data.addColumn('string', 'Class');
data.addColumn('number', 'Time (ms)');
data.addRows(2);
data.setCell(0, 0, 0)
data.setCell(0, 1, 'CreateLoan')
data.setCell(0, 2, 'NegativeTestCase.Testscheduledpaymentofmigratedaccounts')
data.setCell(0, 3, 24770);
data.setCell(1, 0, 1)
data.setCell(1, 1, 'CreateLoan')
data.setCell(1, 2, 'NegativeTestCase.VerifyTestScheduleforMigratedAccounts')
data.setCell(1, 3, 24666);
window.suiteTableData['ScheduledPaymentCreationSuite']= { tableData: data, tableDiv: 'times-div-ScheduledPaymentCreationSuite'}
return data;
}
              </script>
              <span class="suite-total-time">Total running time: 49 seconds</span>
              <div id="times-div-ScheduledPaymentCreationSuite">
              </div> <!-- times-div-ScheduledPaymentCreationSuite -->
            </div> <!-- times-div -->
          </div> <!-- main-panel-content rounded-window-bottom -->
        </div> <!-- panel -->
        <div panel-name="reporter-ScheduledPaymentCreationSuite" class="panel">
          <div class="main-panel-header rounded-window-top">
            <span class="header-content">Reporter output for ScheduledPaymentCreationSuite</span>
          </div> <!-- main-panel-header rounded-window-top -->
          <div class="main-panel-content rounded-window-bottom">
          </div> <!-- main-panel-content rounded-window-bottom -->
        </div> <!-- panel -->
        <div panel-name="ignored-methods-ScheduledPaymentCreationSuite" class="panel">
          <div class="main-panel-header rounded-window-top">
            <span class="header-content">0 ignored methods</span>
          </div> <!-- main-panel-header rounded-window-top -->
          <div class="main-panel-content rounded-window-bottom">
          </div> <!-- main-panel-content rounded-window-bottom -->
        </div> <!-- panel -->
        <div panel-name="chronological-ScheduledPaymentCreationSuite" class="panel">
          <div class="main-panel-header rounded-window-top">
            <span class="header-content">Methods in chronological order</span>
          </div> <!-- main-panel-header rounded-window-top -->
          <div class="main-panel-content rounded-window-bottom">
            <div class="chronological-class">
              <div class="chronological-class-name">NegativeTestCase.Testscheduledpaymentofmigratedaccounts</div> <!-- chronological-class-name -->
              <div class="configuration-class before">
                <span class="method-name">getDriver</span>
                <span class="method-start">0 ms</span>
              </div> <!-- configuration-class before -->
              <div class="configuration-class before">
                <span class="method-name">setup</span>
                <span class="method-start">1 ms</span>
              </div> <!-- configuration-class before -->
              <div class="test-method">
                <img src="failed.png">
                </img>
                <span class="method-name">CreateLoan(RowData{headerMap={TESTCASE=TestScheduleforMigratedAccounts, Account id=50,000, arrDenomCount=, Tran...)</span>
                <span class="method-start">27925 ms</span>
              </div> <!-- test-method -->
            </div> <!-- chronological-class -->
            <div class="chronological-class">
              <div class="chronological-class-name">NegativeTestCase.VerifyTestScheduleforMigratedAccounts</div> <!-- chronological-class-name -->
              <div class="configuration-class before">
                <span class="method-name">getDriver</span>
                <span class="method-start">52712 ms</span>
              </div> <!-- configuration-class before -->
              <div class="configuration-class before">
                <span class="method-name">setup</span>
                <span class="method-start">52713 ms</span>
              </div> <!-- configuration-class before -->
              <div class="test-method">
                <img src="failed.png">
                </img>
                <span class="method-name">CreateLoan(RowData{headerMap={TESTCASE=TestScheduleforMigratedAccounts, Account id=50,000, arrDenomCount=, Tran...)</span>
                <span class="method-start">80627 ms</span>
              </div> <!-- test-method -->
          </div> <!-- main-panel-content rounded-window-bottom -->
        </div> <!-- panel -->
      </div> <!-- main-panel-root -->
    </div> <!-- wrapper -->
  </body>
<script type="text/javascript" src="testng-reports2.js"></script>
</html>
