{"uuid":"c44c5fb5-d50e-442c-b848-1cab0a4d1b7a","historyId":"195be0071378058a720787a87ecbb441","fullName":"TermDeposit.ModifyTermDepositBeforeVerification.Verification","labels":[{"name":"package","value":"TermDeposit.ModifyTermDepositBeforeVerification"},{"name":"testClass","value":"TermDeposit.ModifyTermDepositBeforeVerification"},{"name":"testMethod","value":"Verification"},{"name":"parentSuite","value":"TermDepositCreationSuite"},{"name":"suite","value":"TermDepositExecution"},{"name":"subSuite","value":"TermDeposit.ModifyTermDepositBeforeVerification"},{"name":"host","value":"christina"},{"name":"thread","value":"31092@christina.main(1)"},{"name":"framework","value":"testng"},{"name":"language","value":"java"}],"links":[],"name":"Verification","status":"broken","statusDetails":{"known":false,"muted":false,"flaky":false,"message":"Expected condition failed: waiting for presence of element located by: By.id: menuSelect (tried for 10 second(s) with 500 milliseconds interval)","trace":"org.openqa.selenium.TimeoutException: Expected condition failed: waiting for presence of element located by: By.id: menuSelect (tried for 10 second(s) with 500 milliseconds interval)\r\n\tat org.openqa.selenium.support.ui.WebDriverWait.timeoutException(WebDriverWait.java:84)\r\n\tat org.openqa.selenium.support.ui.FluentWait.until(FluentWait.java:228)\r\n\tat TermDeposit.ModifyTermDepositBeforeVerification.Verification(ModifyTermDepositBeforeVerification.java:52)\r\n\tat java.base/jdk.internal.reflect.NativeMethodAccessorImpl.invoke0(Native Method)\r\n\tat java.base/jdk.internal.reflect.NativeMethodAccessorImpl.invoke(NativeMethodAccessorImpl.java:77)\r\n\tat java.base/jdk.internal.reflect.DelegatingMethodAccessorImpl.invoke(DelegatingMethodAccessorImpl.java:43)\r\n\tat java.base/java.lang.reflect.Method.invoke(Method.java:568)\r\n\tat org.testng.internal.invokers.MethodInvocationHelper.invokeMethod(MethodInvocationHelper.java:141)\r\n\tat org.testng.internal.invokers.TestInvoker.invokeMethod(TestInvoker.java:687)\r\n\tat org.testng.internal.invokers.TestInvoker.invokeTestMethod(TestInvoker.java:230)\r\n\tat org.testng.internal.invokers.MethodRunner.runInSequence(MethodRunner.java:63)\r\n\tat org.testng.internal.invokers.TestInvoker$MethodInvocationAgent.invoke(TestInvoker.java:995)\r\n\tat org.testng.internal.invokers.TestInvoker.invokeTestMethods(TestInvoker.java:203)\r\n\tat org.testng.internal.invokers.TestMethodWorker.invokeTestMethods(TestMethodWorker.java:154)\r\n\tat org.testng.internal.invokers.TestMethodWorker.run(TestMethodWorker.java:134)\r\n\tat java.base/java.util.ArrayList.forEach(ArrayList.java:1511)\r\n\tat org.testng.TestRunner.privateRun(TestRunner.java:741)\r\n\tat org.testng.TestRunner.run(TestRunner.java:616)\r\n\tat org.testng.SuiteRunner.runTest(SuiteRunner.java:421)\r\n\tat org.testng.SuiteRunner.runSequentially(SuiteRunner.java:413)\r\n\tat org.testng.SuiteRunner.privateRun(SuiteRunner.java:373)\r\n\tat org.testng.SuiteRunner.run(SuiteRunner.java:312)\r\n\tat org.testng.SuiteRunnerWorker.runSuite(SuiteRunnerWorker.java:52)\r\n\tat org.testng.SuiteRunnerWorker.run(SuiteRunnerWorker.java:95)\r\n\tat org.testng.TestNG.runSuitesSequentially(TestNG.java:1274)\r\n\tat org.testng.TestNG.runSuitesLocally(TestNG.java:1208)\r\n\tat org.testng.TestNG.runSuites(TestNG.java:1112)\r\n\tat org.testng.TestNG.run(TestNG.java:1079)\r\n\tat TestCases.TC03_TermDeposit.runTestSuiteInOrder(TC03_TermDeposit.java:63)\r\n\tat java.base/jdk.internal.reflect.NativeMethodAccessorImpl.invoke0(Native Method)\r\n\tat java.base/jdk.internal.reflect.NativeMethodAccessorImpl.invoke(NativeMethodAccessorImpl.java:77)\r\n\tat java.base/jdk.internal.reflect.DelegatingMethodAccessorImpl.invoke(DelegatingMethodAccessorImpl.java:43)\r\n\tat java.base/java.lang.reflect.Method.invoke(Method.java:568)\r\n\tat org.testng.internal.invokers.MethodInvocationHelper.invokeMethod(MethodInvocationHelper.java:141)\r\n\tat org.testng.internal.invokers.TestInvoker.invokeMethod(TestInvoker.java:687)\r\n\tat org.testng.internal.invokers.TestInvoker.invokeTestMethod(TestInvoker.java:230)\r\n\tat org.testng.internal.invokers.MethodRunner.runInSequence(MethodRunner.java:63)\r\n\tat org.testng.internal.invokers.TestInvoker$MethodInvocationAgent.invoke(TestInvoker.java:995)\r\n\tat org.testng.internal.invokers.TestInvoker.invokeTestMethods(TestInvoker.java:203)\r\n\tat org.testng.internal.invokers.TestMethodWorker.invokeTestMethods(TestMethodWorker.java:154)\r\n\tat org.testng.internal.invokers.TestMethodWorker.run(TestMethodWorker.java:134)\r\n\tat java.base/java.util.ArrayList.forEach(ArrayList.java:1511)\r\n\tat org.testng.TestRunner.privateRun(TestRunner.java:741)\r\n\tat org.testng.TestRunner.run(TestRunner.java:616)\r\n\tat org.testng.SuiteRunner.runTest(SuiteRunner.java:421)\r\n\tat org.testng.SuiteRunner.runSequentially(SuiteRunner.java:413)\r\n\tat org.testng.SuiteRunner.privateRun(SuiteRunner.java:373)\r\n\tat org.testng.SuiteRunner.run(SuiteRunner.java:312)\r\n\tat org.testng.SuiteRunnerWorker.runSuite(SuiteRunnerWorker.java:52)\r\n\tat org.testng.SuiteRunnerWorker.run(SuiteRunnerWorker.java:95)\r\n\tat org.testng.TestNG.runSuitesSequentially(TestNG.java:1274)\r\n\tat org.testng.TestNG.runSuitesLocally(TestNG.java:1208)\r\n\tat org.testng.TestNG.runSuites(TestNG.java:1112)\r\n\tat org.testng.TestNG.run(TestNG.java:1079)\r\n\tat org.apache.maven.surefire.testng.TestNGExecutor.run(TestNGExecutor.java:308)\r\n\tat org.apache.maven.surefire.testng.TestNGXmlTestSuite.execute(TestNGXmlTestSuite.java:71)\r\n\tat org.apache.maven.surefire.testng.TestNGProvider.invoke(TestNGProvider.java:113)\r\n\tat org.apache.maven.surefire.booter.ForkedBooter.runSuitesInProcess(ForkedBooter.java:385)\r\n\tat org.apache.maven.surefire.booter.ForkedBooter.execute(ForkedBooter.java:162)\r\n\tat org.apache.maven.surefire.booter.ForkedBooter.run(ForkedBooter.java:507)\r\n\tat org.apache.maven.surefire.booter.ForkedBooter.main(ForkedBooter.java:495)\r\nCaused by: org.openqa.selenium.NoSuchElementException: Unable to find element with css selector == #menuSelect\nFor documentation on this error, please visit: https://www.selenium.dev/documentation/webdriver/troubleshooting/errors#no-such-element-exception\nBuild info: version: '4.29.0', revision: '5fc1ec94cb'\nSystem info: os.name: 'Windows 11', os.arch: 'amd64', os.version: '10.0', java.version: '17.0.12'\nDriver info: org.openqa.selenium.ie.InternetExplorerDriver\nCommand: [2d9053b8-6691-4e65-aede-28cd2183b5fb, findElement {using=id, value=menuSelect}]\nCapabilities {acceptInsecureCerts: false, browserName: internet explorer, browserVersion: 11, pageLoadStrategy: normal, platformName: windows, proxy: Proxy(), se:ieOptions: {browserAttachTimeout: 0, elementScrollBehavior: 0, enablePersistentHover: false, ie.browserCommandLineSwitches: , ie.edgechromium: true, ie.edgepath: C:\\Program Files (x86)\\Micr..., ie.ensureCleanSession: false, ie.fileUploadDialogTimeout: 3000, ie.forceCreateProcessApi: false, ie.ignoreprocessmatch: false, ignoreProtectedModeSettings: true, ignoreZoomSetting: true, initialBrowserUrl: http://localhost:33236/, nativeEvents: true, requireWindowFocus: true}, setWindowRect: true, strictFileInteractability: false, timeouts: {implicit: 0, pageLoad: 300000, script: 30000}, unhandledPromptBehavior: dismiss and notify}\nSession ID: 2d9053b8-6691-4e65-aede-28cd2183b5fb\r\n\tat java.base/jdk.internal.reflect.NativeConstructorAccessorImpl.newInstance0(Native Method)\r\n\tat java.base/jdk.internal.reflect.NativeConstructorAccessorImpl.newInstance(NativeConstructorAccessorImpl.java:77)\r\n\tat java.base/jdk.internal.reflect.DelegatingConstructorAccessorImpl.newInstance(DelegatingConstructorAccessorImpl.java:45)\r\n\tat java.base/java.lang.reflect.Constructor.newInstanceWithCaller(Constructor.java:499)\r\n\tat java.base/java.lang.reflect.Constructor.newInstance(Constructor.java:480)\r\n\tat org.openqa.selenium.remote.ErrorCodec.decode(ErrorCodec.java:167)\r\n\tat org.openqa.selenium.remote.codec.w3c.W3CHttpResponseCodec.decode(W3CHttpResponseCodec.java:138)\r\n\tat org.openqa.selenium.remote.codec.w3c.W3CHttpResponseCodec.decode(W3CHttpResponseCodec.java:50)\r\n\tat org.openqa.selenium.remote.HttpCommandExecutor.execute(HttpCommandExecutor.java:215)\r\n\tat org.openqa.selenium.remote.service.DriverCommandExecutor.invokeExecute(DriverCommandExecutor.java:216)\r\n\tat org.openqa.selenium.remote.service.DriverCommandExecutor.execute(DriverCommandExecutor.java:174)\r\n\tat org.openqa.selenium.remote.RemoteWebDriver.execute(RemoteWebDriver.java:545)\r\n\tat org.openqa.selenium.remote.ElementLocation$ElementFinder$2.findElement(ElementLocation.java:165)\r\n\tat org.openqa.selenium.remote.ElementLocation.findElement(ElementLocation.java:59)\r\n\tat org.openqa.selenium.remote.RemoteWebDriver.findElement(RemoteWebDriver.java:368)\r\n\tat org.openqa.selenium.remote.RemoteWebDriver.findElement(RemoteWebDriver.java:362)\r\n\tat org.openqa.selenium.support.ui.ExpectedConditions$6.apply(ExpectedConditions.java:171)\r\n\tat org.openqa.selenium.support.ui.ExpectedConditions$6.apply(ExpectedConditions.java:168)\r\n\tat org.openqa.selenium.support.ui.FluentWait.until(FluentWait.java:203)\r\n\t... 59 more\r\n"},"stage":"finished","steps":[],"attachments":[],"parameters":[{"name":"arg1","value":"RowData{headerMap={GL Code=, dueDate=, TestCaseName=ModifyTheAccounDetails, relation=, repayAcct=, GuardianCode=, natAdv=001, relnCode=, modeOfOperCode=, nomPcnt=, operAcct=, maxRenew=, Advance Type=42, SchmCode=, 2 nd NomineeCifId=, pegFreqMnths=, DepositPeriod=12, relativeStaffId=, docCode=001, City=, Created_AccountID=, AddressLine2=, modeAdv=001, AddressLine1=, Address Type  =, State=, NomineeCifId=, Country=, Second RelatedPartyflg=, Title =, sectCode=111, acctOpenDate_ui=, docScanFlg=S - Scanned, renewSchm=, renewCrncy=, PostalCode=, occCode=002, relnType=, renewMths=, maturityDate_ui=11-10-2024, Second Nominee =, Menu=HOAACMTD, acctPrefIntCr=, depAmt=90,000.00, CIF ID=, autoClosureFlg=, pegFreqDay=, GuardianName=, Nominee Minor=, custPrefIntCr=, 2 nd Relationship=, funcode=, regValue=, 2 nd Nomination Pcnt.=, valueDate_ui=, chanPrefIntCr=, subSectCode=111, RenewalClosureRadioButton=, Address Line 1=, renewGLSubHead=}, indexList=[ModifyTheAccounDetails, HOAACMTD, M, , , , , , , , , , , , 90,000.00, 12, 11-10-2024, , , , , , , , , , , , , , , , , , , , , , , , , , , , , , , , , , , 001, , S - Scanned, 111, 111, 002, 001, 42, 001, , ]}"},{"name":"arg0","value":"RowData{headerMap={GL Code=, dueDate=11/10/2023, TestCaseName=CreateTDAccountWithAllFields, relation=001, repayAcct=0003LN510085, GuardianCode=, natAdv=001, relnCode=11, modeOfOperCode=ADM, nomPcnt=100, operAcct=CRBAL, maxRenew=2, Advance Type=42, SchmCode=1404, 2 nd NomineeCifId=, pegFreqMnths=03, DepositPeriod=12, relativeStaffId=15, docCode=ADHAR, City=, Created_AccountID=003140400000034, AddressLine2=, modeAdv=DIRCT, AddressLine1=KERALA, Address Type  =Home, State=, NomineeCifId=R0003533, Country=, Second RelatedPartyflg=Y, Title =MR, sectCode=AGRI, acctOpenDate_ui=11/10/2023, docScanFlg=S - Scanned, renewSchm=, renewCrncy=, PostalCode=, occCode=002, relnType=J - Joint Holder, renewMths=, maturityDate_ui=08-08-2026, Second Nominee =, Menu=HOAACTD, acctPrefIntCr=2, depAmt=50,000.00, CIF ID=R0003867, autoClosureFlg=Y, pegFreqDay=30, GuardianName=, Nominee Minor=N, custPrefIntCr=2, 2 nd Relationship=, funcode=O - Open, regValue=5, 2 nd Nomination Pcnt.=, valueDate_ui=08/07/2019, chanPrefIntCr=1, subSectCode=10010, RenewalClosureRadioButton=No, Address Line 1=chennai, renewGLSubHead=}, indexList=[CreateTDAccountWithAllFields, HOAACTD, R000002384, 1404, , 11/10/2023, ADM, 15, 2, 2, 1, 03, 30, 08/07/2019, 50,000.00, 12, 08-08-2026, 0003LN510085, CRBAL, No, Y, 2, , , , , 5, R0003533, 001, 100, N, , , KERALA, , , , , , , , , , 012, Y, J - Joint Holder, 11, R0003867, MR, Home, chennai, ADHAR, 11/10/2023, S - Scanned, AGRI, 10010, 002, DIRCT, 42, 001, 003140400000034, O - Open]}"}],"start":1760079830109,"stop":1760079846670}