<?xml version="1.0" encoding="UTF-8"?>
<testng-results ignored="0" total="3" passed="0" failed="2" skipped="1">
  <reporter-output>
  </reporter-output>
  <suite started-at="2025-10-10T16:26:57 IST" name="TermDepositCreationSuite" finished-at="2025-10-10T16:30:19 IST" duration-ms="202099">
    <groups>
    </groups>
    <test started-at="2025-10-10T16:26:57 IST" name="TermDepositExecution" finished-at="2025-10-10T16:30:19 IST" duration-ms="202099">
      <class name="TermDeposit.ModifyTermDepositBeforeVerification">
        <test-method is-config="true" signature="getDriver()[pri:0, instance:TermDeposit.ModifyTermDepositBeforeVerification@58399d82]" started-at="2025-10-10T16:30:01 IST" name="getDriver" finished-at="2025-10-10T16:30:01 IST" duration-ms="2" status="PASS">
          <reporter-output>
          </reporter-output>
        </test-method> <!-- getDriver -->
        <test-method signature="Verification(Utilities.RowData,Utilities.RowData)[pri:0, instance:TermDeposit.ModifyTermDepositBeforeVerification@58399d82]" started-at="2025-10-10T16:30:01 IST" name="Verification" data-provider="testcase" finished-at="2025-10-10T16:30:19 IST" duration-ms="17509" status="FAIL">
          <params>
            <param index="0">
              <value>
                <![CDATA[RowData{headerMap={GL Code=, dueDate=11/10/2023, TestCaseName=CreateTDAccountWithAllFields, relation=001, repayAcct=0003LN510085, GuardianCode=, natAdv=001, relnCode=11, modeOfOperCode=ADM, nomPcnt=100, operAcct=CRBAL, maxRenew=2, Advance Type=42, SchmCode=1404, 2 nd NomineeCifId=, pegFreqMnths=03, DepositPeriod=12, relativeStaffId=15, docCode=ADHAR, City=, Created_AccountID=003140400000034, AddressLine2=, modeAdv=DIRCT, AddressLine1=KERALA, Address Type  =Home, State=, NomineeCifId=R0003533, Country=, Second RelatedPartyflg=Y, Title =MR, sectCode=AGRI, acctOpenDate_ui=11/10/2023, docScanFlg=S - Scanned, renewSchm=, renewCrncy=, PostalCode=, occCode=002, relnType=J - Joint Holder, renewMths=, maturityDate_ui=08-08-2026, Second Nominee =, Menu=HOAACTD, acctPrefIntCr=2, depAmt=50,000.00, CIF ID=R0003867, autoClosureFlg=Y, pegFreqDay=30, GuardianName=, Nominee Minor=N, custPrefIntCr=2, 2 nd Relationship=, funcode=O - Open, regValue=5, 2 nd Nomination Pcnt.=, valueDate_ui=08/07/2019, chanPrefIntCr=1, subSectCode=10010, RenewalClosureRadioButton=No, Address Line 1=chennai, renewGLSubHead=}, indexList=[CreateTDAccountWithAllFields, HOAACTD, R000002384, 1404, , 11/10/2023, ADM, 15, 2, 2, 1, 03, 30, 08/07/2019, 50,000.00, 12, 08-08-2026, 0003LN510085, CRBAL, No, Y, 2, , , , , 5, R0003533, 001, 100, N, , , KERALA, , , , , , , , , , 012, Y, J - Joint Holder, 11, R0003867, MR, Home, chennai, ADHAR, 11/10/2023, S - Scanned, AGRI, 10010, 002, DIRCT, 42, 001, 003140400000034, O - Open]}]]>
              </value>
            </param>
            <param index="1">
              <value>
                <![CDATA[RowData{headerMap={GL Code=, dueDate=, TestCaseName=ModifyTheAccounDetails, relation=, repayAcct=, GuardianCode=, natAdv=001, relnCode=, modeOfOperCode=, nomPcnt=, operAcct=, maxRenew=, Advance Type=42, SchmCode=, 2 nd NomineeCifId=, pegFreqMnths=, DepositPeriod=12, relativeStaffId=, docCode=001, City=, Created_AccountID=, AddressLine2=, modeAdv=001, AddressLine1=, Address Type  =, State=, NomineeCifId=, Country=, Second RelatedPartyflg=, Title =, sectCode=111, acctOpenDate_ui=, docScanFlg=S - Scanned, renewSchm=, renewCrncy=, PostalCode=, occCode=002, relnType=, renewMths=, maturityDate_ui=11-10-2024, Second Nominee =, Menu=HOAACMTD, acctPrefIntCr=, depAmt=90,000.00, CIF ID=, autoClosureFlg=, pegFreqDay=, GuardianName=, Nominee Minor=, custPrefIntCr=, 2 nd Relationship=, funcode=, regValue=, 2 nd Nomination Pcnt.=, valueDate_ui=, chanPrefIntCr=, subSectCode=111, RenewalClosureRadioButton=, Address Line 1=, renewGLSubHead=}, indexList=[ModifyTheAccounDetails, HOAACMTD, M, , , , , , , , , , , , 90,000.00, 12, 11-10-2024, , , , , , , , , , , , , , , , , , , , , , , , , , , , , , , , , , , 001, , S - Scanned, 111, 111, 002, 001, 42, 001, , ]}]]>
              </value>
            </param>
          </params>
          <exception class="org.openqa.selenium.TimeoutException">
            <message>
              <![CDATA[Expected condition failed: waiting for visibility of element located by By.id: tempForacid (tried for 10 second(s) with 500 milliseconds interval)
Build info: version: '4.29.0', revision: '5fc1ec94cb'
System info: os.name: 'Windows 11', os.arch: 'amd64', os.version: '10.0', java.version: '17.0.12'
Driver info: org.openqa.selenium.ie.InternetExplorerDriver
Capabilities {acceptInsecureCerts: false, browserName: internet explorer, browserVersion: 11, pageLoadStrategy: normal, platformName: windows, proxy: Proxy(), se:ieOptions: {browserAttachTimeout: 0, elementScrollBehavior: 0, enablePersistentHover: false, ie.browserCommandLineSwitches: , ie.edgechromium: true, ie.edgepath: C:\Program Files (x86)\Micr..., ie.ensureCleanSession: false, ie.fileUploadDialogTimeout: 3000, ie.forceCreateProcessApi: false, ie.ignoreprocessmatch: false, ignoreProtectedModeSettings: true, ignoreZoomSetting: true, initialBrowserUrl: http://localhost:7405/, nativeEvents: true, requireWindowFocus: true}, setWindowRect: true, strictFileInteractability: false, timeouts: {implicit: 0, pageLoad: 300000, script: 30000}, unhandledPromptBehavior: dismiss and notify}
Session ID: a97ac340-60cd-44d9-a74e-50c3b97daf32]]>
            </message>
            <full-stacktrace>
              <![CDATA[org.openqa.selenium.TimeoutException: Expected condition failed: waiting for visibility of element located by By.id: tempForacid (tried for 10 second(s) with 500 milliseconds interval)
Build info: version: '4.29.0', revision: '5fc1ec94cb'
System info: os.name: 'Windows 11', os.arch: 'amd64', os.version: '10.0', java.version: '17.0.12'
Driver info: org.openqa.selenium.ie.InternetExplorerDriver
Capabilities {acceptInsecureCerts: false, browserName: internet explorer, browserVersion: 11, pageLoadStrategy: normal, platformName: windows, proxy: Proxy(), se:ieOptions: {browserAttachTimeout: 0, elementScrollBehavior: 0, enablePersistentHover: false, ie.browserCommandLineSwitches: , ie.edgechromium: true, ie.edgepath: C:\Program Files (x86)\Micr..., ie.ensureCleanSession: false, ie.fileUploadDialogTimeout: 3000, ie.forceCreateProcessApi: false, ie.ignoreprocessmatch: false, ignoreProtectedModeSettings: true, ignoreZoomSetting: true, initialBrowserUrl: http://localhost:7405/, nativeEvents: true, requireWindowFocus: true}, setWindowRect: true, strictFileInteractability: false, timeouts: {implicit: 0, pageLoad: 300000, script: 30000}, unhandledPromptBehavior: dismiss and notify}
Session ID: a97ac340-60cd-44d9-a74e-50c3b97daf32
at org.openqa.selenium.support.ui.WebDriverWait.timeoutException(WebDriverWait.java:84)
at org.openqa.selenium.support.ui.FluentWait.until(FluentWait.java:228)
at TermDeposit.ModifyTermDepositBeforeVerification.Verification(ModifyTermDepositBeforeVerification.java:60)
at java.base/jdk.internal.reflect.NativeMethodAccessorImpl.invoke0(Native Method)
at java.base/jdk.internal.reflect.NativeMethodAccessorImpl.invoke(NativeMethodAccessorImpl.java:77)
at java.base/jdk.internal.reflect.DelegatingMethodAccessorImpl.invoke(DelegatingMethodAccessorImpl.java:43)
at java.base/java.lang.reflect.Method.invoke(Method.java:568)
at org.testng.internal.invokers.MethodInvocationHelper.invokeMethod(MethodInvocationHelper.java:141)
at org.testng.internal.invokers.TestInvoker.invokeMethod(TestInvoker.java:687)
at org.testng.internal.invokers.TestInvoker.invokeTestMethod(TestInvoker.java:230)
at org.testng.internal.invokers.MethodRunner.runInSequence(MethodRunner.java:63)
at org.testng.internal.invokers.TestInvoker$MethodInvocationAgent.invoke(TestInvoker.java:995)
at org.testng.internal.invokers.TestInvoker.invokeTestMethods(TestInvoker.java:203)
at org.testng.internal.invokers.TestMethodWorker.invokeTestMethods(TestMethodWorker.java:154)
at org.testng.internal.invokers.TestMethodWorker.run(TestMethodWorker.java:134)
at java.base/java.util.ArrayList.forEach(ArrayList.java:1511)
at org.testng.TestRunner.privateRun(TestRunner.java:741)
at org.testng.TestRunner.run(TestRunner.java:616)
at org.testng.SuiteRunner.runTest(SuiteRunner.java:421)
at org.testng.SuiteRunner.runSequentially(SuiteRunner.java:413)
at org.testng.SuiteRunner.privateRun(SuiteRunner.java:373)
at org.testng.SuiteRunner.run(SuiteRunner.java:312)
at org.testng.SuiteRunnerWorker.runSuite(SuiteRunnerWorker.java:52)
at org.testng.SuiteRunnerWorker.run(SuiteRunnerWorker.java:95)
at org.testng.TestNG.runSuitesSequentially(TestNG.java:1274)
at org.testng.TestNG.runSuitesLocally(TestNG.java:1208)
at org.testng.TestNG.runSuites(TestNG.java:1112)
at org.testng.TestNG.run(TestNG.java:1079)
at TestCases.TC03_TermDeposit.runTestSuiteInOrder(TC03_TermDeposit.java:63)
at java.base/jdk.internal.reflect.NativeMethodAccessorImpl.invoke0(Native Method)
at java.base/jdk.internal.reflect.NativeMethodAccessorImpl.invoke(NativeMethodAccessorImpl.java:77)
at java.base/jdk.internal.reflect.DelegatingMethodAccessorImpl.invoke(DelegatingMethodAccessorImpl.java:43)
at java.base/java.lang.reflect.Method.invoke(Method.java:568)
at org.testng.internal.invokers.MethodInvocationHelper.invokeMethod(MethodInvocationHelper.java:141)
at org.testng.internal.invokers.TestInvoker.invokeMethod(TestInvoker.java:687)
at org.testng.internal.invokers.TestInvoker.invokeTestMethod(TestInvoker.java:230)
at org.testng.internal.invokers.MethodRunner.runInSequence(MethodRunner.java:63)
at org.testng.internal.invokers.TestInvoker$MethodInvocationAgent.invoke(TestInvoker.java:995)
at org.testng.internal.invokers.TestInvoker.invokeTestMethods(TestInvoker.java:203)
at org.testng.internal.invokers.TestMethodWorker.invokeTestMethods(TestMethodWorker.java:154)
at org.testng.internal.invokers.TestMethodWorker.run(TestMethodWorker.java:134)
at java.base/java.util.ArrayList.forEach(ArrayList.java:1511)
at org.testng.TestRunner.privateRun(TestRunner.java:741)
at org.testng.TestRunner.run(TestRunner.java:616)
at org.testng.SuiteRunner.runTest(SuiteRunner.java:421)
at org.testng.SuiteRunner.runSequentially(SuiteRunner.java:413)
at org.testng.SuiteRunner.privateRun(SuiteRunner.java:373)
at org.testng.SuiteRunner.run(SuiteRunner.java:312)
at org.testng.SuiteRunnerWorker.runSuite(SuiteRunnerWorker.java:52)
at org.testng.SuiteRunnerWorker.run(SuiteRunnerWorker.java:95)
at org.testng.TestNG.runSuitesSequentially(TestNG.java:1274)
at org.testng.TestNG.runSuitesLocally(TestNG.java:1208)
at org.testng.TestNG.runSuites(TestNG.java:1112)
at org.testng.TestNG.run(TestNG.java:1079)
at org.apache.maven.surefire.testng.TestNGExecutor.run(TestNGExecutor.java:308)
at org.apache.maven.surefire.testng.TestNGXmlTestSuite.execute(TestNGXmlTestSuite.java:71)
at org.apache.maven.surefire.testng.TestNGProvider.invoke(TestNGProvider.java:113)
at org.apache.maven.surefire.booter.ForkedBooter.runSuitesInProcess(ForkedBooter.java:385)
at org.apache.maven.surefire.booter.ForkedBooter.execute(ForkedBooter.java:162)
at org.apache.maven.surefire.booter.ForkedBooter.run(ForkedBooter.java:507)
at org.apache.maven.surefire.booter.ForkedBooter.main(ForkedBooter.java:495)
]]>
            </full-stacktrace>
          </exception> <!-- org.openqa.selenium.TimeoutException -->
          <reporter-output>
          </reporter-output>
        </test-method> <!-- Verification -->
      </class> <!-- TermDeposit.ModifyTermDepositBeforeVerification -->
      <class name="TermDeposit.VerificationOfTermDeposit">
        <test-method is-config="true" signature="getDriver()[pri:0, instance:TermDeposit.VerificationOfTermDeposit@26f96b85]" started-at="2025-10-10T16:30:19 IST" name="getDriver" finished-at="2025-10-10T16:30:19 IST" duration-ms="1" status="PASS">
          <reporter-output>
          </reporter-output>
        </test-method> <!-- getDriver -->
        <test-method is-config="true" signature="setup()[pri:0, instance:TermDeposit.VerificationOfTermDeposit@26f96b85]" started-at="2025-10-10T16:30:19 IST" name="setup" finished-at="2025-10-10T16:30:19 IST" duration-ms="111" status="FAIL">
          <exception class="org.openqa.selenium.UnhandledAlertException">
            <message>
              <![CDATA[Modal dialog present with text: Invoking the menu results in loss of all entered data.: Invoking the menu results in loss of all entered data.
Build info: version: '4.29.0', revision: '5fc1ec94cb'
System info: os.name: 'Windows 11', os.arch: 'amd64', os.version: '10.0', java.version: '17.0.12'
Driver info: org.openqa.selenium.ie.InternetExplorerDriver
Command: [a97ac340-60cd-44d9-a74e-50c3b97daf32, get {url=https://bbssl19.bbssl.com:33333/fininfra/ui/SSOLogin.jsp}]
Capabilities {acceptInsecureCerts: false, browserName: internet explorer, browserVersion: 11, pageLoadStrategy: normal, platformName: windows, proxy: Proxy(), se:ieOptions: {browserAttachTimeout: 0, elementScrollBehavior: 0, enablePersistentHover: false, ie.browserCommandLineSwitches: , ie.edgechromium: true, ie.edgepath: C:\Program Files (x86)\Micr..., ie.ensureCleanSession: false, ie.fileUploadDialogTimeout: 3000, ie.forceCreateProcessApi: false, ie.ignoreprocessmatch: false, ignoreProtectedModeSettings: true, ignoreZoomSetting: true, initialBrowserUrl: http://localhost:7405/, nativeEvents: true, requireWindowFocus: true}, setWindowRect: true, strictFileInteractability: false, timeouts: {implicit: 0, pageLoad: 300000, script: 30000}, unhandledPromptBehavior: dismiss and notify}
Session ID: a97ac340-60cd-44d9-a74e-50c3b97daf32]]>
            </message>
            <full-stacktrace>
              <![CDATA[org.openqa.selenium.UnhandledAlertException: Modal dialog present with text: Invoking the menu results in loss of all entered data.: Invoking the menu results in loss of all entered data.
Build info: version: '4.29.0', revision: '5fc1ec94cb'
System info: os.name: 'Windows 11', os.arch: 'amd64', os.version: '10.0', java.version: '17.0.12'
Driver info: org.openqa.selenium.ie.InternetExplorerDriver
Command: [a97ac340-60cd-44d9-a74e-50c3b97daf32, get {url=https://bbssl19.bbssl.com:33333/fininfra/ui/SSOLogin.jsp}]
Capabilities {acceptInsecureCerts: false, browserName: internet explorer, browserVersion: 11, pageLoadStrategy: normal, platformName: windows, proxy: Proxy(), se:ieOptions: {browserAttachTimeout: 0, elementScrollBehavior: 0, enablePersistentHover: false, ie.browserCommandLineSwitches: , ie.edgechromium: true, ie.edgepath: C:\Program Files (x86)\Micr..., ie.ensureCleanSession: false, ie.fileUploadDialogTimeout: 3000, ie.forceCreateProcessApi: false, ie.ignoreprocessmatch: false, ignoreProtectedModeSettings: true, ignoreZoomSetting: true, initialBrowserUrl: http://localhost:7405/, nativeEvents: true, requireWindowFocus: true}, setWindowRect: true, strictFileInteractability: false, timeouts: {implicit: 0, pageLoad: 300000, script: 30000}, unhandledPromptBehavior: dismiss and notify}
Session ID: a97ac340-60cd-44d9-a74e-50c3b97daf32
at org.openqa.selenium.remote.codec.w3c.W3CHttpResponseCodec.decode(W3CHttpResponseCodec.java:136)
at org.openqa.selenium.remote.codec.w3c.W3CHttpResponseCodec.decode(W3CHttpResponseCodec.java:50)
at org.openqa.selenium.remote.HttpCommandExecutor.execute(HttpCommandExecutor.java:215)
at org.openqa.selenium.remote.service.DriverCommandExecutor.invokeExecute(DriverCommandExecutor.java:216)
at org.openqa.selenium.remote.service.DriverCommandExecutor.execute(DriverCommandExecutor.java:174)
at org.openqa.selenium.remote.RemoteWebDriver.execute(RemoteWebDriver.java:545)
at org.openqa.selenium.remote.RemoteWebDriver.get(RemoteWebDriver.java:313)
at Base.DriverManager.login(DriverManager.java:46)
at TermDeposit.VerificationOfTermDeposit.setup(VerificationOfTermDeposit.java:46)
at java.base/jdk.internal.reflect.NativeMethodAccessorImpl.invoke0(Native Method)
at java.base/jdk.internal.reflect.NativeMethodAccessorImpl.invoke(NativeMethodAccessorImpl.java:77)
at java.base/jdk.internal.reflect.DelegatingMethodAccessorImpl.invoke(DelegatingMethodAccessorImpl.java:43)
at java.base/java.lang.reflect.Method.invoke(Method.java:568)
at org.testng.internal.invokers.MethodInvocationHelper.invokeMethod(MethodInvocationHelper.java:141)
at org.testng.internal.invokers.MethodInvocationHelper.invokeMethodConsideringTimeout(MethodInvocationHelper.java:71)
at org.testng.internal.invokers.ConfigInvoker.invokeConfigurationMethod(ConfigInvoker.java:400)
at org.testng.internal.invokers.ConfigInvoker.invokeConfigurations(ConfigInvoker.java:333)
at org.testng.internal.invokers.TestMethodWorker.invokeBeforeClassMethods(TestMethodWorker.java:188)
at org.testng.internal.invokers.TestMethodWorker.run(TestMethodWorker.java:128)
at java.base/java.util.ArrayList.forEach(ArrayList.java:1511)
at org.testng.TestRunner.privateRun(TestRunner.java:741)
at org.testng.TestRunner.run(TestRunner.java:616)
at org.testng.SuiteRunner.runTest(SuiteRunner.java:421)
at org.testng.SuiteRunner.runSequentially(SuiteRunner.java:413)
at org.testng.SuiteRunner.privateRun(SuiteRunner.java:373)
at org.testng.SuiteRunner.run(SuiteRunner.java:312)
at org.testng.SuiteRunnerWorker.runSuite(SuiteRunnerWorker.java:52)
at org.testng.SuiteRunnerWorker.run(SuiteRunnerWorker.java:95)
at org.testng.TestNG.runSuitesSequentially(TestNG.java:1274)
at org.testng.TestNG.runSuitesLocally(TestNG.java:1208)
at org.testng.TestNG.runSuites(TestNG.java:1112)
at org.testng.TestNG.run(TestNG.java:1079)
at TestCases.TC03_TermDeposit.runTestSuiteInOrder(TC03_TermDeposit.java:63)
at java.base/jdk.internal.reflect.NativeMethodAccessorImpl.invoke0(Native Method)
at java.base/jdk.internal.reflect.NativeMethodAccessorImpl.invoke(NativeMethodAccessorImpl.java:77)
at java.base/jdk.internal.reflect.DelegatingMethodAccessorImpl.invoke(DelegatingMethodAccessorImpl.java:43)
at java.base/java.lang.reflect.Method.invoke(Method.java:568)
at org.testng.internal.invokers.MethodInvocationHelper.invokeMethod(MethodInvocationHelper.java:141)
at org.testng.internal.invokers.TestInvoker.invokeMethod(TestInvoker.java:687)
at org.testng.internal.invokers.TestInvoker.invokeTestMethod(TestInvoker.java:230)
at org.testng.internal.invokers.MethodRunner.runInSequence(MethodRunner.java:63)
at org.testng.internal.invokers.TestInvoker$MethodInvocationAgent.invoke(TestInvoker.java:995)
at org.testng.internal.invokers.TestInvoker.invokeTestMethods(TestInvoker.java:203)
at org.testng.internal.invokers.TestMethodWorker.invokeTestMethods(TestMethodWorker.java:154)
at org.testng.internal.invokers.TestMethodWorker.run(TestMethodWorker.java:134)
at java.base/java.util.ArrayList.forEach(ArrayList.java:1511)
at org.testng.TestRunner.privateRun(TestRunner.java:741)
at org.testng.TestRunner.run(TestRunner.java:616)
at org.testng.SuiteRunner.runTest(SuiteRunner.java:421)
at org.testng.SuiteRunner.runSequentially(SuiteRunner.java:413)
at org.testng.SuiteRunner.privateRun(SuiteRunner.java:373)
at org.testng.SuiteRunner.run(SuiteRunner.java:312)
at org.testng.SuiteRunnerWorker.runSuite(SuiteRunnerWorker.java:52)
at org.testng.SuiteRunnerWorker.run(SuiteRunnerWorker.java:95)
at org.testng.TestNG.runSuitesSequentially(TestNG.java:1274)
at org.testng.TestNG.runSuitesLocally(TestNG.java:1208)
at org.testng.TestNG.runSuites(TestNG.java:1112)
at org.testng.TestNG.run(TestNG.java:1079)
at org.apache.maven.surefire.testng.TestNGExecutor.run(TestNGExecutor.java:308)
at org.apache.maven.surefire.testng.TestNGXmlTestSuite.execute(TestNGXmlTestSuite.java:71)
at org.apache.maven.surefire.testng.TestNGProvider.invoke(TestNGProvider.java:113)
at org.apache.maven.surefire.booter.ForkedBooter.runSuitesInProcess(ForkedBooter.java:385)
at org.apache.maven.surefire.booter.ForkedBooter.execute(ForkedBooter.java:162)
at org.apache.maven.surefire.booter.ForkedBooter.run(ForkedBooter.java:507)
at org.apache.maven.surefire.booter.ForkedBooter.main(ForkedBooter.java:495)
]]>
            </full-stacktrace>
          </exception> <!-- org.openqa.selenium.UnhandledAlertException -->
          <reporter-output>
          </reporter-output>
        </test-method> <!-- setup -->
        <test-method signature="VerifyTDAccount(Utilities.RowData,Utilities.RowData)[pri:0, instance:TermDeposit.VerificationOfTermDeposit@26f96b85]" started-at="2025-10-10T16:30:19 IST" name="VerifyTDAccount" data-provider="testcase" finished-at="2025-10-10T16:30:19 IST" duration-ms="1" status="SKIP">
          <params>
            <param index="0">
              <value>
                <![CDATA[RowData{headerMap={GL Code=, dueDate=11/10/2023, TestCaseName=CreateTDAccountWithAllFields, relation=001, repayAcct=0003LN510085, GuardianCode=, natAdv=001, relnCode=11, modeOfOperCode=ADM, nomPcnt=100, operAcct=CRBAL, maxRenew=2, Advance Type=42, SchmCode=1404, 2 nd NomineeCifId=, pegFreqMnths=03, DepositPeriod=12, relativeStaffId=15, docCode=ADHAR, City=, Created_AccountID=003140400000034, AddressLine2=, modeAdv=DIRCT, AddressLine1=KERALA, Address Type  =Home, State=, NomineeCifId=R0003533, Country=, Second RelatedPartyflg=Y, Title =MR, sectCode=AGRI, acctOpenDate_ui=11/10/2023, docScanFlg=S - Scanned, renewSchm=, renewCrncy=, PostalCode=, occCode=002, relnType=J - Joint Holder, renewMths=, maturityDate_ui=08-08-2026, Second Nominee =, Menu=HOAACTD, acctPrefIntCr=2, depAmt=50,000.00, CIF ID=R0003867, autoClosureFlg=Y, pegFreqDay=30, GuardianName=, Nominee Minor=N, custPrefIntCr=2, 2 nd Relationship=, funcode=O - Open, regValue=5, 2 nd Nomination Pcnt.=, valueDate_ui=08/07/2019, chanPrefIntCr=1, subSectCode=10010, RenewalClosureRadioButton=No, Address Line 1=chennai, renewGLSubHead=}, indexList=[CreateTDAccountWithAllFields, HOAACTD, R000002384, 1404, , 11/10/2023, ADM, 15, 2, 2, 1, 03, 30, 08/07/2019, 50,000.00, 12, 08-08-2026, 0003LN510085, CRBAL, No, Y, 2, , , , , 5, R0003533, 001, 100, N, , , KERALA, , , , , , , , , , 012, Y, J - Joint Holder, 11, R0003867, MR, Home, chennai, ADHAR, 11/10/2023, S - Scanned, AGRI, 10010, 002, DIRCT, 42, 001, 003140400000034, O - Open]}]]>
              </value>
            </param>
            <param index="1">
              <value>
                <![CDATA[RowData{headerMap={GL Code=, dueDate=, TestCaseName=VerificationOfTDAccount, relation=, repayAcct=, GuardianCode=, natAdv=, relnCode=, modeOfOperCode=, nomPcnt=, operAcct=, maxRenew=, Advance Type=, SchmCode=, 2 nd NomineeCifId=, pegFreqMnths=, DepositPeriod=, relativeStaffId=, docCode=, City=, Created_AccountID=, AddressLine2=, modeAdv=, AddressLine1=, Address Type  =, State=, NomineeCifId=, Country=, Second RelatedPartyflg=, Title =, sectCode=, acctOpenDate_ui=, docScanFlg=, renewSchm=, renewCrncy=, PostalCode=, occCode=, relnType=, renewMths=, maturityDate_ui=, Second Nominee =, Menu=HOAACVTD, acctPrefIntCr=, depAmt=, CIF ID=, autoClosureFlg=, pegFreqDay=, GuardianName=, Nominee Minor=, custPrefIntCr=, 2 nd Relationship=, funcode=, regValue=, 2 nd Nomination Pcnt.=, valueDate_ui=, chanPrefIntCr=, subSectCode=, RenewalClosureRadioButton=, Address Line 1=, renewGLSubHead=}, indexList=[VerificationOfTDAccount, HOAACVTD, V, , , , , , , , , , , , , , , , , , , , , , , , , , , , , , , , , , , , , , , , , , , , , , , , , , , , , , , , , , , ]}]]>
              </value>
            </param>
          </params>
          <exception class="org.openqa.selenium.UnhandledAlertException">
            <message>
              <![CDATA[Modal dialog present with text: Invoking the menu results in loss of all entered data.: Invoking the menu results in loss of all entered data.
Build info: version: '4.29.0', revision: '5fc1ec94cb'
System info: os.name: 'Windows 11', os.arch: 'amd64', os.version: '10.0', java.version: '17.0.12'
Driver info: org.openqa.selenium.ie.InternetExplorerDriver
Command: [a97ac340-60cd-44d9-a74e-50c3b97daf32, get {url=https://bbssl19.bbssl.com:33333/fininfra/ui/SSOLogin.jsp}]
Capabilities {acceptInsecureCerts: false, browserName: internet explorer, browserVersion: 11, pageLoadStrategy: normal, platformName: windows, proxy: Proxy(), se:ieOptions: {browserAttachTimeout: 0, elementScrollBehavior: 0, enablePersistentHover: false, ie.browserCommandLineSwitches: , ie.edgechromium: true, ie.edgepath: C:\Program Files (x86)\Micr..., ie.ensureCleanSession: false, ie.fileUploadDialogTimeout: 3000, ie.forceCreateProcessApi: false, ie.ignoreprocessmatch: false, ignoreProtectedModeSettings: true, ignoreZoomSetting: true, initialBrowserUrl: http://localhost:7405/, nativeEvents: true, requireWindowFocus: true}, setWindowRect: true, strictFileInteractability: false, timeouts: {implicit: 0, pageLoad: 300000, script: 30000}, unhandledPromptBehavior: dismiss and notify}
Session ID: a97ac340-60cd-44d9-a74e-50c3b97daf32]]>
            </message>
            <full-stacktrace>
              <![CDATA[org.openqa.selenium.UnhandledAlertException: Modal dialog present with text: Invoking the menu results in loss of all entered data.: Invoking the menu results in loss of all entered data.
Build info: version: '4.29.0', revision: '5fc1ec94cb'
System info: os.name: 'Windows 11', os.arch: 'amd64', os.version: '10.0', java.version: '17.0.12'
Driver info: org.openqa.selenium.ie.InternetExplorerDriver
Command: [a97ac340-60cd-44d9-a74e-50c3b97daf32, get {url=https://bbssl19.bbssl.com:33333/fininfra/ui/SSOLogin.jsp}]
Capabilities {acceptInsecureCerts: false, browserName: internet explorer, browserVersion: 11, pageLoadStrategy: normal, platformName: windows, proxy: Proxy(), se:ieOptions: {browserAttachTimeout: 0, elementScrollBehavior: 0, enablePersistentHover: false, ie.browserCommandLineSwitches: , ie.edgechromium: true, ie.edgepath: C:\Program Files (x86)\Micr..., ie.ensureCleanSession: false, ie.fileUploadDialogTimeout: 3000, ie.forceCreateProcessApi: false, ie.ignoreprocessmatch: false, ignoreProtectedModeSettings: true, ignoreZoomSetting: true, initialBrowserUrl: http://localhost:7405/, nativeEvents: true, requireWindowFocus: true}, setWindowRect: true, strictFileInteractability: false, timeouts: {implicit: 0, pageLoad: 300000, script: 30000}, unhandledPromptBehavior: dismiss and notify}
Session ID: a97ac340-60cd-44d9-a74e-50c3b97daf32
at org.openqa.selenium.remote.codec.w3c.W3CHttpResponseCodec.decode(W3CHttpResponseCodec.java:136)
at org.openqa.selenium.remote.codec.w3c.W3CHttpResponseCodec.decode(W3CHttpResponseCodec.java:50)
at org.openqa.selenium.remote.HttpCommandExecutor.execute(HttpCommandExecutor.java:215)
at org.openqa.selenium.remote.service.DriverCommandExecutor.invokeExecute(DriverCommandExecutor.java:216)
at org.openqa.selenium.remote.service.DriverCommandExecutor.execute(DriverCommandExecutor.java:174)
at org.openqa.selenium.remote.RemoteWebDriver.execute(RemoteWebDriver.java:545)
at org.openqa.selenium.remote.RemoteWebDriver.get(RemoteWebDriver.java:313)
at Base.DriverManager.login(DriverManager.java:46)
at TermDeposit.VerificationOfTermDeposit.setup(VerificationOfTermDeposit.java:46)
at java.base/jdk.internal.reflect.NativeMethodAccessorImpl.invoke0(Native Method)
at java.base/jdk.internal.reflect.NativeMethodAccessorImpl.invoke(NativeMethodAccessorImpl.java:77)
at java.base/jdk.internal.reflect.DelegatingMethodAccessorImpl.invoke(DelegatingMethodAccessorImpl.java:43)
at java.base/java.lang.reflect.Method.invoke(Method.java:568)
at org.testng.internal.invokers.MethodInvocationHelper.invokeMethod(MethodInvocationHelper.java:141)
at org.testng.internal.invokers.MethodInvocationHelper.invokeMethodConsideringTimeout(MethodInvocationHelper.java:71)
at org.testng.internal.invokers.ConfigInvoker.invokeConfigurationMethod(ConfigInvoker.java:400)
at org.testng.internal.invokers.ConfigInvoker.invokeConfigurations(ConfigInvoker.java:333)
at org.testng.internal.invokers.TestMethodWorker.invokeBeforeClassMethods(TestMethodWorker.java:188)
at org.testng.internal.invokers.TestMethodWorker.run(TestMethodWorker.java:128)
at java.base/java.util.ArrayList.forEach(ArrayList.java:1511)
at org.testng.TestRunner.privateRun(TestRunner.java:741)
at org.testng.TestRunner.run(TestRunner.java:616)
at org.testng.SuiteRunner.runTest(SuiteRunner.java:421)
at org.testng.SuiteRunner.runSequentially(SuiteRunner.java:413)
at org.testng.SuiteRunner.privateRun(SuiteRunner.java:373)
at org.testng.SuiteRunner.run(SuiteRunner.java:312)
at org.testng.SuiteRunnerWorker.runSuite(SuiteRunnerWorker.java:52)
at org.testng.SuiteRunnerWorker.run(SuiteRunnerWorker.java:95)
at org.testng.TestNG.runSuitesSequentially(TestNG.java:1274)
at org.testng.TestNG.runSuitesLocally(TestNG.java:1208)
at org.testng.TestNG.runSuites(TestNG.java:1112)
at org.testng.TestNG.run(TestNG.java:1079)
at TestCases.TC03_TermDeposit.runTestSuiteInOrder(TC03_TermDeposit.java:63)
at java.base/jdk.internal.reflect.NativeMethodAccessorImpl.invoke0(Native Method)
at java.base/jdk.internal.reflect.NativeMethodAccessorImpl.invoke(NativeMethodAccessorImpl.java:77)
at java.base/jdk.internal.reflect.DelegatingMethodAccessorImpl.invoke(DelegatingMethodAccessorImpl.java:43)
at java.base/java.lang.reflect.Method.invoke(Method.java:568)
at org.testng.internal.invokers.MethodInvocationHelper.invokeMethod(MethodInvocationHelper.java:141)
at org.testng.internal.invokers.TestInvoker.invokeMethod(TestInvoker.java:687)
at org.testng.internal.invokers.TestInvoker.invokeTestMethod(TestInvoker.java:230)
at org.testng.internal.invokers.MethodRunner.runInSequence(MethodRunner.java:63)
at org.testng.internal.invokers.TestInvoker$MethodInvocationAgent.invoke(TestInvoker.java:995)
at org.testng.internal.invokers.TestInvoker.invokeTestMethods(TestInvoker.java:203)
at org.testng.internal.invokers.TestMethodWorker.invokeTestMethods(TestMethodWorker.java:154)
at org.testng.internal.invokers.TestMethodWorker.run(TestMethodWorker.java:134)
at java.base/java.util.ArrayList.forEach(ArrayList.java:1511)
at org.testng.TestRunner.privateRun(TestRunner.java:741)
at org.testng.TestRunner.run(TestRunner.java:616)
at org.testng.SuiteRunner.runTest(SuiteRunner.java:421)
at org.testng.SuiteRunner.runSequentially(SuiteRunner.java:413)
at org.testng.SuiteRunner.privateRun(SuiteRunner.java:373)
at org.testng.SuiteRunner.run(SuiteRunner.java:312)
at org.testng.SuiteRunnerWorker.runSuite(SuiteRunnerWorker.java:52)
at org.testng.SuiteRunnerWorker.run(SuiteRunnerWorker.java:95)
at org.testng.TestNG.runSuitesSequentially(TestNG.java:1274)
at org.testng.TestNG.runSuitesLocally(TestNG.java:1208)
at org.testng.TestNG.runSuites(TestNG.java:1112)
at org.testng.TestNG.run(TestNG.java:1079)
at org.apache.maven.surefire.testng.TestNGExecutor.run(TestNGExecutor.java:308)
at org.apache.maven.surefire.testng.TestNGXmlTestSuite.execute(TestNGXmlTestSuite.java:71)
at org.apache.maven.surefire.testng.TestNGProvider.invoke(TestNGProvider.java:113)
at org.apache.maven.surefire.booter.ForkedBooter.runSuitesInProcess(ForkedBooter.java:385)
at org.apache.maven.surefire.booter.ForkedBooter.execute(ForkedBooter.java:162)
at org.apache.maven.surefire.booter.ForkedBooter.run(ForkedBooter.java:507)
at org.apache.maven.surefire.booter.ForkedBooter.main(ForkedBooter.java:495)
]]>
            </full-stacktrace>
          </exception> <!-- org.openqa.selenium.UnhandledAlertException -->
          <reporter-output>
          </reporter-output>
        </test-method> <!-- VerifyTDAccount -->
      </class> <!-- TermDeposit.VerificationOfTermDeposit -->
      <class name="TermDeposit.OpeningTermDepositAccount">
        <test-method is-config="true" signature="getDriver()[pri:0, instance:TermDeposit.OpeningTermDepositAccount@78a773fd]" started-at="2025-10-10T16:26:57 IST" name="getDriver" finished-at="2025-10-10T16:26:57 IST" duration-ms="20" status="PASS">
          <reporter-output>
          </reporter-output>
        </test-method> <!-- getDriver -->
        <test-method is-config="true" signature="setup()[pri:0, instance:TermDeposit.OpeningTermDepositAccount@78a773fd]" started-at="2025-10-10T16:26:57 IST" name="setup" finished-at="2025-10-10T16:27:10 IST" duration-ms="13175" status="PASS">
          <reporter-output>
          </reporter-output>
        </test-method> <!-- setup -->
        <test-method signature="createTDAccount(Utilities.RowData)[pri:0, instance:TermDeposit.OpeningTermDepositAccount@78a773fd]" started-at="2025-10-10T16:27:12 IST" name="createTDAccount" data-provider="testcase" finished-at="2025-10-10T16:30:01 IST" duration-ms="168569" status="FAIL">
          <params>
            <param index="0">
              <value>
                <![CDATA[RowData{headerMap={GL Code=, dueDate=11/10/2023, TestCaseName=CreateTDAccountWithAllFields, relation=001, repayAcct=0003LN510085, GuardianCode=, natAdv=001, relnCode=11, modeOfOperCode=ADM, nomPcnt=100, operAcct=CRBAL, maxRenew=2, Advance Type=42, SchmCode=1404, 2 nd NomineeCifId=, pegFreqMnths=03, DepositPeriod=12, relativeStaffId=15, docCode=ADHAR, City=, Created_AccountID=003140400000034, AddressLine2=, modeAdv=DIRCT, AddressLine1=KERALA, Address Type  =Home, State=, NomineeCifId=R0003533, Country=, Second RelatedPartyflg=Y, Title =MR, sectCode=AGRI, acctOpenDate_ui=11/10/2023, docScanFlg=S - Scanned, renewSchm=, renewCrncy=, PostalCode=, occCode=002, relnType=J - Joint Holder, renewMths=, maturityDate_ui=08-08-2026, Second Nominee =, Menu=HOAACTD, acctPrefIntCr=2, depAmt=50,000.00, CIF ID=R0003867, autoClosureFlg=Y, pegFreqDay=30, GuardianName=, Nominee Minor=N, custPrefIntCr=2, 2 nd Relationship=, funcode=O - Open, regValue=5, 2 nd Nomination Pcnt.=, valueDate_ui=08/07/2019, chanPrefIntCr=1, subSectCode=10010, RenewalClosureRadioButton=No, Address Line 1=chennai, renewGLSubHead=}, indexList=[CreateTDAccountWithAllFields, HOAACTD, R000002384, 1404, , 11/10/2023, ADM, 15, 2, 2, 1, 03, 30, 08/07/2019, 50,000.00, 12, 08-08-2026, 0003LN510085, CRBAL, No, Y, 2, , , , , 5, R0003533, 001, 100, N, , , KERALA, , , , , , , , , , 012, Y, J - Joint Holder, 11, R0003867, MR, Home, chennai, ADHAR, 11/10/2023, S - Scanned, AGRI, 10010, 002, DIRCT, 42, 001, 003140400000034, O - Open]}]]>
              </value>
            </param>
          </params>
          <exception class="java.lang.AssertionError">
            <message>
              <![CDATA[Test Failed: Exception occurred -> Expected condition failed: waiting for visibility of element located by By.xpath: //label[@id='acctNum'] (tried for 20 second(s) with 500 milliseconds interval)
Build info: version: '4.29.0', revision: '5fc1ec94cb'
System info: os.name: 'Windows 11', os.arch: 'amd64', os.version: '10.0', java.version: '17.0.12'
Driver info: org.openqa.selenium.ie.InternetExplorerDriver
Capabilities {acceptInsecureCerts: false, browserName: internet explorer, browserVersion: 11, pageLoadStrategy: normal, platformName: windows, proxy: Proxy(), se:ieOptions: {browserAttachTimeout: 0, elementScrollBehavior: 0, enablePersistentHover: false, ie.browserCommandLineSwitches: , ie.edgechromium: true, ie.edgepath: C:\Program Files (x86)\Micr..., ie.ensureCleanSession: false, ie.fileUploadDialogTimeout: 3000, ie.forceCreateProcessApi: false, ie.ignoreprocessmatch: false, ignoreProtectedModeSettings: true, ignoreZoomSetting: true, initialBrowserUrl: http://localhost:7405/, nativeEvents: true, requireWindowFocus: true}, setWindowRect: true, strictFileInteractability: false, timeouts: {implicit: 0, pageLoad: 300000, script: 30000}, unhandledPromptBehavior: dismiss and notify}
Session ID: a97ac340-60cd-44d9-a74e-50c3b97daf32]]>
            </message>
            <full-stacktrace>
              <![CDATA[java.lang.AssertionError: Test Failed: Exception occurred -> Expected condition failed: waiting for visibility of element located by By.xpath: //label[@id='acctNum'] (tried for 20 second(s) with 500 milliseconds interval)
Build info: version: '4.29.0', revision: '5fc1ec94cb'
System info: os.name: 'Windows 11', os.arch: 'amd64', os.version: '10.0', java.version: '17.0.12'
Driver info: org.openqa.selenium.ie.InternetExplorerDriver
Capabilities {acceptInsecureCerts: false, browserName: internet explorer, browserVersion: 11, pageLoadStrategy: normal, platformName: windows, proxy: Proxy(), se:ieOptions: {browserAttachTimeout: 0, elementScrollBehavior: 0, enablePersistentHover: false, ie.browserCommandLineSwitches: , ie.edgechromium: true, ie.edgepath: C:\Program Files (x86)\Micr..., ie.ensureCleanSession: false, ie.fileUploadDialogTimeout: 3000, ie.forceCreateProcessApi: false, ie.ignoreprocessmatch: false, ignoreProtectedModeSettings: true, ignoreZoomSetting: true, initialBrowserUrl: http://localhost:7405/, nativeEvents: true, requireWindowFocus: true}, setWindowRect: true, strictFileInteractability: false, timeouts: {implicit: 0, pageLoad: 300000, script: 30000}, unhandledPromptBehavior: dismiss and notify}
Session ID: a97ac340-60cd-44d9-a74e-50c3b97daf32
at org.testng.Assert.fail(Assert.java:111)
at TermDeposit.OpeningTermDepositAccount.createTDAccount(OpeningTermDepositAccount.java:586)
at java.base/jdk.internal.reflect.NativeMethodAccessorImpl.invoke0(Native Method)
at java.base/jdk.internal.reflect.NativeMethodAccessorImpl.invoke(NativeMethodAccessorImpl.java:77)
at java.base/jdk.internal.reflect.DelegatingMethodAccessorImpl.invoke(DelegatingMethodAccessorImpl.java:43)
at java.base/java.lang.reflect.Method.invoke(Method.java:568)
at org.testng.internal.invokers.MethodInvocationHelper.invokeMethod(MethodInvocationHelper.java:141)
at org.testng.internal.invokers.TestInvoker.invokeMethod(TestInvoker.java:687)
at org.testng.internal.invokers.TestInvoker.invokeTestMethod(TestInvoker.java:230)
at org.testng.internal.invokers.MethodRunner.runInSequence(MethodRunner.java:63)
at org.testng.internal.invokers.TestInvoker$MethodInvocationAgent.invoke(TestInvoker.java:995)
at org.testng.internal.invokers.TestInvoker.invokeTestMethods(TestInvoker.java:203)
at org.testng.internal.invokers.TestMethodWorker.invokeTestMethods(TestMethodWorker.java:154)
at org.testng.internal.invokers.TestMethodWorker.run(TestMethodWorker.java:134)
at java.base/java.util.ArrayList.forEach(ArrayList.java:1511)
at org.testng.TestRunner.privateRun(TestRunner.java:741)
at org.testng.TestRunner.run(TestRunner.java:616)
at org.testng.SuiteRunner.runTest(SuiteRunner.java:421)
at org.testng.SuiteRunner.runSequentially(SuiteRunner.java:413)
at org.testng.SuiteRunner.privateRun(SuiteRunner.java:373)
at org.testng.SuiteRunner.run(SuiteRunner.java:312)
at org.testng.SuiteRunnerWorker.runSuite(SuiteRunnerWorker.java:52)
at org.testng.SuiteRunnerWorker.run(SuiteRunnerWorker.java:95)
at org.testng.TestNG.runSuitesSequentially(TestNG.java:1274)
at org.testng.TestNG.runSuitesLocally(TestNG.java:1208)
at org.testng.TestNG.runSuites(TestNG.java:1112)
at org.testng.TestNG.run(TestNG.java:1079)
at TestCases.TC03_TermDeposit.runTestSuiteInOrder(TC03_TermDeposit.java:63)
at java.base/jdk.internal.reflect.NativeMethodAccessorImpl.invoke0(Native Method)
at java.base/jdk.internal.reflect.NativeMethodAccessorImpl.invoke(NativeMethodAccessorImpl.java:77)
at java.base/jdk.internal.reflect.DelegatingMethodAccessorImpl.invoke(DelegatingMethodAccessorImpl.java:43)
at java.base/java.lang.reflect.Method.invoke(Method.java:568)
at org.testng.internal.invokers.MethodInvocationHelper.invokeMethod(MethodInvocationHelper.java:141)
at org.testng.internal.invokers.TestInvoker.invokeMethod(TestInvoker.java:687)
at org.testng.internal.invokers.TestInvoker.invokeTestMethod(TestInvoker.java:230)
at org.testng.internal.invokers.MethodRunner.runInSequence(MethodRunner.java:63)
at org.testng.internal.invokers.TestInvoker$MethodInvocationAgent.invoke(TestInvoker.java:995)
at org.testng.internal.invokers.TestInvoker.invokeTestMethods(TestInvoker.java:203)
at org.testng.internal.invokers.TestMethodWorker.invokeTestMethods(TestMethodWorker.java:154)
at org.testng.internal.invokers.TestMethodWorker.run(TestMethodWorker.java:134)
at java.base/java.util.ArrayList.forEach(ArrayList.java:1511)
at org.testng.TestRunner.privateRun(TestRunner.java:741)
at org.testng.TestRunner.run(TestRunner.java:616)
at org.testng.SuiteRunner.runTest(SuiteRunner.java:421)
at org.testng.SuiteRunner.runSequentially(SuiteRunner.java:413)
at org.testng.SuiteRunner.privateRun(SuiteRunner.java:373)
at org.testng.SuiteRunner.run(SuiteRunner.java:312)
at org.testng.SuiteRunnerWorker.runSuite(SuiteRunnerWorker.java:52)
at org.testng.SuiteRunnerWorker.run(SuiteRunnerWorker.java:95)
at org.testng.TestNG.runSuitesSequentially(TestNG.java:1274)
at org.testng.TestNG.runSuitesLocally(TestNG.java:1208)
at org.testng.TestNG.runSuites(TestNG.java:1112)
at org.testng.TestNG.run(TestNG.java:1079)
at org.apache.maven.surefire.testng.TestNGExecutor.run(TestNGExecutor.java:308)
at org.apache.maven.surefire.testng.TestNGXmlTestSuite.execute(TestNGXmlTestSuite.java:71)
at org.apache.maven.surefire.testng.TestNGProvider.invoke(TestNGProvider.java:113)
at org.apache.maven.surefire.booter.ForkedBooter.runSuitesInProcess(ForkedBooter.java:385)
at org.apache.maven.surefire.booter.ForkedBooter.execute(ForkedBooter.java:162)
at org.apache.maven.surefire.booter.ForkedBooter.run(ForkedBooter.java:507)
at org.apache.maven.surefire.booter.ForkedBooter.main(ForkedBooter.java:495)
]]>
            </full-stacktrace>
          </exception> <!-- java.lang.AssertionError -->
          <reporter-output>
          </reporter-output>
        </test-method> <!-- createTDAccount -->
      </class> <!-- TermDeposit.OpeningTermDepositAccount -->
    </test> <!-- TermDepositExecution -->
  </suite> <!-- TermDepositCreationSuite -->
</testng-results>
