<!DOCTYPE html PUBLIC "-//W3C//DTD XHTML 1.1//EN" "https://www.w3.org/TR/xhtml11/DTD/xhtml11.dtd">
<html xmlns="https://www.w3.org/1999/xhtml">
<head>
<meta http-equiv="content-type" content="text/html; charset=UTF-8"/>
<title>TestNG Report</title>
<style type="text/css">table {margin-bottom:10px;border-collapse:collapse;empty-cells:show}th,td {border:1px solid #009;padding:.25em .5em}th {vertical-align:bottom}td {vertical-align:top}table a {font-weight:bold}.stripe td {background-color: #E6EBF9}.num {text-align:right}.passedodd td {background-color: #3F3}.passedeven td {background-color: #0A0}.skippedodd td {background-color: #DDD}.skippedeven td {background-color: #CCC}.failedodd td,.attn {background-color: #F33}.failedeven td,.stripe .attn {background-color: #D00}.stacktrace {white-space:pre;font-family:monospace}.totop {font-size:85%;text-align:center;border-bottom:2px solid #000}.invisible {display:none}</style>
</head>
<body>
<table>
<tr><th>Test</th><th># Passed</th><th># Skipped</th><th># Retried</th><th># Failed</th><th>Time (ms)</th><th>Included Groups</th><th>Excluded Groups</th></tr>
<tr><th colspan="8">FunctionalityTesting</th></tr>
<tr><td><a href="#t0">FunctionalityTesting</a></td><td class="num">0</td><td class="num">0</td><td class="num">0</td><td class="num attn">2</td><td class="num">94,062</td><td></td><td></td></tr>
</table>
<table id='summary'><thead><tr><th>Class</th><th>Method</th><th>Start</th><th>Time (ms)</th></tr></thead><tbody><tr><th colspan="4">FunctionalityTesting</th></tr></tbody><tbody id="t0"><tr><th colspan="4">FunctionalityTesting &#8212; failed</th></tr><tr class="failedeven"><td rowspan="1">PaymentTestCases.TC15_Invokeguaranteeaftermarkingitforinvocation</td><td><a href="#m0">runTest</a></td><td rowspan="1">1760439528964</td><td rowspan="1">21154</td></tr><tr class="failedodd"><td rowspan="1">PaymentTestCases.TC16_CloseTheguaranteeWhichIsAlreadyInvoked</td><td><a href="#m1">runTest</a></td><td rowspan="1">1760439550632</td><td rowspan="1">68259</td></tr></tbody>
</table>
<h2>FunctionalityTesting</h2><h3 id="m0">PaymentTestCases.TC15_Invokeguaranteeaftermarkingitforinvocation#runTest</h3><table class="result"><tr><th>Exception</th></tr><tr><td><div class="stacktrace">java.lang.AssertionError: ‚ùå Assertion Failure: Test Failed: Exception occurred -&gt; Expected condition failed: waiting for presence of element located by: By.id: loanacid (tried for 10 second(s) with 500 milliseconds interval)
	at PaymentTestCases.TC15_Invokeguaranteeaftermarkingitforinvocation.runTest(TC15_Invokeguaranteeaftermarkingitforinvocation.java:79)
	at java.base/java.util.ArrayList.forEach(ArrayList.java:1511)
... Removed 32 stack frames</div></td></tr></table><p class="totop"><a href="#summary">back to summary</a></p>
<h3 id="m1">PaymentTestCases.TC16_CloseTheguaranteeWhichIsAlreadyInvoked#runTest</h3><table class="result"><tr><th>Exception</th></tr><tr><td><div class="stacktrace">java.lang.AssertionError: Test Failed: Exception occurred -&gt; Expected condition failed: waiting for visibility of element located by By.xpath: //label[@id=&apos;compField&apos;] (tried for 20 second(s) with 500 milliseconds interval)
Build info: version: &apos;4.29.0&apos;, revision: &apos;5fc1ec94cb&apos;
System info: os.name: &apos;Windows 11&apos;, os.arch: &apos;amd64&apos;, os.version: &apos;10.0&apos;, java.version: &apos;17.0.12&apos;
Driver info: org.openqa.selenium.edge.EdgeDriver
Capabilities {acceptInsecureCerts: false, browserName: MicrosoftEdge, browserVersion: 141.0.3537.71, fedcm:accounts: true, ms:edgeOptions: {debuggerAddress: localhost:59841}, msedge: {msedgedriverVersion: 141.0.3537.71 (e9128b790533..., userDataDir: C:\Users\priya\AppData\Loca...}, networkConnectionEnabled: false, pageLoadStrategy: normal, platformName: windows, proxy: Proxy(), se:cdp: ws://localhost:59841/devtoo..., se:cdpVersion: 141.0.3537.71, setWindowRect: true, strictFileInteractability: false, timeouts: {implicit: 0, pageLoad: 300000, script: 30000}, unhandledPromptBehavior: dismiss and notify, webauthn:extension:credBlob: true, webauthn:extension:largeBlob: true, webauthn:extension:minPinLength: true, webauthn:extension:prf: true, webauthn:virtualAuthenticators: true}
Session ID: eed5c485a1045ee08b890c0f38da7212
	at PAYMENTS.OutwardGuaranteeMaintenance.submitAndValidateGuarantee(OutwardGuaranteeMaintenance.java:261)
	at PAYMENTS.OutwardGuaranteeMaintenance.executeWithResultMap(OutwardGuaranteeMaintenance.java:77)
	at PaymentTestCases.TC16_CloseTheguaranteeWhichIsAlreadyInvoked.runTest(TC16_CloseTheguaranteeWhichIsAlreadyInvoked.java:52)
	at java.base/java.util.ArrayList.forEach(ArrayList.java:1511)
... Removed 32 stack frames</div></td></tr></table><p class="totop"><a href="#summary">back to summary</a></p>
</body>
</html>
