<?xml version="1.0" encoding="UTF-8"?>
<!-- Generated by org.testng.reporters.JUnitReportReporter -->
<testsuite hostname="christina" failures="0" tests="2" name="CASA.VerificationOfSavingsAccount" time="0.157" errors="2" timestamp="2025-10-21T15:49:43 IST" skipped="0">
  <testcase classname="CASA.VerificationOfSavingsAccount" name="VerifySBAccount" time="0.155">
    <error message="
[public static void CASA.VerificationOfSavingsAccount.VerifySBAccount(Utilities.RowData,Utilities.RowData) throws java.lang.Exception] has no parameters defined but was found to be using a data provider (either explicitly specified or inherited from class level annotation).
Data provider mismatch
Method: VerifySBAccount([Utilities.RowData arg0, Utilities.RowData arg1])
Arguments: [(Utilities.RowData) RowData{headerMap={DocCode=MCFST, ExpiryDate=04-Dec-2099, DispatchMode=N - No Dispatch, AccountId=, PurpAdv=, DrawingPowerInd=E - Equal, MinIntPcntCr=2.5, Tax=, AutSwpFlg=, tdsOpAcct=, TestCaseName=CreateSavingsAccount, DocScanFlg=Y - Scan Required, RepayInstr=, GuardianCode=, AcctPrefIntCr=5.0, Related - CustName=PRIYA, FreqType=D - Daily, IntCrAcctFlg=S - Original A/c., 2 nd NomineeCifId=, SubSectCode=, FreqDay=, Related-CustTitle=MS, TypeAdv=, ModeAdv=, PermanentACID=, City=, RelatedFreqDay=, Created_AccountID=003000500000382, AddressLine2=, AddressLine1=, State=, Relation Code=003, Modeofoperation=, NomineeCifId=R0003470, Country=, Second RelatedPartyflg=Y, SectCode=AGRI, SwpHldyStat=, Regnum=1, RelatedFreqWeek=, FreqHldyStat=P - Previous day, CalBase=, PostalCode=, NomineePcnt=100.0, Function=Open, Relation=001, SwpDepFreqMnths=, SwpFreqType=, NatAdv=, RelateddispMode=, Second Nominee =, Menu=HOAACSB, FFD-Schmcode=36003.0, CIF ID=R0003423, GuardianName=, Nominee Minor=N, CustPrefIntCr=7.0, FreqStartDD=, NextIntCrCalcDt=15-Mar-2025, 2 nd Relationship=, FFD flg=N, Relation Type=J - Joint Holder, 2 nd Nomination Pcnt.=, Related -CustAddrLine1=XYZ, MaxIntPcntCr=3.0, ChanPrefIntCr=8.0, RelatedFreqStartDD=, Acct_Statement=B - Both, RelatedFreqType=D - Daily, MinBalOperAcct=, ErrorCode=, Scheme Code=0005, DocumentDate=15-Mar-2023, FreqWeek=, RelatedFreqHldyStat=N - Next Day}, indexList=[CreateSavingsAccount, HOAACSB, Open, R0003423, 0005, , B - Both, , D - Daily, , , , P - Previous day, N - No Dispatch, , 2.5, 3.0, 7.0, 5.0, 8.0, S - Original A/c., , , , 15-Mar-2025, 1, R0003470, 001, 100.0, N, , , , , , , , , , , , , 002, Y, J - Joint Holder, 003, D - Daily, , , , N - Next Day, , MS, PRIYA, XYZ, MCFST, Y - Scan Required, N, 36003.0, , , , , , , 04-Dec-2099, 15-Mar-2023, E - Equal, AGRI, , , , , , 003000500000382, ]}]" type="org.testng.internal.reflect.MethodMatcherException">
      <![CDATA[org.testng.internal.reflect.MethodMatcherException: 
[public static void CASA.VerificationOfSavingsAccount.VerifySBAccount(Utilities.RowData,Utilities.RowData) throws java.lang.Exception] has no parameters defined but was found to be using a data provider (either explicitly specified or inherited from class level annotation).
Data provider mismatch
Method: VerifySBAccount([Utilities.RowData arg0, Utilities.RowData arg1])
Arguments: [(Utilities.RowData) RowData{headerMap={DocCode=MCFST, ExpiryDate=04-Dec-2099, DispatchMode=N - No Dispatch, AccountId=, PurpAdv=, DrawingPowerInd=E - Equal, MinIntPcntCr=2.5, Tax=, AutSwpFlg=, tdsOpAcct=, TestCaseName=CreateSavingsAccount, DocScanFlg=Y - Scan Required, RepayInstr=, GuardianCode=, AcctPrefIntCr=5.0, Related - CustName=PRIYA, FreqType=D - Daily, IntCrAcctFlg=S - Original A/c., 2 nd NomineeCifId=, SubSectCode=, FreqDay=, Related-CustTitle=MS, TypeAdv=, ModeAdv=, PermanentACID=, City=, RelatedFreqDay=, Created_AccountID=003000500000382, AddressLine2=, AddressLine1=, State=, Relation Code=003, Modeofoperation=, NomineeCifId=R0003470, Country=, Second RelatedPartyflg=Y, SectCode=AGRI, SwpHldyStat=, Regnum=1, RelatedFreqWeek=, FreqHldyStat=P - Previous day, CalBase=, PostalCode=, NomineePcnt=100.0, Function=Open, Relation=001, SwpDepFreqMnths=, SwpFreqType=, NatAdv=, RelateddispMode=, Second Nominee =, Menu=HOAACSB, FFD-Schmcode=36003.0, CIF ID=R0003423, GuardianName=, Nominee Minor=N, CustPrefIntCr=7.0, FreqStartDD=, NextIntCrCalcDt=15-Mar-2025, 2 nd Relationship=, FFD flg=N, Relation Type=J - Joint Holder, 2 nd Nomination Pcnt.=, Related -CustAddrLine1=XYZ, MaxIntPcntCr=3.0, ChanPrefIntCr=8.0, RelatedFreqStartDD=, Acct_Statement=B - Both, RelatedFreqType=D - Daily, MinBalOperAcct=, ErrorCode=, Scheme Code=0005, DocumentDate=15-Mar-2023, FreqWeek=, RelatedFreqHldyStat=N - Next Day}, indexList=[CreateSavingsAccount, HOAACSB, Open, R0003423, 0005, , B - Both, , D - Daily, , , , P - Previous day, N - No Dispatch, , 2.5, 3.0, 7.0, 5.0, 8.0, S - Original A/c., , , , 15-Mar-2025, 1, R0003470, 001, 100.0, N, , , , , , , , , , , , , 002, Y, J - Joint Holder, 003, D - Daily, , , , N - Next Day, , MS, PRIYA, XYZ, MCFST, Y - Scan Required, N, 36003.0, , , , , , , 04-Dec-2099, 15-Mar-2023, E - Equal, AGRI, , , , , , 003000500000382, ]}]
at org.testng.internal.reflect.DataProviderMethodMatcher.getConformingArguments(DataProviderMethodMatcher.java:46)
at org.testng.internal.Parameters.injectParameters(Parameters.java:915)
at org.testng.internal.invokers.MethodRunner.runInSequence(MethodRunner.java:50)
at org.testng.internal.invokers.TestInvoker$MethodInvocationAgent.invoke(TestInvoker.java:995)
at org.testng.internal.invokers.TestInvoker.invokeTestMethods(TestInvoker.java:203)
at org.testng.internal.invokers.TestMethodWorker.invokeTestMethods(TestMethodWorker.java:154)
at org.testng.internal.invokers.TestMethodWorker.run(TestMethodWorker.java:134)
at java.base/java.util.ArrayList.forEach(ArrayList.java:1511)
at org.testng.TestRunner.privateRun(TestRunner.java:741)
at org.testng.TestRunner.run(TestRunner.java:616)
at org.testng.SuiteRunner.runTest(SuiteRunner.java:421)
at org.testng.SuiteRunner.runSequentially(SuiteRunner.java:413)
at org.testng.SuiteRunner.privateRun(SuiteRunner.java:373)
at org.testng.SuiteRunner.run(SuiteRunner.java:312)
at org.testng.SuiteRunnerWorker.runSuite(SuiteRunnerWorker.java:52)
at org.testng.SuiteRunnerWorker.run(SuiteRunnerWorker.java:95)
at org.testng.TestNG.runSuitesSequentially(TestNG.java:1274)
at org.testng.TestNG.runSuitesLocally(TestNG.java:1208)
at org.testng.TestNG.runSuites(TestNG.java:1112)
at org.testng.TestNG.run(TestNG.java:1079)
at org.testng.remote.AbstractRemoteTestNG.run(AbstractRemoteTestNG.java:115)
at org.testng.remote.RemoteTestNG.initAndRun(RemoteTestNG.java:293)
at org.testng.remote.RemoteTestNG.main(RemoteTestNG.java:91)
]]>
    </error>
  </testcase> <!-- VerifySBAccount -->
  <testcase classname="CASA.VerificationOfSavingsAccount" name="setup" time="0.002">
    <error message="Cannot invoke &quot;org.openqa.selenium.WebDriver.get(String)&quot; because &quot;driver&quot; is null" type="java.lang.NullPointerException">
      <![CDATA[java.lang.NullPointerException: Cannot invoke "org.openqa.selenium.WebDriver.get(String)" because "driver" is null
at Base.DriverManager.login(DriverManager.java:64)
at CASA.VerificationOfSavingsAccount.setup(VerificationOfSavingsAccount.java:43)
at java.base/jdk.internal.reflect.NativeMethodAccessorImpl.invoke0(Native Method)
at java.base/jdk.internal.reflect.NativeMethodAccessorImpl.invoke(NativeMethodAccessorImpl.java:77)
at java.base/jdk.internal.reflect.DelegatingMethodAccessorImpl.invoke(DelegatingMethodAccessorImpl.java:43)
at java.base/java.lang.reflect.Method.invoke(Method.java:568)
at org.testng.internal.invokers.MethodInvocationHelper.invokeMethod(MethodInvocationHelper.java:141)
at org.testng.internal.invokers.MethodInvocationHelper.invokeMethodConsideringTimeout(MethodInvocationHelper.java:71)
at org.testng.internal.invokers.ConfigInvoker.invokeConfigurationMethod(ConfigInvoker.java:400)
at org.testng.internal.invokers.ConfigInvoker.invokeConfigurations(ConfigInvoker.java:333)
at org.testng.internal.invokers.TestMethodWorker.invokeBeforeClassMethods(TestMethodWorker.java:188)
at org.testng.internal.invokers.TestMethodWorker.run(TestMethodWorker.java:128)
at java.base/java.util.ArrayList.forEach(ArrayList.java:1511)
at org.testng.TestRunner.privateRun(TestRunner.java:741)
at org.testng.TestRunner.run(TestRunner.java:616)
at org.testng.SuiteRunner.runTest(SuiteRunner.java:421)
at org.testng.SuiteRunner.runSequentially(SuiteRunner.java:413)
at org.testng.SuiteRunner.privateRun(SuiteRunner.java:373)
at org.testng.SuiteRunner.run(SuiteRunner.java:312)
at org.testng.SuiteRunnerWorker.runSuite(SuiteRunnerWorker.java:52)
at org.testng.SuiteRunnerWorker.run(SuiteRunnerWorker.java:95)
at org.testng.TestNG.runSuitesSequentially(TestNG.java:1274)
at org.testng.TestNG.runSuitesLocally(TestNG.java:1208)
at org.testng.TestNG.runSuites(TestNG.java:1112)
at org.testng.TestNG.run(TestNG.java:1079)
at org.testng.remote.AbstractRemoteTestNG.run(AbstractRemoteTestNG.java:115)
at org.testng.remote.RemoteTestNG.initAndRun(RemoteTestNG.java:293)
at org.testng.remote.RemoteTestNG.main(RemoteTestNG.java:91)
]]>
    </error>
  </testcase> <!-- setup -->
  <system-out>
    <![CDATA[Excel file loaded: D:\parallelsetup\Loan/resources/LoanLoan.xlsx]]>
  </system-out>
</testsuite> <!-- CASA.VerificationOfSavingsAccount -->
