<?xml version="1.0" encoding="UTF-8"?>
<!-- Generated by org.testng.reporters.JUnitReportReporter -->
<testsuite hostname="christina" failures="0" tests="3" name="Loan.DemandGeneration" time="0.181" errors="3" timestamp="2025-10-21T15:49:43 IST" skipped="0">
  <testcase classname="Loan.DemandGeneration" name="setup" time="0.002">
    <error message="Cannot invoke &quot;org.openqa.selenium.WebDriver.get(String)&quot; because &quot;driver&quot; is null" type="java.lang.NullPointerException">
      <![CDATA[java.lang.NullPointerException: Cannot invoke "org.openqa.selenium.WebDriver.get(String)" because "driver" is null
at Base.DriverManager.login(DriverManager.java:64)
at Loan.DemandGeneration.setup(DemandGeneration.java:35)
at java.base/jdk.internal.reflect.NativeMethodAccessorImpl.invoke0(Native Method)
at java.base/jdk.internal.reflect.NativeMethodAccessorImpl.invoke(NativeMethodAccessorImpl.java:77)
at java.base/jdk.internal.reflect.DelegatingMethodAccessorImpl.invoke(DelegatingMethodAccessorImpl.java:43)
at java.base/java.lang.reflect.Method.invoke(Method.java:568)
at org.testng.internal.invokers.MethodInvocationHelper.invokeMethod(MethodInvocationHelper.java:141)
at org.testng.internal.invokers.MethodInvocationHelper.invokeMethodConsideringTimeout(MethodInvocationHelper.java:71)
at org.testng.internal.invokers.ConfigInvoker.invokeConfigurationMethod(ConfigInvoker.java:400)
at org.testng.internal.invokers.ConfigInvoker.invokeConfigurations(ConfigInvoker.java:333)
at org.testng.internal.invokers.TestMethodWorker.invokeBeforeClassMethods(TestMethodWorker.java:188)
at org.testng.internal.invokers.TestMethodWorker.run(TestMethodWorker.java:128)
at java.base/java.util.ArrayList.forEach(ArrayList.java:1511)
at org.testng.TestRunner.privateRun(TestRunner.java:741)
at org.testng.TestRunner.run(TestRunner.java:616)
at org.testng.SuiteRunner.runTest(SuiteRunner.java:421)
at org.testng.SuiteRunner.runSequentially(SuiteRunner.java:413)
at org.testng.SuiteRunner.privateRun(SuiteRunner.java:373)
at org.testng.SuiteRunner.run(SuiteRunner.java:312)
at org.testng.SuiteRunnerWorker.runSuite(SuiteRunnerWorker.java:52)
at org.testng.SuiteRunnerWorker.run(SuiteRunnerWorker.java:95)
at org.testng.TestNG.runSuitesSequentially(TestNG.java:1274)
at org.testng.TestNG.runSuitesLocally(TestNG.java:1208)
at org.testng.TestNG.runSuites(TestNG.java:1112)
at org.testng.TestNG.run(TestNG.java:1079)
at org.testng.remote.AbstractRemoteTestNG.run(AbstractRemoteTestNG.java:115)
at org.testng.remote.RemoteTestNG.initAndRun(RemoteTestNG.java:293)
at org.testng.remote.RemoteTestNG.main(RemoteTestNG.java:91)
]]>
    </error>
  </testcase> <!-- setup -->
  <testcase classname="Loan.DemandGeneration" name="demandGeneration" time="0.087">
    <error message="
[public void Loan.DemandGeneration.demandGeneration(Utilities.RowData,Utilities.RowData)] has no parameters defined but was found to be using a data provider (either explicitly specified or inherited from class level annotation).
Data provider mismatch
Method: demandGeneration([Utilities.RowData arg0, Utilities.RowData arg1])
Arguments: [(Utilities.RowData) RowData{headerMap={MONTH=12.0, intRestBasis=Select, docScanFlg=N - Scan not required, drawingPowerInd=E - Equal, testcasename=loan account create, operacct=003000500000131, occCode=004, pbPsFreqCalBase=G - Gregorian Calendar, pbPsFreqType=M - Monthly, cfid=R000002228, scheme code=4118.0, relnType=G - Guarantor, custTitle=MRS., relnCode=006, noOfInstlmnts=6.0, pbPsFlg=B - Both, expiryDate_ui=15-Mar-2026, pbPsFreqStartDD=30.0, pbPsFreqHldyStat=N - Next Day, OPTION=Select, docCode=ADHAR, menu=U - User-defined Repricing Plan, loanAmt=50000.0, custName=SARANYA S, Created_AccountID=0003LN511395, documentDate_ui=15-Mar-2023, loanPerdMths=12.0, modeAdv=DIRCT, CODE=002, custAddrLine1=567.0, subSectCode=70020.0, despatchMode=N - No Dispatch, sectCode=PRIOR}, indexList=[loan account create, HOAACLA, R000002228, 4118.0, B - Both, M - Monthly, 30.0, N - Next Day, G - Gregorian Calendar, N - No Dispatch, U - User-defined Repricing Plan, 50000.0, 12.0, 003000500000131, 12.0, Select, 15-Mar-2023, 15-Mar-2026, E - Equal, 6.0, Select, 002, 006, G - Guarantor, MRS., SARANYA S, 567.0, PRIOR, 70020.0, 004, DIRCT, ADHAR, N - Scan not required, 0003LN511395]}]" type="org.testng.internal.reflect.MethodMatcherException">
      <![CDATA[org.testng.internal.reflect.MethodMatcherException: 
[public void Loan.DemandGeneration.demandGeneration(Utilities.RowData,Utilities.RowData)] has no parameters defined but was found to be using a data provider (either explicitly specified or inherited from class level annotation).
Data provider mismatch
Method: demandGeneration([Utilities.RowData arg0, Utilities.RowData arg1])
Arguments: [(Utilities.RowData) RowData{headerMap={MONTH=12.0, intRestBasis=Select, docScanFlg=N - Scan not required, drawingPowerInd=E - Equal, testcasename=loan account create, operacct=003000500000131, occCode=004, pbPsFreqCalBase=G - Gregorian Calendar, pbPsFreqType=M - Monthly, cfid=R000002228, scheme code=4118.0, relnType=G - Guarantor, custTitle=MRS., relnCode=006, noOfInstlmnts=6.0, pbPsFlg=B - Both, expiryDate_ui=15-Mar-2026, pbPsFreqStartDD=30.0, pbPsFreqHldyStat=N - Next Day, OPTION=Select, docCode=ADHAR, menu=U - User-defined Repricing Plan, loanAmt=50000.0, custName=SARANYA S, Created_AccountID=0003LN511395, documentDate_ui=15-Mar-2023, loanPerdMths=12.0, modeAdv=DIRCT, CODE=002, custAddrLine1=567.0, subSectCode=70020.0, despatchMode=N - No Dispatch, sectCode=PRIOR}, indexList=[loan account create, HOAACLA, R000002228, 4118.0, B - Both, M - Monthly, 30.0, N - Next Day, G - Gregorian Calendar, N - No Dispatch, U - User-defined Repricing Plan, 50000.0, 12.0, 003000500000131, 12.0, Select, 15-Mar-2023, 15-Mar-2026, E - Equal, 6.0, Select, 002, 006, G - Guarantor, MRS., SARANYA S, 567.0, PRIOR, 70020.0, 004, DIRCT, ADHAR, N - Scan not required, 0003LN511395]}]
at org.testng.internal.reflect.DataProviderMethodMatcher.getConformingArguments(DataProviderMethodMatcher.java:46)
at org.testng.internal.Parameters.injectParameters(Parameters.java:915)
at org.testng.internal.invokers.MethodRunner.runInSequence(MethodRunner.java:50)
at org.testng.internal.invokers.TestInvoker$MethodInvocationAgent.invoke(TestInvoker.java:995)
at org.testng.internal.invokers.TestInvoker.invokeTestMethods(TestInvoker.java:203)
at org.testng.internal.invokers.TestMethodWorker.invokeTestMethods(TestMethodWorker.java:154)
at org.testng.internal.invokers.TestMethodWorker.run(TestMethodWorker.java:134)
at java.base/java.util.ArrayList.forEach(ArrayList.java:1511)
at org.testng.TestRunner.privateRun(TestRunner.java:741)
at org.testng.TestRunner.run(TestRunner.java:616)
at org.testng.SuiteRunner.runTest(SuiteRunner.java:421)
at org.testng.SuiteRunner.runSequentially(SuiteRunner.java:413)
at org.testng.SuiteRunner.privateRun(SuiteRunner.java:373)
at org.testng.SuiteRunner.run(SuiteRunner.java:312)
at org.testng.SuiteRunnerWorker.runSuite(SuiteRunnerWorker.java:52)
at org.testng.SuiteRunnerWorker.run(SuiteRunnerWorker.java:95)
at org.testng.TestNG.runSuitesSequentially(TestNG.java:1274)
at org.testng.TestNG.runSuitesLocally(TestNG.java:1208)
at org.testng.TestNG.runSuites(TestNG.java:1112)
at org.testng.TestNG.run(TestNG.java:1079)
at org.testng.remote.AbstractRemoteTestNG.run(AbstractRemoteTestNG.java:115)
at org.testng.remote.RemoteTestNG.initAndRun(RemoteTestNG.java:293)
at org.testng.remote.RemoteTestNG.main(RemoteTestNG.java:91)
]]>
    </error>
  </testcase> <!-- demandGeneration -->
  <testcase classname="Loan.DemandGeneration" name="demandSatisfaction" time="0.092">
    <error message="
[public void Loan.DemandGeneration.demandSatisfaction(Utilities.RowData,Utilities.RowData)] has no parameters defined but was found to be using a data provider (either explicitly specified or inherited from class level annotation).
Data provider mismatch
Method: demandSatisfaction([Utilities.RowData arg0, Utilities.RowData arg1])
Arguments: [(Utilities.RowData) RowData{headerMap={MONTH=12.0, intRestBasis=Select, docScanFlg=N - Scan not required, drawingPowerInd=E - Equal, testcasename=loan account create, operacct=003000500000131, occCode=004, pbPsFreqCalBase=G - Gregorian Calendar, pbPsFreqType=M - Monthly, cfid=R000002228, scheme code=4118.0, relnType=G - Guarantor, custTitle=MRS., relnCode=006, noOfInstlmnts=6.0, pbPsFlg=B - Both, expiryDate_ui=15-Mar-2026, pbPsFreqStartDD=30.0, pbPsFreqHldyStat=N - Next Day, OPTION=Select, docCode=ADHAR, menu=U - User-defined Repricing Plan, loanAmt=50000.0, custName=SARANYA S, Created_AccountID=0003LN511395, documentDate_ui=15-Mar-2023, loanPerdMths=12.0, modeAdv=DIRCT, CODE=002, custAddrLine1=567.0, subSectCode=70020.0, despatchMode=N - No Dispatch, sectCode=PRIOR}, indexList=[loan account create, HOAACLA, R000002228, 4118.0, B - Both, M - Monthly, 30.0, N - Next Day, G - Gregorian Calendar, N - No Dispatch, U - User-defined Repricing Plan, 50000.0, 12.0, 003000500000131, 12.0, Select, 15-Mar-2023, 15-Mar-2026, E - Equal, 6.0, Select, 002, 006, G - Guarantor, MRS., SARANYA S, 567.0, PRIOR, 70020.0, 004, DIRCT, ADHAR, N - Scan not required, 0003LN511395]}]" type="org.testng.internal.reflect.MethodMatcherException">
      <![CDATA[org.testng.internal.reflect.MethodMatcherException: 
[public void Loan.DemandGeneration.demandSatisfaction(Utilities.RowData,Utilities.RowData)] has no parameters defined but was found to be using a data provider (either explicitly specified or inherited from class level annotation).
Data provider mismatch
Method: demandSatisfaction([Utilities.RowData arg0, Utilities.RowData arg1])
Arguments: [(Utilities.RowData) RowData{headerMap={MONTH=12.0, intRestBasis=Select, docScanFlg=N - Scan not required, drawingPowerInd=E - Equal, testcasename=loan account create, operacct=003000500000131, occCode=004, pbPsFreqCalBase=G - Gregorian Calendar, pbPsFreqType=M - Monthly, cfid=R000002228, scheme code=4118.0, relnType=G - Guarantor, custTitle=MRS., relnCode=006, noOfInstlmnts=6.0, pbPsFlg=B - Both, expiryDate_ui=15-Mar-2026, pbPsFreqStartDD=30.0, pbPsFreqHldyStat=N - Next Day, OPTION=Select, docCode=ADHAR, menu=U - User-defined Repricing Plan, loanAmt=50000.0, custName=SARANYA S, Created_AccountID=0003LN511395, documentDate_ui=15-Mar-2023, loanPerdMths=12.0, modeAdv=DIRCT, CODE=002, custAddrLine1=567.0, subSectCode=70020.0, despatchMode=N - No Dispatch, sectCode=PRIOR}, indexList=[loan account create, HOAACLA, R000002228, 4118.0, B - Both, M - Monthly, 30.0, N - Next Day, G - Gregorian Calendar, N - No Dispatch, U - User-defined Repricing Plan, 50000.0, 12.0, 003000500000131, 12.0, Select, 15-Mar-2023, 15-Mar-2026, E - Equal, 6.0, Select, 002, 006, G - Guarantor, MRS., SARANYA S, 567.0, PRIOR, 70020.0, 004, DIRCT, ADHAR, N - Scan not required, 0003LN511395]}]
at org.testng.internal.reflect.DataProviderMethodMatcher.getConformingArguments(DataProviderMethodMatcher.java:46)
at org.testng.internal.Parameters.injectParameters(Parameters.java:915)
at org.testng.internal.invokers.MethodRunner.runInSequence(MethodRunner.java:50)
at org.testng.internal.invokers.TestInvoker$MethodInvocationAgent.invoke(TestInvoker.java:995)
at org.testng.internal.invokers.TestInvoker.invokeTestMethods(TestInvoker.java:203)
at org.testng.internal.invokers.TestMethodWorker.invokeTestMethods(TestMethodWorker.java:154)
at org.testng.internal.invokers.TestMethodWorker.run(TestMethodWorker.java:134)
at java.base/java.util.ArrayList.forEach(ArrayList.java:1511)
at org.testng.TestRunner.privateRun(TestRunner.java:741)
at org.testng.TestRunner.run(TestRunner.java:616)
at org.testng.SuiteRunner.runTest(SuiteRunner.java:421)
at org.testng.SuiteRunner.runSequentially(SuiteRunner.java:413)
at org.testng.SuiteRunner.privateRun(SuiteRunner.java:373)
at org.testng.SuiteRunner.run(SuiteRunner.java:312)
at org.testng.SuiteRunnerWorker.runSuite(SuiteRunnerWorker.java:52)
at org.testng.SuiteRunnerWorker.run(SuiteRunnerWorker.java:95)
at org.testng.TestNG.runSuitesSequentially(TestNG.java:1274)
at org.testng.TestNG.runSuitesLocally(TestNG.java:1208)
at org.testng.TestNG.runSuites(TestNG.java:1112)
at org.testng.TestNG.run(TestNG.java:1079)
at org.testng.remote.AbstractRemoteTestNG.run(AbstractRemoteTestNG.java:115)
at org.testng.remote.RemoteTestNG.initAndRun(RemoteTestNG.java:293)
at org.testng.remote.RemoteTestNG.main(RemoteTestNG.java:91)
]]>
    </error>
  </testcase> <!-- demandSatisfaction -->
  <system-out>
    <![CDATA[Excel file loaded: D:\parallelsetup\Loan/resources/LoanLoan.xlsx]]>
  </system-out>
</testsuite> <!-- Loan.DemandGeneration -->
