<?xml version="1.0" encoding="UTF-8"?>
<!-- Generated by org.testng.reporters.JUnitXMLReporter -->
<testsuite ignored="0" hostname="Priyaramasami-Personal-11255" failures="2" tests="2" name="FunctionalityTesting" time="94.062" errors="0" timestamp="2025-10-14T16:30:19 IST">
  <testcase classname="PaymentTestCases.TC15_Invokeguaranteeaftermarkingitforinvocation" name="runTest" time="21.154">
    <failure type="java.lang.AssertionError" message="❌ Assertion Failure: Test Failed: Exception occurred -&amp;gt; Expected condition failed: waiting for presence of element located by: By.id: loanacid (tried for 10 second(s) with 500 milliseconds interval)">
      <![CDATA[java.lang.AssertionError: ❌ Assertion Failure: Test Failed: Exception occurred -> Expected condition failed: waiting for presence of element located by: By.id: loanacid (tried for 10 second(s) with 500 milliseconds interval)
at PaymentTestCases.TC15_Invokeguaranteeaftermarkingitforinvocation.runTest(TC15_Invokeguaranteeaftermarkingitforinvocation.java:79)
at java.base/java.util.ArrayList.forEach(ArrayList.java:1511)
... Removed 32 stack frames]]>
    </failure>
  </testcase> <!-- runTest -->
  <testcase classname="PaymentTestCases.TC16_CloseTheguaranteeWhichIsAlreadyInvoked" name="runTest" time="68.259">
    <failure type="java.lang.AssertionError" message="Test Failed: Exception occurred -&amp;gt; Expected condition failed: waiting for visibility of element located by By.xpath: //label[@id=&amp;apos;compField&amp;apos;] (tried for 20 second(s) with 500 milliseconds interval)
Build info: version: &amp;apos;4.29.0&amp;apos;, revision: &amp;apos;5fc1ec94cb&amp;apos;
System info: os.name: &amp;apos;Windows 11&amp;apos;, os.arch: &amp;apos;amd64&amp;apos;, os.version: &amp;apos;10.0&amp;apos;, java.version: &amp;apos;17.0.12&amp;apos;
Driver info: org.openqa.selenium.edge.EdgeDriver
Capabilities {acceptInsecureCerts: false, browserName: MicrosoftEdge, browserVersion: 141.0.3537.71, fedcm:accounts: true, ms:edgeOptions: {debuggerAddress: localhost:59841}, msedge: {msedgedriverVersion: 141.0.3537.71 (e9128b790533..., userDataDir: C:\Users\priya\AppData\Loca...}, networkConnectionEnabled: false, pageLoadStrategy: normal, platformName: windows, proxy: Proxy(), se:cdp: ws://localhost:59841/devtoo..., se:cdpVersion: 141.0.3537.71, setWindowRect: true, strictFileInteractability: false, timeouts: {implicit: 0, pageLoad: 300000, script: 30000}, unhandledPromptBehavior: dismiss and notify, webauthn:extension:credBlob: true, webauthn:extension:largeBlob: true, webauthn:extension:minPinLength: true, webauthn:extension:prf: true, webauthn:virtualAuthenticators: true}
Session ID: eed5c485a1045ee08b890c0f38da7212">
      <![CDATA[java.lang.AssertionError: Test Failed: Exception occurred -> Expected condition failed: waiting for visibility of element located by By.xpath: //label[@id='compField'] (tried for 20 second(s) with 500 milliseconds interval)
Build info: version: '4.29.0', revision: '5fc1ec94cb'
System info: os.name: 'Windows 11', os.arch: 'amd64', os.version: '10.0', java.version: '17.0.12'
Driver info: org.openqa.selenium.edge.EdgeDriver
Capabilities {acceptInsecureCerts: false, browserName: MicrosoftEdge, browserVersion: 141.0.3537.71, fedcm:accounts: true, ms:edgeOptions: {debuggerAddress: localhost:59841}, msedge: {msedgedriverVersion: 141.0.3537.71 (e9128b790533..., userDataDir: C:\Users\priya\AppData\Loca...}, networkConnectionEnabled: false, pageLoadStrategy: normal, platformName: windows, proxy: Proxy(), se:cdp: ws://localhost:59841/devtoo..., se:cdpVersion: 141.0.3537.71, setWindowRect: true, strictFileInteractability: false, timeouts: {implicit: 0, pageLoad: 300000, script: 30000}, unhandledPromptBehavior: dismiss and notify, webauthn:extension:credBlob: true, webauthn:extension:largeBlob: true, webauthn:extension:minPinLength: true, webauthn:extension:prf: true, webauthn:virtualAuthenticators: true}
Session ID: eed5c485a1045ee08b890c0f38da7212
at PAYMENTS.OutwardGuaranteeMaintenance.submitAndValidateGuarantee(OutwardGuaranteeMaintenance.java:261)
at PAYMENTS.OutwardGuaranteeMaintenance.executeWithResultMap(OutwardGuaranteeMaintenance.java:77)
at PaymentTestCases.TC16_CloseTheguaranteeWhichIsAlreadyInvoked.runTest(TC16_CloseTheguaranteeWhichIsAlreadyInvoked.java:52)
at java.base/java.util.ArrayList.forEach(ArrayList.java:1511)
... Removed 32 stack frames]]>
    </failure>
  </testcase> <!-- runTest -->
</testsuite> <!-- FunctionalityTesting -->
