<?xml version="1.0" encoding="UTF-8"?>
<!-- Generated by org.testng.reporters.JUnitXMLReporter -->
<testsuite ignored="0" hostname="christina" failures="1" tests="2" name="TermDepositExecution" time="394.372" errors="0" timestamp="2025-10-08T17:48:19 IST">
  <testcase classname="NegativeTestCase.AddcollateralforLA" name="CreateLoan" time="111.325"/>
  <testcase classname="NegativeTestCase.VerifyLAColletralAccounts" name="VerifyLoanAccount" time="236.744">
    <failure type="java.lang.AssertionError" message="Test Failed due to mismatches in validation!">
      <![CDATA[java.lang.AssertionError: Test Failed due to mismatches in validation!
at NegativeTestCase.VerifyLAColletralAccounts.VerifyLoanAccount(VerifyLAColletralAccounts.java:109)
at java.base/java.util.ArrayList.forEach(ArrayList.java:1511)
at TestCases.TC06_CreateLoanAccountUsingColletralScheme.runTestSuiteInOrder(TC06_CreateLoanAccountUsingColletralScheme.java:55)
at java.base/java.util.ArrayList.forEach(ArrayList.java:1511)
... Removed 52 stack frames]]>
    </failure>
  </testcase> <!-- VerifyLoanAccount -->
</testsuite> <!-- TermDepositExecution -->
