{"uuid":"1705442c-076f-4f0d-9b30-1028eea41a29","historyId":"7fa9749170294e87a5811a7ff26929f7","fullName":"Positive.VerificationOfCurrentAccount.CreateLoan","labels":[{"name":"package","value":"Positive.VerificationOfCurrentAccount"},{"name":"testClass","value":"Positive.VerificationOfCurrentAccount"},{"name":"testMethod","value":"CreateLoan"},{"name":"parentSuite","value":"CreationSuite"},{"name":"suite","value":"StepsExecution"},{"name":"subSuite","value":"Positive.VerificationOfCurrentAccount"},{"name":"host","value":"christina"},{"name":"thread","value":"33820@christina.main(1)"},{"name":"framework","value":"testng"},{"name":"language","value":"java"}],"links":[],"name":"CreateLoan","status":"broken","statusDetails":{"known":false,"muted":false,"flaky":false,"message":"Expected condition failed: waiting for presence of element located by: By.id: menuSelect (tried for 30 second(s) with 500 milliseconds interval)","trace":"org.openqa.selenium.TimeoutException: Expected condition failed: waiting for presence of element located by: By.id: menuSelect (tried for 30 second(s) with 500 milliseconds interval)\r\n\tat org.openqa.selenium.support.ui.WebDriverWait.timeoutException(WebDriverWait.java:84)\r\n\tat org.openqa.selenium.support.ui.FluentWait.until(FluentWait.java:228)\r\n\tat Positive.VerificationOfCurrentAccount.CreateLoan(VerificationOfCurrentAccount.java:58)\r\n\tat java.base/jdk.internal.reflect.NativeMethodAccessorImpl.invoke0(Native Method)\r\n\tat java.base/jdk.internal.reflect.NativeMethodAccessorImpl.invoke(NativeMethodAccessorImpl.java:77)\r\n\tat java.base/jdk.internal.reflect.DelegatingMethodAccessorImpl.invoke(DelegatingMethodAccessorImpl.java:43)\r\n\tat java.base/java.lang.reflect.Method.invoke(Method.java:568)\r\n\tat org.testng.internal.invokers.MethodInvocationHelper.invokeMethod(MethodInvocationHelper.java:141)\r\n\tat org.testng.internal.invokers.TestInvoker.invokeMethod(TestInvoker.java:687)\r\n\tat org.testng.internal.invokers.TestInvoker.invokeTestMethod(TestInvoker.java:230)\r\n\tat org.testng.internal.invokers.MethodRunner.runInSequence(MethodRunner.java:63)\r\n\tat org.testng.internal.invokers.TestInvoker$MethodInvocationAgent.invoke(TestInvoker.java:995)\r\n\tat org.testng.internal.invokers.TestInvoker.invokeTestMethods(TestInvoker.java:203)\r\n\tat org.testng.internal.invokers.TestMethodWorker.invokeTestMethods(TestMethodWorker.java:154)\r\n\tat org.testng.internal.invokers.TestMethodWorker.run(TestMethodWorker.java:134)\r\n\tat java.base/java.util.ArrayList.forEach(ArrayList.java:1511)\r\n\tat org.testng.TestRunner.privateRun(TestRunner.java:741)\r\n\tat org.testng.TestRunner.run(TestRunner.java:616)\r\n\tat org.testng.SuiteRunner.runTest(SuiteRunner.java:421)\r\n\tat org.testng.SuiteRunner.runSequentially(SuiteRunner.java:413)\r\n\tat org.testng.SuiteRunner.privateRun(SuiteRunner.java:373)\r\n\tat org.testng.SuiteRunner.run(SuiteRunner.java:312)\r\n\tat org.testng.SuiteRunnerWorker.runSuite(SuiteRunnerWorker.java:52)\r\n\tat org.testng.SuiteRunnerWorker.run(SuiteRunnerWorker.java:95)\r\n\tat org.testng.TestNG.runSuitesSequentially(TestNG.java:1274)\r\n\tat org.testng.TestNG.runSuitesLocally(TestNG.java:1208)\r\n\tat org.testng.TestNG.runSuites(TestNG.java:1112)\r\n\tat org.testng.TestNG.run(TestNG.java:1079)\r\n\tat TestCases1.TC05_CreateCurrentAccountAndVerify.runTestSuiteInOrder(TC05_CreateCurrentAccountAndVerify.java:55)\r\n\tat java.base/jdk.internal.reflect.NativeMethodAccessorImpl.invoke0(Native Method)\r\n\tat java.base/jdk.internal.reflect.NativeMethodAccessorImpl.invoke(NativeMethodAccessorImpl.java:77)\r\n\tat java.base/jdk.internal.reflect.DelegatingMethodAccessorImpl.invoke(DelegatingMethodAccessorImpl.java:43)\r\n\tat java.base/java.lang.reflect.Method.invoke(Method.java:568)\r\n\tat org.testng.internal.invokers.MethodInvocationHelper.invokeMethod(MethodInvocationHelper.java:141)\r\n\tat org.testng.internal.invokers.TestInvoker.invokeMethod(TestInvoker.java:687)\r\n\tat org.testng.internal.invokers.TestInvoker.invokeTestMethod(TestInvoker.java:230)\r\n\tat org.testng.internal.invokers.MethodRunner.runInSequence(MethodRunner.java:63)\r\n\tat org.testng.internal.invokers.TestInvoker$MethodInvocationAgent.invoke(TestInvoker.java:995)\r\n\tat org.testng.internal.invokers.TestInvoker.invokeTestMethods(TestInvoker.java:203)\r\n\tat org.testng.internal.invokers.TestMethodWorker.invokeTestMethods(TestMethodWorker.java:154)\r\n\tat org.testng.internal.invokers.TestMethodWorker.run(TestMethodWorker.java:134)\r\n\tat java.base/java.util.ArrayList.forEach(ArrayList.java:1511)\r\n\tat org.testng.TestRunner.privateRun(TestRunner.java:741)\r\n\tat org.testng.TestRunner.run(TestRunner.java:616)\r\n\tat org.testng.SuiteRunner.runTest(SuiteRunner.java:421)\r\n\tat org.testng.SuiteRunner.runSequentially(SuiteRunner.java:413)\r\n\tat org.testng.SuiteRunner.privateRun(SuiteRunner.java:373)\r\n\tat org.testng.SuiteRunner.run(SuiteRunner.java:312)\r\n\tat org.testng.SuiteRunnerWorker.runSuite(SuiteRunnerWorker.java:52)\r\n\tat org.testng.SuiteRunnerWorker.run(SuiteRunnerWorker.java:95)\r\n\tat org.testng.TestNG.runSuitesSequentially(TestNG.java:1274)\r\n\tat org.testng.TestNG.runSuitesLocally(TestNG.java:1208)\r\n\tat org.testng.TestNG.runSuites(TestNG.java:1112)\r\n\tat org.testng.TestNG.run(TestNG.java:1079)\r\n\tat org.testng.remote.AbstractRemoteTestNG.run(AbstractRemoteTestNG.java:115)\r\n\tat org.testng.remote.RemoteTestNG.initAndRun(RemoteTestNG.java:293)\r\n\tat org.testng.remote.RemoteTestNG.main(RemoteTestNG.java:91)\r\nCaused by: org.openqa.selenium.NoSuchElementException: Unable to find element with css selector == #menuSelect\nFor documentation on this error, please visit: https://www.selenium.dev/documentation/webdriver/troubleshooting/errors#no-such-element-exception\nBuild info: version: '4.29.0', revision: '5fc1ec94cb'\nSystem info: os.name: 'Windows 11', os.arch: 'amd64', os.version: '10.0', java.version: '17.0.12'\nDriver info: org.openqa.selenium.ie.InternetExplorerDriver\nCommand: [f123dace-6864-42d3-96a1-0f822cd0fbfe, findElement {value=menuSelect, using=id}]\nCapabilities {acceptInsecureCerts: false, browserName: internet explorer, browserVersion: 11, pageLoadStrategy: normal, platformName: windows, proxy: Proxy(), se:ieOptions: {browserAttachTimeout: 0, elementScrollBehavior: 0, enablePersistentHover: false, ie.browserCommandLineSwitches: , ie.edgechromium: true, ie.edgepath: C:\\Program Files (x86)\\Micr..., ie.ensureCleanSession: false, ie.fileUploadDialogTimeout: 3000, ie.forceCreateProcessApi: false, ie.ignoreprocessmatch: false, ignoreProtectedModeSettings: true, ignoreZoomSetting: true, initialBrowserUrl: http://localhost:16807/, nativeEvents: true, requireWindowFocus: true}, setWindowRect: true, strictFileInteractability: false, timeouts: {implicit: 0, pageLoad: 300000, script: 30000}, unhandledPromptBehavior: dismiss and notify}\nSession ID: f123dace-6864-42d3-96a1-0f822cd0fbfe\r\n\tat java.base/jdk.internal.reflect.NativeConstructorAccessorImpl.newInstance0(Native Method)\r\n\tat java.base/jdk.internal.reflect.NativeConstructorAccessorImpl.newInstance(NativeConstructorAccessorImpl.java:77)\r\n\tat java.base/jdk.internal.reflect.DelegatingConstructorAccessorImpl.newInstance(DelegatingConstructorAccessorImpl.java:45)\r\n\tat java.base/java.lang.reflect.Constructor.newInstanceWithCaller(Constructor.java:499)\r\n\tat java.base/java.lang.reflect.Constructor.newInstance(Constructor.java:480)\r\n\tat org.openqa.selenium.remote.ErrorCodec.decode(ErrorCodec.java:167)\r\n\tat org.openqa.selenium.remote.codec.w3c.W3CHttpResponseCodec.decode(W3CHttpResponseCodec.java:138)\r\n\tat org.openqa.selenium.remote.codec.w3c.W3CHttpResponseCodec.decode(W3CHttpResponseCodec.java:50)\r\n\tat org.openqa.selenium.remote.HttpCommandExecutor.execute(HttpCommandExecutor.java:215)\r\n\tat org.openqa.selenium.remote.service.DriverCommandExecutor.invokeExecute(DriverCommandExecutor.java:216)\r\n\tat org.openqa.selenium.remote.service.DriverCommandExecutor.execute(DriverCommandExecutor.java:174)\r\n\tat org.openqa.selenium.remote.RemoteWebDriver.execute(RemoteWebDriver.java:545)\r\n\tat org.openqa.selenium.remote.ElementLocation$ElementFinder$2.findElement(ElementLocation.java:165)\r\n\tat org.openqa.selenium.remote.ElementLocation.findElement(ElementLocation.java:59)\r\n\tat org.openqa.selenium.remote.RemoteWebDriver.findElement(RemoteWebDriver.java:368)\r\n\tat org.openqa.selenium.remote.RemoteWebDriver.findElement(RemoteWebDriver.java:362)\r\n\tat org.openqa.selenium.support.ui.ExpectedConditions$6.apply(ExpectedConditions.java:171)\r\n\tat org.openqa.selenium.support.ui.ExpectedConditions$6.apply(ExpectedConditions.java:168)\r\n\tat org.openqa.selenium.support.ui.FluentWait.until(FluentWait.java:203)\r\n\t... 55 more\r\n"},"stage":"finished","steps":[],"attachments":[],"parameters":[{"name":"arg1","value":"RowData{headerMap={DocCode=, ExpiryDate=, DispatchMode=, AccountId=, PurpAdv=, DrawingPowerInd=, MinIntPcntCr=, Tax=, AutSwpFlg=, tdsOpAcct=, TestCaseName=Verify, DocScanFlg=, RepayInstr=, GuardianCode=, AcctPrefIntCr=, Related - CustName=, FreqType=, IntCrAcctFlg=, 2 nd NomineeCifId=, SubSectCode=, FreqDay=, Related-CustTitle=, TypeAdv=, ModeAdv=, PermanentACID=, City=, RelatedFreqDay=, Created_AccountID=, AddressLine2=, Tran_Id=, AddressLine1=, State=, Relation Code=, Modeofoperation=, NomineeCifId=, Country=, Second RelatedPartyflg=, SectCode=, SwpHldyStat=, Regnum=, RelatedFreqWeek=, FreqHldyStat=, CalBase=, PostalCode=, NomineePcnt=, Function=V - Verify, Relation=, SwpDepFreqMnths=, SwpFreqType=, NatAdv=, RelateddispMode=, Second Nominee =, Menu=HOAACVCA, FFD-Schmcode=, CIF ID=, GuardianName=, Nominee Minor=, CustPrefIntCr=, FreqStartDD=, NextIntCrCalcDt=, 2 nd Relationship=, FFD flg=, Relation Type=, 2 nd Nomination Pcnt.=, Related -CustAddrLine1=, MaxIntPcntCr=, ChanPrefIntCr=, RelatedFreqStartDD=, Acct_Statement=, RelatedFreqType=, MinBalOperAcct=, Scheme Code=, DocumentDate=, FreqWeek=, RelatedFreqHldyStat=}, indexList=[Verify, HOAACVCA, V - Verify, , , , , , , , , , , , , , , , , , , , , , , , , , , , , , , , , , , , , , , , , , , , , , , , , , , , , , , , , , , , , , , , , , , , , , , , , ]}"},{"name":"arg0","value":"RowData{headerMap={DocCode=ADHAR, ExpiryDate=04/12/2099, DispatchMode=N - No Dispatch, AccountId=, PurpAdv=, DrawingPowerInd=E - Equal, MinIntPcntCr=2.5, Tax=, AutSwpFlg=, tdsOpAcct=, TestCaseName=CreateSavingsAccount, DocScanFlg=Y - Scan Required, RepayInstr=, GuardianCode=, AcctPrefIntCr=5, Related - CustName=PRIYA, FreqType=M - Monthly, IntCrAcctFlg=S - Original A/c., 2 nd NomineeCifId=, SubSectCode=, FreqDay=, Related-CustTitle=MRS, TypeAdv=, ModeAdv=, PermanentACID=, City=, RelatedFreqDay=, Created_AccountID=003120200000142, AddressLine2=, Tran_Id=, AddressLine1=, State=, Relation Code=003, Modeofoperation=, NomineeCifId=R000002744, Country=, Second RelatedPartyflg=Y, SectCode=AGRI, SwpHldyStat=, Regnum=1, RelatedFreqWeek=, FreqHldyStat=P - Previous day, CalBase=, PostalCode=, NomineePcnt=100, Function=Open, Relation=001, SwpDepFreqMnths=, SwpFreqType=, NatAdv=, RelateddispMode=, Second Nominee =, Menu=HOAACCA, FFD-Schmcode=36003, CIF ID=R0003568, GuardianName=, Nominee Minor=N, CustPrefIntCr=7, FreqStartDD=, NextIntCrCalcDt=15/03/2025, 2 nd Relationship=, FFD flg=N, Relation Type=J - Joint Holder, 2 nd Nomination Pcnt.=, Related -CustAddrLine1=XYZ, MaxIntPcntCr=3, ChanPrefIntCr=8, RelatedFreqStartDD=, Acct_Statement=B - Both, RelatedFreqType=M - Monthly, MinBalOperAcct=, Scheme Code=1202, DocumentDate=15/03/2023, FreqWeek=, RelatedFreqHldyStat=N - Next Day}, indexList=[CreateSavingsAccount, HOAACCA, Open, R0003568, 1202, , B - Both, , M - Monthly, , , , P - Previous day, N - No Dispatch, , 2.5, 3, 7, 5, 8, S - Original A/c., , , , 15/03/2025, 1, R000002744, 001, 100, N, , , , , , , , , , , , , 002, Y, J - Joint Holder, 003, M - Monthly, , , , N - Next Day, , MRS, PRIYA, XYZ, ADHAR, Y - Scan Required, N, 36003, , , , , , , 04/12/2099, 15/03/2023, E - Equal, AGRI, , , , , , 003120200000142, ]}"}],"start":1760682131581,"stop":1760682167024}