{"uuid":"8ccbddee-814d-4ad0-b65a-d1d65166d61b","historyId":"2ffaf0c874b716070237096a0ed36b89","fullName":"Loan.LoanDisbustment.VerifyLoanAccount","labels":[{"name":"package","value":"Loan.LoanDisbustment"},{"name":"testClass","value":"Loan.LoanDisbustment"},{"name":"testMethod","value":"VerifyLoanAccount"},{"name":"parentSuite","value":"Default suite"},{"name":"suite","value":"Default test"},{"name":"subSuite","value":"Loan.LoanDisbustment"},{"name":"host","value":"christina"},{"name":"thread","value":"15132@christina.main(1)"},{"name":"framework","value":"testng"},{"name":"language","value":"java"}],"links":[],"name":"VerifyLoanAccount","status":"broken","statusDetails":{"known":false,"muted":false,"flaky":false,"message":"Expected condition failed: waiting for frame to be available: By.name: CoreServer (tried for 30 second(s) with 500 milliseconds interval)","trace":"org.openqa.selenium.TimeoutException: Expected condition failed: waiting for frame to be available: By.name: CoreServer (tried for 30 second(s) with 500 milliseconds interval)\r\n\tat org.openqa.selenium.support.ui.WebDriverWait.timeoutException(WebDriverWait.java:84)\r\n\tat org.openqa.selenium.support.ui.FluentWait.until(FluentWait.java:228)\r\n\tat Loan.LoanDisbustment.VerifyLoanAccount(LoanDisbustment.java:93)\r\n\tat java.base/jdk.internal.reflect.NativeMethodAccessorImpl.invoke0(Native Method)\r\n\tat java.base/jdk.internal.reflect.NativeMethodAccessorImpl.invoke(NativeMethodAccessorImpl.java:77)\r\n\tat java.base/jdk.internal.reflect.DelegatingMethodAccessorImpl.invoke(DelegatingMethodAccessorImpl.java:43)\r\n\tat java.base/java.lang.reflect.Method.invoke(Method.java:568)\r\n\tat org.testng.internal.invokers.MethodInvocationHelper.invokeMethod(MethodInvocationHelper.java:141)\r\n\tat org.testng.internal.invokers.TestInvoker.invokeMethod(TestInvoker.java:687)\r\n\tat org.testng.internal.invokers.TestInvoker.invokeTestMethod(TestInvoker.java:230)\r\n\tat org.testng.internal.invokers.MethodRunner.runInSequence(MethodRunner.java:63)\r\n\tat org.testng.internal.invokers.TestInvoker$MethodInvocationAgent.invoke(TestInvoker.java:995)\r\n\tat org.testng.internal.invokers.TestInvoker.invokeTestMethods(TestInvoker.java:203)\r\n\tat org.testng.internal.invokers.TestMethodWorker.invokeTestMethods(TestMethodWorker.java:154)\r\n\tat org.testng.internal.invokers.TestMethodWorker.run(TestMethodWorker.java:134)\r\n\tat java.base/java.util.ArrayList.forEach(ArrayList.java:1511)\r\n\tat org.testng.TestRunner.privateRun(TestRunner.java:741)\r\n\tat org.testng.TestRunner.run(TestRunner.java:616)\r\n\tat org.testng.SuiteRunner.runTest(SuiteRunner.java:421)\r\n\tat org.testng.SuiteRunner.runSequentially(SuiteRunner.java:413)\r\n\tat org.testng.SuiteRunner.privateRun(SuiteRunner.java:373)\r\n\tat org.testng.SuiteRunner.run(SuiteRunner.java:312)\r\n\tat org.testng.SuiteRunnerWorker.runSuite(SuiteRunnerWorker.java:52)\r\n\tat org.testng.SuiteRunnerWorker.run(SuiteRunnerWorker.java:95)\r\n\tat org.testng.TestNG.runSuitesSequentially(TestNG.java:1274)\r\n\tat org.testng.TestNG.runSuitesLocally(TestNG.java:1208)\r\n\tat org.testng.TestNG.runSuites(TestNG.java:1112)\r\n\tat org.testng.TestNG.run(TestNG.java:1079)\r\n\tat org.testng.remote.AbstractRemoteTestNG.run(AbstractRemoteTestNG.java:115)\r\n\tat org.testng.remote.RemoteTestNG.initAndRun(RemoteTestNG.java:293)\r\n\tat org.testng.remote.RemoteTestNG.main(RemoteTestNG.java:91)\r\nCaused by: org.openqa.selenium.NoSuchElementException: Unable to find element with css selector == *[name='CoreServer']\nFor documentation on this error, please visit: https://www.selenium.dev/documentation/webdriver/troubleshooting/errors#no-such-element-exception\nBuild info: version: '4.29.0', revision: '5fc1ec94cb'\nSystem info: os.name: 'Windows 11', os.arch: 'amd64', os.version: '10.0', java.version: '17.0.12'\nDriver info: org.openqa.selenium.ie.InternetExplorerDriver\nCommand: [e7ce42ad-a6d0-48af-9668-8705d4515d6b, findElement {value=CoreServer, using=name}]\nCapabilities {acceptInsecureCerts: false, browserName: internet explorer, browserVersion: 11, pageLoadStrategy: normal, platformName: windows, proxy: Proxy(), se:ieOptions: {browserAttachTimeout: 0, elementScrollBehavior: 0, enablePersistentHover: false, ie.browserCommandLineSwitches: , ie.edgechromium: true, ie.edgepath: C:\\Program Files (x86)\\Micr..., ie.ensureCleanSession: false, ie.fileUploadDialogTimeout: 3000, ie.forceCreateProcessApi: false, ie.ignoreprocessmatch: false, ignoreProtectedModeSettings: true, ignoreZoomSetting: true, initialBrowserUrl: http://localhost:48635/, nativeEvents: true, requireWindowFocus: true}, setWindowRect: true, strictFileInteractability: false, timeouts: {implicit: 0, pageLoad: 300000, script: 30000}, unhandledPromptBehavior: dismiss and notify}\nSession ID: e7ce42ad-a6d0-48af-9668-8705d4515d6b\r\n\tat java.base/jdk.internal.reflect.NativeConstructorAccessorImpl.newInstance0(Native Method)\r\n\tat java.base/jdk.internal.reflect.NativeConstructorAccessorImpl.newInstance(NativeConstructorAccessorImpl.java:77)\r\n\tat java.base/jdk.internal.reflect.DelegatingConstructorAccessorImpl.newInstance(DelegatingConstructorAccessorImpl.java:45)\r\n\tat java.base/java.lang.reflect.Constructor.newInstanceWithCaller(Constructor.java:499)\r\n\tat java.base/java.lang.reflect.Constructor.newInstance(Constructor.java:480)\r\n\tat org.openqa.selenium.remote.ErrorCodec.decode(ErrorCodec.java:167)\r\n\tat org.openqa.selenium.remote.codec.w3c.W3CHttpResponseCodec.decode(W3CHttpResponseCodec.java:138)\r\n\tat org.openqa.selenium.remote.codec.w3c.W3CHttpResponseCodec.decode(W3CHttpResponseCodec.java:50)\r\n\tat org.openqa.selenium.remote.HttpCommandExecutor.execute(HttpCommandExecutor.java:215)\r\n\tat org.openqa.selenium.remote.service.DriverCommandExecutor.invokeExecute(DriverCommandExecutor.java:216)\r\n\tat org.openqa.selenium.remote.service.DriverCommandExecutor.execute(DriverCommandExecutor.java:174)\r\n\tat org.openqa.selenium.remote.RemoteWebDriver.execute(RemoteWebDriver.java:545)\r\n\tat org.openqa.selenium.remote.ElementLocation$ElementFinder$2.findElement(ElementLocation.java:165)\r\n\tat org.openqa.selenium.remote.ElementLocation.findElement(ElementLocation.java:59)\r\n\tat org.openqa.selenium.remote.RemoteWebDriver.findElement(RemoteWebDriver.java:368)\r\n\tat org.openqa.selenium.remote.RemoteWebDriver.findElement(RemoteWebDriver.java:362)\r\n\tat org.openqa.selenium.support.ui.ExpectedConditions$17.apply(ExpectedConditions.java:491)\r\n\tat org.openqa.selenium.support.ui.ExpectedConditions$17.apply(ExpectedConditions.java:487)\r\n\tat org.openqa.selenium.support.ui.FluentWait.until(FluentWait.java:203)\r\n\t... 29 more\r\n"},"stage":"finished","steps":[],"attachments":[],"parameters":[{"name":"arg1","value":"RowData{headerMap={relncode=, MONTH=, intRestBasis=, docScanFlg=, drawingPowerInd=, testcasename=disburstment, operacct=, pbPsFreqCalBase=, menu =, pbPsFreqType=, cfid=D - Disbursement, scheme code=50,000.00, Function=, relnType=, custTitle=, relnCode=, loanPerdDays=, noOfInstlmnts=, pbPsFlg=, expiryDate_ui=, pbPsFreqStartDD=, pbPsFreqHldyStat=, OPTION=, docCode=, purpAdv=, menu=HLADISB, loanAmt=, custName=, Created_AccountID=, documentDate_ui=, loanPerdMths=, modeAdv=, CODE=, custAddrLine1=, subSectCode=, despatchMode=, sectCode=}, indexList=[disburstment, HLADISB, D - Disbursement, 50,000.00, , , , , , , , , , , , , , , , , , , , , , , , , , , , , , , , , ]}"},{"name":"arg0","value":"RowData{headerMap={relncode=003, MONTH=12, intRestBasis=Select, docScanFlg=N - Scan not required, drawingPowerInd=E - Equal, testcasename=loan account create, operacct=020334001000074, pbPsFreqCalBase=G - Gregorian Calendar, menu =K - Fixed with Repricing and Floating, pbPsFreqType=M - Monthly, cfid=000077835, scheme code=00113, Function=O - Open, relnType=G - Guarantor, custTitle=MRS, relnCode=006, loanPerdDays=30, noOfInstlmnts=6, pbPsFlg=B - Both, expiryDate_ui=15/03/2026, pbPsFreqStartDD=30, pbPsFreqHldyStat=N - Next Day, OPTION=Select, docCode=036, purpAdv=030, menu=HOAACLA, loanAmt=50000, custName=CHARANPREET KAUR  D/O MALKEET SINGH, Created_AccountID=020300111100110, documentDate_ui=15/03/2023, loanPerdMths=12, modeAdv=005, CODE=002, custAddrLine1=NEAR TOBA BALLUANA BATHINDA, subSectCode=120, despatchMode=N - No Dispatch, sectCode=111}, indexList=[loan account create, HOAACLA, 000077835, 00113, B - Both, M - Monthly, 30, N - Next Day, G - Gregorian Calendar, N - No Dispatch, K - Fixed with Repricing and Floating, 50000, 12, 020334001000074, 12, Select, 15/03/2023, 15/03/2026, E - Equal, 6, Select, 002, 006, G - Guarantor, MRS, CHARANPREET KAUR  D/O MALKEET SINGH, NEAR TOBA BALLUANA BATHINDA, 111, 120, 030, 005, 036, N - Scan not required, O - Open, 020300111100110, 003, 30]}"}],"start":1759384167130,"stop":1759384241608}