<html>
<head>
<title>TestNG:  LoanStepsExecution</title>
<link href="../testng.css" rel="stylesheet" type="text/css" />
<link href="../my-testng.css" rel="stylesheet" type="text/css" />

<style type="text/css">
.log { display: none;} 
.stack-trace { display: none;} 
</style>
<script type="text/javascript">
<!--
function flip(e) {
  current = e.style.display;
  if (current == 'block') {
    e.style.display = 'none';
    return 0;
  }
  else {
    e.style.display = 'block';
    return 1;
  }
}

function toggleBox(szDivId, elem, msg1, msg2)
{
  var res = -1;  if (document.getElementById) {
    res = flip(document.getElementById(szDivId));
  }
  else if (document.all) {
    // this is the way old msie versions work
    res = flip(document.all[szDivId]);
  }
  if(elem) {
    if(res == 0) elem.innerHTML = msg1; else elem.innerHTML = msg2;
  }

}

function toggleAllBoxes() {
  if (document.getElementsByTagName) {
    d = document.getElementsByTagName('div');
    for (i = 0; i < d.length; i++) {
      if (d[i].className == 'log') {
        flip(d[i]);
      }
    }
  }
}

// -->
</script>

</head>
<body>
<h2 align='center'>LoanStepsExecution</h2><table border='1' align="center">
<tr>
<td>Tests passed/Failed/Skipped:</td><td>2/1/0</td>
</tr><tr>
<td>Started on:</td><td>Fri Oct 10 10:23:43 IST 2025</td>
</tr>
<tr><td>Total time:</td><td>432 seconds (432113 ms)</td>
</tr><tr>
<td>Included groups:</td><td></td>
</tr><tr>
<td>Excluded groups:</td><td></td>
</tr>
</table><p/>
<small><i>(Hover the method name to see the test class name)</i></small><p/>
<table width='100%' border='1' class='invocation-failed'>
<tr><td colspan='4' align='center'><b>FAILED TESTS</b></td></tr>
<tr><td><b>Test method</b></td>
<td><b>Attribute(s)</b></td>
<td width="30%"><b>Exception</b></td>
<td width="10%"><b>Time (seconds)</b></td>
<td><b>Instance</b></td>
</tr>
<tr>
<td title='Loan.Loanverification.VerifyLoanAccount()'><b>VerifyLoanAccount</b><br>Test class: Loan.Loanverification<br>Parameters: RowData{headerMap={relncode=003, MONTH=12, intRestBasis=Select, docScanFlg=N - Scan not required, drawingPowerInd=E - Equal, testcasename=loan account create, operacct=020334001000074, pbPsFreqCalBase=G - Gregorian Calendar, menu =K - Fixed with Repricing and Floating, pbPsFreqType=M - Monthly, cfid=000077835, scheme code=00113, Function=O - Open, relnType=G - Guarantor, custTitle=MRS, relnCode=006, loanPerdDays=30, noOfInstlmnts=6, pbPsFlg=B - Both, expiryDate_ui=15/03/2026, pbPsFreqStartDD=30, pbPsFreqHldyStat=N - Next Day, OPTION=Select, docCode=036, purpAdv=030, menu=HOAACLA, loanAmt=50000, custName=CHARANPREET KAUR  D/O MALKEET SINGH, Created_AccountID=020700113100030, documentDate_ui=15/03/2023, loanPerdMths=12, modeAdv=005, CODE=002, custAddrLine1=NEAR TOBA BALLUANA BATHINDA, subSectCode=120, despatchMode=N - No Dispatch, sectCode=111}, indexList=[loan account create, HOAACLA, 000077835, 00113, B - Both, M - Monthly, 30, N - Next Day, G - Gregorian Calendar, N - No Dispatch, K - Fixed with Repricing and Floating, 50000, 12, 020334001000074, 12, Select, 15/03/2023, 15/03/2026, E - Equal, 6, Select, 002, 006, G - Guarantor, MRS, CHARANPREET KAUR  D/O MALKEET SINGH, NEAR TOBA BALLUANA BATHINDA, 111, 120, 030, 005, 036, N - Scan not required, O - Open, 020700113100030, 003, 30]}, RowData{headerMap={relncode=, MONTH=, intRestBasis=, docScanFlg=, drawingPowerInd=, testcasename=verification, operacct=, pbPsFreqCalBase=, menu =, pbPsFreqType=, cfid=V - Verify, scheme code=, Function=, relnType=, custTitle=, relnCode=, loanPerdDays=, noOfInstlmnts=, pbPsFlg=, expiryDate_ui=, pbPsFreqStartDD=, pbPsFreqHldyStat=, OPTION=, docCode=, purpAdv=, menu=HOAACVLA, loanAmt=, custName=, Created_AccountID=, documentDate_ui=, loanPerdMths=, modeAdv=, CODE=, custAddrLine1=, subSectCode=, despatchMode=, sectCode=}, indexList=[verification, HOAACVLA, V - Verify, , , , , , , , , , , , , , , , , , , , , , , , , , , , , , , , , , ]}</td>
<td><div><pre>org.openqa.selenium.NoSuchElementException: Unable to find element with css selector == #laacctinterest
For documentation on this error, please visit: https://www.selenium.dev/documentation/webdriver/troubleshooting/errors#no-such-element-exception
Build info: version: &apos;4.29.0&apos;, revision: &apos;5fc1ec94cb&apos;
System info: os.name: &apos;Windows 11&apos;, os.arch: &apos;amd64&apos;, os.version: &apos;10.0&apos;, java.version: &apos;17.0.12&apos;
Driver info: org.openqa.selenium.ie.InternetExplorerDriver
Command: [bd032a72-2353-4f15-8cc7-4fa823a4336c, findElement {value=laacctinterest, using=id}]
Capabilities {acceptInsecureCerts: false, browserName: internet explorer, browserVersion: 11, pageLoadStrategy: normal, platformName: windows, proxy: Proxy(), se:ieOptions: {browserAttachTimeout: 0, elementScrollBehavior: 0, enablePersistentHover: false, ie.browserCommandLineSwitches: , ie.edgechromium: true, ie.edgepath: C:\Program Files (x86)\Micr..., ie.ensureCleanSession: false, ie.fileUploadDialogTimeout: 3000, ie.forceCreateProcessApi: false, ie.ignoreprocessmatch: false, ignoreProtectedModeSettings: true, ignoreZoomSetting: true, initialBrowserUrl: http://localhost:10770/, nativeEvents: true, requireWindowFocus: true}, setWindowRect: true, strictFileInteractability: false, timeouts: {implicit: 0, pageLoad: 300000, script: 30000}, unhandledPromptBehavior: dismiss and notify}
Session ID: bd032a72-2353-4f15-8cc7-4fa823a4336c
	at org.openqa.selenium.remote.ErrorCodec.decode(ErrorCodec.java:167)
	at org.openqa.selenium.remote.codec.w3c.W3CHttpResponseCodec.decode(W3CHttpResponseCodec.java:138)
	at org.openqa.selenium.remote.codec.w3c.W3CHttpResponseCodec.decode(W3CHttpResponseCodec.java:50)
	at org.openqa.selenium.remote.HttpCommandExecutor.execute(HttpCommandExecutor.java:215)
	at org.openqa.selenium.remote.service.DriverCommandExecutor.invokeExecute(DriverCommandExecutor.java:216)
	at org.openqa.selenium.remote.service.DriverCommandExecutor.execute(DriverCommandExecutor.java:174)
	at org.openqa.selenium.remote.RemoteWebDriver.execute(RemoteWebDriver.java:545)
	at org.openqa.selenium.remote.ElementLocation$ElementFinder$2.findElement(ElementLocation.java:165)
	at org.openqa.selenium.remote.ElementLocation.findElement(ElementLocation.java:59)
	at org.openqa.selenium.remote.RemoteWebDriver.findElement(RemoteWebDriver.java:368)
	at org.openqa.selenium.remote.RemoteWebDriver.findElement(RemoteWebDriver.java:362)
	at Loan.Loanverification.getApplicationData(Loanverification.java:164)
	at Loan.Loanverification.VerifyLoanAccount(Loanverification.java:76)
	at java.base/java.util.ArrayList.forEach(ArrayList.java:1511)
	at TestCases.TC05_LoanDisburstmentAndClose.runTestSuiteInOrder(TC05_LoanDisburstmentAndClose.java:55)
	at java.base/java.util.ArrayList.forEach(ArrayList.java:1511)
... Removed 59 stack frames</pre></div><a href='#' onClick='toggleBox("stack-trace1348109698", this, "Click to show all stack frames", "Click to hide stack frames")'>Click to show all stack frames</a>
<div class='stack-trace' id='stack-trace1348109698'><pre>org.openqa.selenium.NoSuchElementException: Unable to find element with css selector == #laacctinterest
For documentation on this error, please visit: https://www.selenium.dev/documentation/webdriver/troubleshooting/errors#no-such-element-exception
Build info: version: &apos;4.29.0&apos;, revision: &apos;5fc1ec94cb&apos;
System info: os.name: &apos;Windows 11&apos;, os.arch: &apos;amd64&apos;, os.version: &apos;10.0&apos;, java.version: &apos;17.0.12&apos;
Driver info: org.openqa.selenium.ie.InternetExplorerDriver
Command: [bd032a72-2353-4f15-8cc7-4fa823a4336c, findElement {value=laacctinterest, using=id}]
Capabilities {acceptInsecureCerts: false, browserName: internet explorer, browserVersion: 11, pageLoadStrategy: normal, platformName: windows, proxy: Proxy(), se:ieOptions: {browserAttachTimeout: 0, elementScrollBehavior: 0, enablePersistentHover: false, ie.browserCommandLineSwitches: , ie.edgechromium: true, ie.edgepath: C:\Program Files (x86)\Micr..., ie.ensureCleanSession: false, ie.fileUploadDialogTimeout: 3000, ie.forceCreateProcessApi: false, ie.ignoreprocessmatch: false, ignoreProtectedModeSettings: true, ignoreZoomSetting: true, initialBrowserUrl: http://localhost:10770/, nativeEvents: true, requireWindowFocus: true}, setWindowRect: true, strictFileInteractability: false, timeouts: {implicit: 0, pageLoad: 300000, script: 30000}, unhandledPromptBehavior: dismiss and notify}
Session ID: bd032a72-2353-4f15-8cc7-4fa823a4336c
	at jdk.internal.reflect.GeneratedConstructorAccessor37.newInstance(Unknown Source)
	at java.base/jdk.internal.reflect.DelegatingConstructorAccessorImpl.newInstance(DelegatingConstructorAccessorImpl.java:45)
	at java.base/java.lang.reflect.Constructor.newInstanceWithCaller(Constructor.java:499)
	at java.base/java.lang.reflect.Constructor.newInstance(Constructor.java:480)
	at org.openqa.selenium.remote.ErrorCodec.decode(ErrorCodec.java:167)
	at org.openqa.selenium.remote.codec.w3c.W3CHttpResponseCodec.decode(W3CHttpResponseCodec.java:138)
	at org.openqa.selenium.remote.codec.w3c.W3CHttpResponseCodec.decode(W3CHttpResponseCodec.java:50)
	at org.openqa.selenium.remote.HttpCommandExecutor.execute(HttpCommandExecutor.java:215)
	at org.openqa.selenium.remote.service.DriverCommandExecutor.invokeExecute(DriverCommandExecutor.java:216)
	at org.openqa.selenium.remote.service.DriverCommandExecutor.execute(DriverCommandExecutor.java:174)
	at org.openqa.selenium.remote.RemoteWebDriver.execute(RemoteWebDriver.java:545)
	at org.openqa.selenium.remote.ElementLocation$ElementFinder$2.findElement(ElementLocation.java:165)
	at org.openqa.selenium.remote.ElementLocation.findElement(ElementLocation.java:59)
	at org.openqa.selenium.remote.RemoteWebDriver.findElement(RemoteWebDriver.java:368)
	at org.openqa.selenium.remote.RemoteWebDriver.findElement(RemoteWebDriver.java:362)
	at Loan.Loanverification.getApplicationData(Loanverification.java:164)
	at Loan.Loanverification.VerifyLoanAccount(Loanverification.java:76)
	at java.base/jdk.internal.reflect.NativeMethodAccessorImpl.invoke0(Native Method)
	at java.base/jdk.internal.reflect.NativeMethodAccessorImpl.invoke(NativeMethodAccessorImpl.java:77)
	at java.base/jdk.internal.reflect.DelegatingMethodAccessorImpl.invoke(DelegatingMethodAccessorImpl.java:43)
	at java.base/java.lang.reflect.Method.invoke(Method.java:568)
	at org.testng.internal.invokers.MethodInvocationHelper.invokeMethod(MethodInvocationHelper.java:141)
	at org.testng.internal.invokers.TestInvoker.invokeMethod(TestInvoker.java:687)
	at org.testng.internal.invokers.TestInvoker.invokeTestMethod(TestInvoker.java:230)
	at org.testng.internal.invokers.MethodRunner.runInSequence(MethodRunner.java:63)
	at org.testng.internal.invokers.TestInvoker$MethodInvocationAgent.invoke(TestInvoker.java:995)
	at org.testng.internal.invokers.TestInvoker.invokeTestMethods(TestInvoker.java:203)
	at org.testng.internal.invokers.TestMethodWorker.invokeTestMethods(TestMethodWorker.java:154)
	at org.testng.internal.invokers.TestMethodWorker.run(TestMethodWorker.java:134)
	at java.base/java.util.ArrayList.forEach(ArrayList.java:1511)
	at org.testng.TestRunner.privateRun(TestRunner.java:741)
	at org.testng.TestRunner.run(TestRunner.java:616)
	at org.testng.SuiteRunner.runTest(SuiteRunner.java:421)
	at org.testng.SuiteRunner.runSequentially(SuiteRunner.java:413)
	at org.testng.SuiteRunner.privateRun(SuiteRunner.java:373)
	at org.testng.SuiteRunner.run(SuiteRunner.java:312)
	at org.testng.SuiteRunnerWorker.runSuite(SuiteRunnerWorker.java:52)
	at org.testng.SuiteRunnerWorker.run(SuiteRunnerWorker.java:95)
	at org.testng.TestNG.runSuitesSequentially(TestNG.java:1274)
	at org.testng.TestNG.runSuitesLocally(TestNG.java:1208)
	at org.testng.TestNG.runSuites(TestNG.java:1112)
	at org.testng.TestNG.run(TestNG.java:1079)
	at TestCases.TC05_LoanDisburstmentAndClose.runTestSuiteInOrder(TC05_LoanDisburstmentAndClose.java:55)
	at java.base/jdk.internal.reflect.NativeMethodAccessorImpl.invoke0(Native Method)
	at java.base/jdk.internal.reflect.NativeMethodAccessorImpl.invoke(NativeMethodAccessorImpl.java:77)
	at java.base/jdk.internal.reflect.DelegatingMethodAccessorImpl.invoke(DelegatingMethodAccessorImpl.java:43)
	at java.base/java.lang.reflect.Method.invoke(Method.java:568)
	at org.testng.internal.invokers.MethodInvocationHelper.invokeMethod(MethodInvocationHelper.java:141)
	at org.testng.internal.invokers.TestInvoker.invokeMethod(TestInvoker.java:687)
	at org.testng.internal.invokers.TestInvoker.invokeTestMethod(TestInvoker.java:230)
	at org.testng.internal.invokers.MethodRunner.runInSequence(MethodRunner.java:63)
	at org.testng.internal.invokers.TestInvoker$MethodInvocationAgent.invoke(TestInvoker.java:995)
	at org.testng.internal.invokers.TestInvoker.invokeTestMethods(TestInvoker.java:203)
	at org.testng.internal.invokers.TestMethodWorker.invokeTestMethods(TestMethodWorker.java:154)
	at org.testng.internal.invokers.TestMethodWorker.run(TestMethodWorker.java:134)
	at java.base/java.util.ArrayList.forEach(ArrayList.java:1511)
	at org.testng.TestRunner.privateRun(TestRunner.java:741)
	at org.testng.TestRunner.run(TestRunner.java:616)
	at org.testng.SuiteRunner.runTest(SuiteRunner.java:421)
	at org.testng.SuiteRunner.runSequentially(SuiteRunner.java:413)
	at org.testng.SuiteRunner.privateRun(SuiteRunner.java:373)
	at org.testng.SuiteRunner.run(SuiteRunner.java:312)
	at org.testng.SuiteRunnerWorker.runSuite(SuiteRunnerWorker.java:52)
	at org.testng.SuiteRunnerWorker.run(SuiteRunnerWorker.java:95)
	at org.testng.TestNG.runSuitesSequentially(TestNG.java:1274)
	at org.testng.TestNG.runSuitesLocally(TestNG.java:1208)
	at org.testng.TestNG.runSuites(TestNG.java:1112)
	at org.testng.TestNG.run(TestNG.java:1079)
	at org.apache.maven.surefire.testng.TestNGExecutor.run(TestNGExecutor.java:308)
	at org.apache.maven.surefire.testng.TestNGXmlTestSuite.execute(TestNGXmlTestSuite.java:71)
	at org.apache.maven.surefire.testng.TestNGProvider.invoke(TestNGProvider.java:113)
	at org.apache.maven.surefire.booter.ForkedBooter.runSuitesInProcess(ForkedBooter.java:385)
	at org.apache.maven.surefire.booter.ForkedBooter.execute(ForkedBooter.java:162)
	at org.apache.maven.surefire.booter.ForkedBooter.run(ForkedBooter.java:507)
	at org.apache.maven.surefire.booter.ForkedBooter.main(ForkedBooter.java:495)
</pre></div></td>
<td>209</td>
<td>Loan.Loanverification@46e388ec</td></tr>
</table><p>
<table width='100%' border='1' class='invocation-passed'>
<tr><td colspan='4' align='center'><b>PASSED TESTS</b></td></tr>
<tr><td><b>Test method</b></td>
<td><b>Attribute(s)</b></td>
<td width="30%"><b>Exception</b></td>
<td width="10%"><b>Time (seconds)</b></td>
<td><b>Instance</b></td>
</tr>
<tr>
<td title='Loan.VerifyDisburstment.VerifyLoanAccount()'><b>VerifyLoanAccount</b><br>Test class: Loan.VerifyDisburstment<br>Parameters: RowData{headerMap={relncode=003, MONTH=12, intRestBasis=Select, docScanFlg=N - Scan not required, drawingPowerInd=E - Equal, testcasename=loan account create, operacct=020334001000074, pbPsFreqCalBase=G - Gregorian Calendar, menu =K - Fixed with Repricing and Floating, pbPsFreqType=M - Monthly, cfid=000077835, scheme code=00113, Function=O - Open, relnType=G - Guarantor, custTitle=MRS, relnCode=006, loanPerdDays=30, noOfInstlmnts=6, pbPsFlg=B - Both, expiryDate_ui=15/03/2026, pbPsFreqStartDD=30, pbPsFreqHldyStat=N - Next Day, OPTION=Select, docCode=036, purpAdv=030, menu=HOAACLA, loanAmt=50000, custName=CHARANPREET KAUR  D/O MALKEET SINGH, Created_AccountID=020700113100030, documentDate_ui=15/03/2023, loanPerdMths=12, modeAdv=005, CODE=002, custAddrLine1=NEAR TOBA BALLUANA BATHINDA, subSectCode=120, despatchMode=N - No Dispatch, sectCode=111}, indexList=[loan account create, HOAACLA, 000077835, 00113, B - Both, M - Monthly, 30, N - Next Day, G - Gregorian Calendar, N - No Dispatch, K - Fixed with Repricing and Floating, 50000, 12, 020334001000074, 12, Select, 15/03/2023, 15/03/2026, E - Equal, 6, Select, 002, 006, G - Guarantor, MRS, CHARANPREET KAUR  D/O MALKEET SINGH, NEAR TOBA BALLUANA BATHINDA, 111, 120, 030, 005, 036, N - Scan not required, O - Open, 020700113100030, 003, 30]}, RowData{headerMap={relncode=, MONTH=, intRestBasis=, docScanFlg=, drawingPowerInd=, testcasename=disburstment, operacct=, pbPsFreqCalBase=, menu =, pbPsFreqType=, cfid=V - Verify, scheme code=, Function=, relnType=, custTitle=, relnCode=, loanPerdDays=, noOfInstlmnts=, pbPsFlg=, expiryDate_ui=, pbPsFreqStartDD=, pbPsFreqHldyStat=, OPTION=, docCode=, purpAdv=, menu=HLADISB, loanAmt=, custName=, Created_AccountID=, documentDate_ui=, loanPerdMths=, modeAdv=, CODE=, custAddrLine1=, subSectCode=, despatchMode=, sectCode=}, indexList=[disburstment, HLADISB, V - Verify, , , , , , , , , , , , , , , , , , , , , , , , , , , , , , , , , , ]}</td>
<td></td>
<td>52</td>
<td>Loan.VerifyDisburstment@1f408ab6</td></tr>
<tr>
<td title='Loan.LoanDisbustment.VerifyLoanAccount()'><b>VerifyLoanAccount</b><br>Test class: Loan.LoanDisbustment<br>Parameters: RowData{headerMap={relncode=003, MONTH=12, intRestBasis=Select, docScanFlg=N - Scan not required, drawingPowerInd=E - Equal, testcasename=loan account create, operacct=020334001000074, pbPsFreqCalBase=G - Gregorian Calendar, menu =K - Fixed with Repricing and Floating, pbPsFreqType=M - Monthly, cfid=000077835, scheme code=00113, Function=O - Open, relnType=G - Guarantor, custTitle=MRS, relnCode=006, loanPerdDays=30, noOfInstlmnts=6, pbPsFlg=B - Both, expiryDate_ui=15/03/2026, pbPsFreqStartDD=30, pbPsFreqHldyStat=N - Next Day, OPTION=Select, docCode=036, purpAdv=030, menu=HOAACLA, loanAmt=50000, custName=CHARANPREET KAUR  D/O MALKEET SINGH, Created_AccountID=020700113100030, documentDate_ui=15/03/2023, loanPerdMths=12, modeAdv=005, CODE=002, custAddrLine1=NEAR TOBA BALLUANA BATHINDA, subSectCode=120, despatchMode=N - No Dispatch, sectCode=111}, indexList=[loan account create, HOAACLA, 000077835, 00113, B - Both, M - Monthly, 30, N - Next Day, G - Gregorian Calendar, N - No Dispatch, K - Fixed with Repricing and Floating, 50000, 12, 020334001000074, 12, Select, 15/03/2023, 15/03/2026, E - Equal, 6, Select, 002, 006, G - Guarantor, MRS, CHARANPREET KAUR  D/O MALKEET SINGH, NEAR TOBA BALLUANA BATHINDA, 111, 120, 030, 005, 036, N - Scan not required, O - Open, 020700113100030, 003, 30]}, RowData{headerMap={relncode=, MONTH=, intRestBasis=, docScanFlg=, drawingPowerInd=, testcasename=disburstment, operacct=, pbPsFreqCalBase=, menu =, pbPsFreqType=, cfid=D - Disbursement, scheme code=, Function=, relnType=, custTitle=, relnCode=, loanPerdDays=, noOfInstlmnts=, pbPsFlg=50000, expiryDate_ui=, pbPsFreqStartDD=, pbPsFreqHldyStat=, OPTION=, docCode=, purpAdv=, menu=HLADISB, loanAmt=, custName=, Created_AccountID=, documentDate_ui=, loanPerdMths=, modeAdv=, CODE=, custAddrLine1=, subSectCode=, despatchMode=, sectCode=}, indexList=[disburstment, HLADISB, D - Disbursement, , 50000, , , , , , , , , , , , , , , , , , , , , , , , , , , , , , , , ]}</td>
<td></td>
<td>85</td>
<td>Loan.LoanDisbustment@491893f8</td></tr>
</table><p>
</body>
</html>