<?xml version="1.0" encoding="UTF-8"?>
<testng-results ignored="0" total="2" passed="0" failed="2" skipped="0">
  <reporter-output>
  </reporter-output>
  <suite started-at="2025-10-14T16:28:44 IST" name="FunctionalityTesting" finished-at="2025-10-14T16:30:18 IST" duration-ms="94062">
    <groups>
    </groups>
    <test started-at="2025-10-14T16:28:44 IST" name="FunctionalityTesting" finished-at="2025-10-14T16:30:18 IST" duration-ms="94062">
      <class name="PaymentTestCases.TC16_CloseTheguaranteeWhichIsAlreadyInvoked">
        <test-method is-config="true" signature="setup()[pri:0, instance:PaymentTestCases.TC16_CloseTheguaranteeWhichIsAlreadyInvoked@4082ba93]" started-at="2025-10-14T16:29:10 IST" name="setup" finished-at="2025-10-14T16:29:10 IST" duration-ms="126" status="PASS">
          <reporter-output>
          </reporter-output>
        </test-method> <!-- setup -->
        <test-method signature="runTest()[pri:0, instance:PaymentTestCases.TC16_CloseTheguaranteeWhichIsAlreadyInvoked@4082ba93]" started-at="2025-10-14T16:29:10 IST" name="runTest" finished-at="2025-10-14T16:30:18 IST" duration-ms="68259" status="FAIL">
          <exception class="java.lang.AssertionError">
            <message>
              <![CDATA[Test Failed: Exception occurred -> Expected condition failed: waiting for visibility of element located by By.xpath: //label[@id='compField'] (tried for 20 second(s) with 500 milliseconds interval)
Build info: version: '4.29.0', revision: '5fc1ec94cb'
System info: os.name: 'Windows 11', os.arch: 'amd64', os.version: '10.0', java.version: '17.0.12'
Driver info: org.openqa.selenium.edge.EdgeDriver
Capabilities {acceptInsecureCerts: false, browserName: MicrosoftEdge, browserVersion: 141.0.3537.71, fedcm:accounts: true, ms:edgeOptions: {debuggerAddress: localhost:59841}, msedge: {msedgedriverVersion: 141.0.3537.71 (e9128b790533..., userDataDir: C:\Users\priya\AppData\Loca...}, networkConnectionEnabled: false, pageLoadStrategy: normal, platformName: windows, proxy: Proxy(), se:cdp: ws://localhost:59841/devtoo..., se:cdpVersion: 141.0.3537.71, setWindowRect: true, strictFileInteractability: false, timeouts: {implicit: 0, pageLoad: 300000, script: 30000}, unhandledPromptBehavior: dismiss and notify, webauthn:extension:credBlob: true, webauthn:extension:largeBlob: true, webauthn:extension:minPinLength: true, webauthn:extension:prf: true, webauthn:virtualAuthenticators: true}
Session ID: eed5c485a1045ee08b890c0f38da7212]]>
            </message>
            <full-stacktrace>
              <![CDATA[java.lang.AssertionError: Test Failed: Exception occurred -> Expected condition failed: waiting for visibility of element located by By.xpath: //label[@id='compField'] (tried for 20 second(s) with 500 milliseconds interval)
Build info: version: '4.29.0', revision: '5fc1ec94cb'
System info: os.name: 'Windows 11', os.arch: 'amd64', os.version: '10.0', java.version: '17.0.12'
Driver info: org.openqa.selenium.edge.EdgeDriver
Capabilities {acceptInsecureCerts: false, browserName: MicrosoftEdge, browserVersion: 141.0.3537.71, fedcm:accounts: true, ms:edgeOptions: {debuggerAddress: localhost:59841}, msedge: {msedgedriverVersion: 141.0.3537.71 (e9128b790533..., userDataDir: C:\Users\priya\AppData\Loca...}, networkConnectionEnabled: false, pageLoadStrategy: normal, platformName: windows, proxy: Proxy(), se:cdp: ws://localhost:59841/devtoo..., se:cdpVersion: 141.0.3537.71, setWindowRect: true, strictFileInteractability: false, timeouts: {implicit: 0, pageLoad: 300000, script: 30000}, unhandledPromptBehavior: dismiss and notify, webauthn:extension:credBlob: true, webauthn:extension:largeBlob: true, webauthn:extension:minPinLength: true, webauthn:extension:prf: true, webauthn:virtualAuthenticators: true}
Session ID: eed5c485a1045ee08b890c0f38da7212
at org.testng.Assert.fail(Assert.java:111)
at PAYMENTS.OutwardGuaranteeMaintenance.submitAndValidateGuarantee(OutwardGuaranteeMaintenance.java:261)
at PAYMENTS.OutwardGuaranteeMaintenance.executeWithResultMap(OutwardGuaranteeMaintenance.java:77)
at PaymentTestCases.TC16_CloseTheguaranteeWhichIsAlreadyInvoked.runTest(TC16_CloseTheguaranteeWhichIsAlreadyInvoked.java:52)
at java.base/jdk.internal.reflect.NativeMethodAccessorImpl.invoke0(Native Method)
at java.base/jdk.internal.reflect.NativeMethodAccessorImpl.invoke(NativeMethodAccessorImpl.java:77)
at java.base/jdk.internal.reflect.DelegatingMethodAccessorImpl.invoke(DelegatingMethodAccessorImpl.java:43)
at java.base/java.lang.reflect.Method.invoke(Method.java:568)
at org.testng.internal.invokers.MethodInvocationHelper.invokeMethod(MethodInvocationHelper.java:141)
at org.testng.internal.invokers.TestInvoker.invokeMethod(TestInvoker.java:687)
at org.testng.internal.invokers.TestInvoker.invokeTestMethod(TestInvoker.java:230)
at org.testng.internal.invokers.MethodRunner.runInSequence(MethodRunner.java:63)
at org.testng.internal.invokers.TestInvoker$MethodInvocationAgent.invoke(TestInvoker.java:995)
at org.testng.internal.invokers.TestInvoker.invokeTestMethods(TestInvoker.java:203)
at org.testng.internal.invokers.TestMethodWorker.invokeTestMethods(TestMethodWorker.java:154)
at org.testng.internal.invokers.TestMethodWorker.run(TestMethodWorker.java:134)
at java.base/java.util.ArrayList.forEach(ArrayList.java:1511)
at org.testng.TestRunner.privateRun(TestRunner.java:741)
at org.testng.TestRunner.run(TestRunner.java:616)
at org.testng.SuiteRunner.runTest(SuiteRunner.java:421)
at org.testng.SuiteRunner.runSequentially(SuiteRunner.java:413)
at org.testng.SuiteRunner.privateRun(SuiteRunner.java:373)
at org.testng.SuiteRunner.run(SuiteRunner.java:312)
at org.testng.SuiteRunnerWorker.runSuite(SuiteRunnerWorker.java:52)
at org.testng.SuiteRunnerWorker.run(SuiteRunnerWorker.java:95)
at org.testng.TestNG.runSuitesSequentially(TestNG.java:1274)
at org.testng.TestNG.runSuitesLocally(TestNG.java:1208)
at org.testng.TestNG.runSuites(TestNG.java:1112)
at org.testng.TestNG.run(TestNG.java:1079)
at org.apache.maven.surefire.testng.TestNGExecutor.run(TestNGExecutor.java:308)
at org.apache.maven.surefire.testng.TestNGXmlTestSuite.execute(TestNGXmlTestSuite.java:71)
at org.apache.maven.surefire.testng.TestNGProvider.invoke(TestNGProvider.java:113)
at org.apache.maven.surefire.booter.ForkedBooter.runSuitesInProcess(ForkedBooter.java:385)
at org.apache.maven.surefire.booter.ForkedBooter.execute(ForkedBooter.java:162)
at org.apache.maven.surefire.booter.ForkedBooter.run(ForkedBooter.java:507)
at org.apache.maven.surefire.booter.ForkedBooter.main(ForkedBooter.java:495)
]]>
            </full-stacktrace>
          </exception> <!-- java.lang.AssertionError -->
          <reporter-output>
          </reporter-output>
        </test-method> <!-- runTest -->
      </class> <!-- PaymentTestCases.TC16_CloseTheguaranteeWhichIsAlreadyInvoked -->
      <class name="PaymentTestCases.TC15_Invokeguaranteeaftermarkingitforinvocation">
        <test-method is-config="true" signature="setup()[pri:0, instance:PaymentTestCases.TC15_Invokeguaranteeaftermarkingitforinvocation@7c37508a]" started-at="2025-10-14T16:28:45 IST" name="setup" finished-at="2025-10-14T16:28:48 IST" duration-ms="3287" status="PASS">
          <reporter-output>
          </reporter-output>
        </test-method> <!-- setup -->
        <test-method signature="runTest()[pri:0, instance:PaymentTestCases.TC15_Invokeguaranteeaftermarkingitforinvocation@7c37508a]" started-at="2025-10-14T16:28:48 IST" name="runTest" finished-at="2025-10-14T16:29:10 IST" duration-ms="21154" status="FAIL">
          <exception class="java.lang.AssertionError">
            <message>
              <![CDATA[❌ Assertion Failure: Test Failed: Exception occurred -> Expected condition failed: waiting for presence of element located by: By.id: loanacid (tried for 10 second(s) with 500 milliseconds interval)]]>
            </message>
            <full-stacktrace>
              <![CDATA[java.lang.AssertionError: ❌ Assertion Failure: Test Failed: Exception occurred -> Expected condition failed: waiting for presence of element located by: By.id: loanacid (tried for 10 second(s) with 500 milliseconds interval)
at org.testng.Assert.fail(Assert.java:111)
at PaymentTestCases.TC15_Invokeguaranteeaftermarkingitforinvocation.runTest(TC15_Invokeguaranteeaftermarkingitforinvocation.java:79)
at java.base/jdk.internal.reflect.NativeMethodAccessorImpl.invoke0(Native Method)
at java.base/jdk.internal.reflect.NativeMethodAccessorImpl.invoke(NativeMethodAccessorImpl.java:77)
at java.base/jdk.internal.reflect.DelegatingMethodAccessorImpl.invoke(DelegatingMethodAccessorImpl.java:43)
at java.base/java.lang.reflect.Method.invoke(Method.java:568)
at org.testng.internal.invokers.MethodInvocationHelper.invokeMethod(MethodInvocationHelper.java:141)
at org.testng.internal.invokers.TestInvoker.invokeMethod(TestInvoker.java:687)
at org.testng.internal.invokers.TestInvoker.invokeTestMethod(TestInvoker.java:230)
at org.testng.internal.invokers.MethodRunner.runInSequence(MethodRunner.java:63)
at org.testng.internal.invokers.TestInvoker$MethodInvocationAgent.invoke(TestInvoker.java:995)
at org.testng.internal.invokers.TestInvoker.invokeTestMethods(TestInvoker.java:203)
at org.testng.internal.invokers.TestMethodWorker.invokeTestMethods(TestMethodWorker.java:154)
at org.testng.internal.invokers.TestMethodWorker.run(TestMethodWorker.java:134)
at java.base/java.util.ArrayList.forEach(ArrayList.java:1511)
at org.testng.TestRunner.privateRun(TestRunner.java:741)
at org.testng.TestRunner.run(TestRunner.java:616)
at org.testng.SuiteRunner.runTest(SuiteRunner.java:421)
at org.testng.SuiteRunner.runSequentially(SuiteRunner.java:413)
at org.testng.SuiteRunner.privateRun(SuiteRunner.java:373)
at org.testng.SuiteRunner.run(SuiteRunner.java:312)
at org.testng.SuiteRunnerWorker.runSuite(SuiteRunnerWorker.java:52)
at org.testng.SuiteRunnerWorker.run(SuiteRunnerWorker.java:95)
at org.testng.TestNG.runSuitesSequentially(TestNG.java:1274)
at org.testng.TestNG.runSuitesLocally(TestNG.java:1208)
at org.testng.TestNG.runSuites(TestNG.java:1112)
at org.testng.TestNG.run(TestNG.java:1079)
at org.apache.maven.surefire.testng.TestNGExecutor.run(TestNGExecutor.java:308)
at org.apache.maven.surefire.testng.TestNGXmlTestSuite.execute(TestNGXmlTestSuite.java:71)
at org.apache.maven.surefire.testng.TestNGProvider.invoke(TestNGProvider.java:113)
at org.apache.maven.surefire.booter.ForkedBooter.runSuitesInProcess(ForkedBooter.java:385)
at org.apache.maven.surefire.booter.ForkedBooter.execute(ForkedBooter.java:162)
at org.apache.maven.surefire.booter.ForkedBooter.run(ForkedBooter.java:507)
at org.apache.maven.surefire.booter.ForkedBooter.main(ForkedBooter.java:495)
]]>
            </full-stacktrace>
          </exception> <!-- java.lang.AssertionError -->
          <reporter-output>
          </reporter-output>
        </test-method> <!-- runTest -->
      </class> <!-- PaymentTestCases.TC15_Invokeguaranteeaftermarkingitforinvocation -->
    </test> <!-- FunctionalityTesting -->
  </suite> <!-- FunctionalityTesting -->
</testng-results>
