<?xml version="1.0" encoding="UTF-8"?>
<!-- Generated by org.testng.reporters.JUnitXMLReporter -->
<testsuite ignored="0" hostname="Priyaramasami-Personal-11255" failures="1" tests="1" name="Test" time="223.238" errors="0" timestamp="2025-06-17T12:14:04 IST">
  <testcase classname="TestCases.TC01_CreateSavingsAccountWith5000AmtAndCloseTheAccount" name="runTest" time="218.88">
    <failure type="java.lang.AssertionError" message="Expected alert not received or incorrect message.">
      <![CDATA[java.lang.AssertionError: Expected alert not received or incorrect message.
at TestCases.TC01_CreateSavingsAccountWith5000AmtAndCloseTheAccount.runTest(TC01_CreateSavingsAccountWith5000AmtAndCloseTheAccount.java:198)
at java.base/java.util.ArrayList.forEach(ArrayList.java:1511)
... Removed 28 stack frames]]>
    </failure>
  </testcase> <!-- runTest -->
</testsuite> <!-- Test -->
