<?xml version="1.0" encoding="UTF-8"?>
<!-- Generated by org.testng.reporters.JUnitXMLReporter -->
<testsuite ignored="0" hostname="Priyaramasami-Personal-11255" failures="1" tests="2" name="FunctionalityTesting" time="143.491" errors="0" timestamp="2025-10-10T14:05:00 IST">
  <testcase classname="FederalBank_TestCases.TC10_AdviseDocumentaryCredit" name="runTest" time="83.595"/>
  <testcase classname="FederalBank_TestCases.TC11_AmendingDocumentaryCredit" name="runTest" time="57.241">
    <failure type="java.lang.AssertionError" message="❌ Assertion Failure: ❌ Documentary Credit No label not found! Stopping test execution.">
      <![CDATA[java.lang.AssertionError: ❌ Assertion Failure: ❌ Documentary Credit No label not found! Stopping test execution.
at FederalBank_TestCases.TC11_AmendingDocumentaryCredit.runTest(TC11_AmendingDocumentaryCredit.java:81)
at java.base/java.util.ArrayList.forEach(ArrayList.java:1511)
... Removed 28 stack frames]]>
    </failure>
  </testcase> <!-- runTest -->
</testsuite> <!-- FunctionalityTesting -->
