<?xml version="1.0" encoding="UTF-8"?>
<testng-results ignored="0" total="4" passed="0" failed="1" skipped="3">
  <reporter-output>
    <line>
      <![CDATA[Excel file loaded: C:\Finacle\CoreBanking\ParallelExecution/resources/Bhantida_Reports_Excel.xlsx]]>
    </line>
    <line>
      <![CDATA[Excel file loaded: C:\Finacle\CoreBanking\ParallelExecution/resources/LoanLoan.xlsx]]>
    </line>
  </reporter-output>
  <suite started-at="2025-10-21T20:30:11 IST" name="LoanCreationSuite" finished-at="2025-10-21T20:32:05 IST" duration-ms="114111">
    <groups>
    </groups>
    <test started-at="2025-10-21T20:30:11 IST" name="LoanStepsExecution" finished-at="2025-10-21T20:32:05 IST" duration-ms="114111">
      <class name="Loan.LoanAccountOpening">
        <test-method is-config="true" signature="setup()[pri:0, instance:Loan.LoanAccountOpening@6cea4aaa]" started-at="2025-10-21T20:30:11 IST" name="setup" finished-at="2025-10-21T20:30:59 IST" duration-ms="47506" status="FAIL">
          <exception class="org.openqa.selenium.TimeoutException">
            <message>
              <![CDATA[Expected condition failed: waiting for frame to be available: loginFrame (tried for 10 second(s) with 500 milliseconds interval)
Build info: version: '4.34.0', revision: '707dcb4246*'
System info: os.name: 'Windows 11', os.arch: 'amd64', os.version: '10.0', java.version: '17.0.12'
Driver info: org.openqa.selenium.remote.RemoteWebDriver
Capabilities {acceptInsecureCerts: false, browserName: internet explorer, browserVersion: 11, pageLoadStrategy: normal, platformName: windows, proxy: Proxy(), se:bidiEnabled: false, se:cdpEnabled: false, se:ieOptions: {browserAttachTimeout: 0, elementScrollBehavior: 0, enablePersistentHover: true, ie.browserCommandLineSwitches: , ie.edgechromium: false, ie.edgepath: , ie.ensureCleanSession: false, ie.fileUploadDialogTimeout: 3000, ie.forceCreateProcessApi: false, ie.ignoreprocessmatch: false, ignoreProtectedModeSettings: true, ignoreZoomSetting: true, initialBrowserUrl: http://localhost:47186/, nativeEvents: true, requireWindowFocus: false}, setWindowRect: true, strictFileInteractability: false, timeouts: {implicit: 0, pageLoad: 300000, script: 30000}, unhandledPromptBehavior: dismiss and notify}
Session ID: 983e437e-53c9-4439-81cf-4f3848666a12]]>
            </message>
            <full-stacktrace>
              <![CDATA[org.openqa.selenium.TimeoutException: Expected condition failed: waiting for frame to be available: loginFrame (tried for 10 second(s) with 500 milliseconds interval)
Build info: version: '4.34.0', revision: '707dcb4246*'
System info: os.name: 'Windows 11', os.arch: 'amd64', os.version: '10.0', java.version: '17.0.12'
Driver info: org.openqa.selenium.remote.RemoteWebDriver
Capabilities {acceptInsecureCerts: false, browserName: internet explorer, browserVersion: 11, pageLoadStrategy: normal, platformName: windows, proxy: Proxy(), se:bidiEnabled: false, se:cdpEnabled: false, se:ieOptions: {browserAttachTimeout: 0, elementScrollBehavior: 0, enablePersistentHover: true, ie.browserCommandLineSwitches: , ie.edgechromium: false, ie.edgepath: , ie.ensureCleanSession: false, ie.fileUploadDialogTimeout: 3000, ie.forceCreateProcessApi: false, ie.ignoreprocessmatch: false, ignoreProtectedModeSettings: true, ignoreZoomSetting: true, initialBrowserUrl: http://localhost:47186/, nativeEvents: true, requireWindowFocus: false}, setWindowRect: true, strictFileInteractability: false, timeouts: {implicit: 0, pageLoad: 300000, script: 30000}, unhandledPromptBehavior: dismiss and notify}
Session ID: 983e437e-53c9-4439-81cf-4f3848666a12
at org.openqa.selenium.support.ui.WebDriverWait.timeoutException(WebDriverWait.java:84)
at org.openqa.selenium.support.ui.FluentWait.until(FluentWait.java:228)
at Base.DriverManager.login(DriverManager.java:82)
at Loan.LoanAccountOpening.setup(LoanAccountOpening.java:44)
at java.base/jdk.internal.reflect.NativeMethodAccessorImpl.invoke0(Native Method)
at java.base/jdk.internal.reflect.NativeMethodAccessorImpl.invoke(NativeMethodAccessorImpl.java:77)
at java.base/jdk.internal.reflect.DelegatingMethodAccessorImpl.invoke(DelegatingMethodAccessorImpl.java:43)
at java.base/java.lang.reflect.Method.invoke(Method.java:568)
at org.testng.internal.invokers.MethodInvocationHelper.invokeMethod(MethodInvocationHelper.java:141)
at org.testng.internal.invokers.MethodInvocationHelper.invokeMethodConsideringTimeout(MethodInvocationHelper.java:71)
at org.testng.internal.invokers.ConfigInvoker.invokeConfigurationMethod(ConfigInvoker.java:400)
at org.testng.internal.invokers.ConfigInvoker.invokeConfigurations(ConfigInvoker.java:333)
at org.testng.internal.invokers.TestMethodWorker.invokeBeforeClassMethods(TestMethodWorker.java:188)
at org.testng.internal.invokers.TestMethodWorker.run(TestMethodWorker.java:128)
at java.base/java.util.ArrayList.forEach(ArrayList.java:1511)
at org.testng.TestRunner.privateRun(TestRunner.java:741)
at org.testng.TestRunner.run(TestRunner.java:616)
at org.testng.SuiteRunner.runTest(SuiteRunner.java:421)
at org.testng.SuiteRunner.runSequentially(SuiteRunner.java:413)
at org.testng.SuiteRunner.privateRun(SuiteRunner.java:373)
at org.testng.SuiteRunner.run(SuiteRunner.java:312)
at org.testng.SuiteRunnerWorker.runSuite(SuiteRunnerWorker.java:52)
at org.testng.SuiteRunnerWorker.run(SuiteRunnerWorker.java:95)
at org.testng.TestNG.runSuitesSequentially(TestNG.java:1274)
at org.testng.TestNG.runSuitesLocally(TestNG.java:1208)
at org.testng.TestNG.runSuites(TestNG.java:1112)
at org.testng.TestNG.run(TestNG.java:1079)
at TestCases.TC02_CreateLoanAccountwithSchmcodeforTwoWheelerRs2LandClosetheAccount.runTestSuiteInOrder(TC02_CreateLoanAccountwithSchmcodeforTwoWheelerRs2LandClosetheAccount.java:70)
at TestCases.TC02_CreateLoanAccountwithSchmcodeforTwoWheelerRs2LandClosetheAccount.runTest(TC02_CreateLoanAccountwithSchmcodeforTwoWheelerRs2LandClosetheAccount.java:32)
at java.base/jdk.internal.reflect.NativeMethodAccessorImpl.invoke0(Native Method)
at java.base/jdk.internal.reflect.NativeMethodAccessorImpl.invoke(NativeMethodAccessorImpl.java:77)
at java.base/jdk.internal.reflect.DelegatingMethodAccessorImpl.invoke(DelegatingMethodAccessorImpl.java:43)
at java.base/java.lang.reflect.Method.invoke(Method.java:568)
at org.testng.internal.invokers.MethodInvocationHelper.invokeMethod(MethodInvocationHelper.java:141)
at org.testng.internal.invokers.TestInvoker.invokeMethod(TestInvoker.java:687)
at org.testng.internal.invokers.TestInvoker.invokeTestMethod(TestInvoker.java:230)
at org.testng.internal.invokers.MethodRunner.runInSequence(MethodRunner.java:63)
at org.testng.internal.invokers.TestInvoker$MethodInvocationAgent.invoke(TestInvoker.java:995)
at org.testng.internal.invokers.TestInvoker.invokeTestMethods(TestInvoker.java:203)
at org.testng.internal.invokers.TestMethodWorker.invokeTestMethods(TestMethodWorker.java:154)
at org.testng.internal.invokers.TestMethodWorker.run(TestMethodWorker.java:134)
at java.base/java.util.ArrayList.forEach(ArrayList.java:1511)
at org.testng.TestRunner.privateRun(TestRunner.java:741)
at org.testng.TestRunner.run(TestRunner.java:616)
at org.testng.SuiteRunner.runTest(SuiteRunner.java:421)
at org.testng.SuiteRunner$SuiteWorker.run(SuiteRunner.java:463)
at org.testng.internal.thread.ThreadUtil.lambda$execute$0(ThreadUtil.java:64)
at java.base/java.util.concurrent.FutureTask.run(FutureTask.java:264)
at java.base/java.util.concurrent.ThreadPoolExecutor.runWorker(ThreadPoolExecutor.java:1136)
at java.base/java.util.concurrent.ThreadPoolExecutor$Worker.run(ThreadPoolExecutor.java:635)
at java.base/java.lang.Thread.run(Thread.java:842)
]]>
            </full-stacktrace>
          </exception> <!-- org.openqa.selenium.TimeoutException -->
          <reporter-output>
          </reporter-output>
        </test-method> <!-- setup -->
        <test-method is-config="true" signature="setUp(java.lang.String)[pri:0, instance:Loan.LoanAccountOpening@6cea4aaa]" started-at="2025-10-21T20:30:59 IST" name="setUp" finished-at="2025-10-21T20:30:59 IST" duration-ms="0" status="SKIP">
          <reporter-output>
          </reporter-output>
        </test-method> <!-- setUp -->
        <test-method signature="CreateLoan(Utilities.RowData)[pri:0, instance:Loan.LoanAccountOpening@6cea4aaa]" started-at="2025-10-21T20:30:59 IST" name="CreateLoan" data-provider="testcase" finished-at="2025-10-21T20:30:59 IST" duration-ms="0" status="SKIP">
          <params>
            <param index="0">
              <value>
                <![CDATA[RowData{headerMap={DocCode=MCFST, ExpiryDate=04/12/2099, DispatchMode=N - No Dispatch, AccountId=, PurpAdv=, DrawingPowerInd=E - Equal, MinIntPcntCr=2.5, Tax=, AutSwpFlg=, tdsOpAcct=, TestCaseName=CreateSavingsAccount, DocScanFlg=Y - Scan Required, RepayInstr=, GuardianCode=, AcctPrefIntCr=5, Related - CustName=PRIYA, FreqType=D - Daily, IntCrAcctFlg=S - Original A/c., 2 nd NomineeCifId=, SubSectCode=, FreqDay=, Related-CustTitle=MS, TypeAdv=, ModeAdv=, PermanentACID=, City=, RelatedFreqDay=, Created_AccountID=003000500000459, AddressLine2=, AddressLine1=, State=, Relation Code=003, Modeofoperation=, NomineeCifId=R0003470, Country=, Second RelatedPartyflg=Y, SectCode=AGRI, SwpHldyStat=, Regnum=1, RelatedFreqWeek=, FreqHldyStat=P - Previous day, CalBase=, PostalCode=, NomineePcnt=100, Function=Open, Relation=001, SwpDepFreqMnths=, SwpFreqType=, NatAdv=, RelateddispMode=, Second Nominee =, Menu=HOAACSB, FFD-Schmcode=36003, CIF ID=R0003423, GuardianName=, Nominee Minor=N, CustPrefIntCr=7, FreqStartDD=, NextIntCrCalcDt=15/03/2025, 2 nd Relationship=, FFD flg=N, Relation Type=J - Joint Holder, 2 nd Nomination Pcnt.=, Related -CustAddrLine1=XYZ, MaxIntPcntCr=3, ChanPrefIntCr=8, RelatedFreqStartDD=, Acct_Statement=B - Both, RelatedFreqType=D - Daily, MinBalOperAcct=, Scheme Code=0005, DocumentDate=15/03/2023, FreqWeek=, RelatedFreqHldyStat=N - Next Day}, indexList=[CreateSavingsAccount, HOAACSB, Open, R0003423, 0005, , B - Both, , D - Daily, , , , P - Previous day, N - No Dispatch, , 2.5, 3, 7, 5, 8, S - Original A/c., , , , 15/03/2025, 1, R0003470, 001, 100, N, , , , , , , , , , , , , 002, Y, J - Joint Holder, 003, D - Daily, , , , N - Next Day, , MS, PRIYA, XYZ, MCFST, Y - Scan Required, N, 36003, , , , , , , 04/12/2099, 15/03/2023, E - Equal, AGRI, , , , , , 003000500000459]}]]>
              </value>
            </param>
          </params>
          <exception class="org.openqa.selenium.TimeoutException">
            <message>
              <![CDATA[Expected condition failed: waiting for frame to be available: loginFrame (tried for 10 second(s) with 500 milliseconds interval)
Build info: version: '4.34.0', revision: '707dcb4246*'
System info: os.name: 'Windows 11', os.arch: 'amd64', os.version: '10.0', java.version: '17.0.12'
Driver info: org.openqa.selenium.remote.RemoteWebDriver
Capabilities {acceptInsecureCerts: false, browserName: internet explorer, browserVersion: 11, pageLoadStrategy: normal, platformName: windows, proxy: Proxy(), se:bidiEnabled: false, se:cdpEnabled: false, se:ieOptions: {browserAttachTimeout: 0, elementScrollBehavior: 0, enablePersistentHover: true, ie.browserCommandLineSwitches: , ie.edgechromium: false, ie.edgepath: , ie.ensureCleanSession: false, ie.fileUploadDialogTimeout: 3000, ie.forceCreateProcessApi: false, ie.ignoreprocessmatch: false, ignoreProtectedModeSettings: true, ignoreZoomSetting: true, initialBrowserUrl: http://localhost:47186/, nativeEvents: true, requireWindowFocus: false}, setWindowRect: true, strictFileInteractability: false, timeouts: {implicit: 0, pageLoad: 300000, script: 30000}, unhandledPromptBehavior: dismiss and notify}
Session ID: 983e437e-53c9-4439-81cf-4f3848666a12]]>
            </message>
            <full-stacktrace>
              <![CDATA[org.openqa.selenium.TimeoutException: Expected condition failed: waiting for frame to be available: loginFrame (tried for 10 second(s) with 500 milliseconds interval)
Build info: version: '4.34.0', revision: '707dcb4246*'
System info: os.name: 'Windows 11', os.arch: 'amd64', os.version: '10.0', java.version: '17.0.12'
Driver info: org.openqa.selenium.remote.RemoteWebDriver
Capabilities {acceptInsecureCerts: false, browserName: internet explorer, browserVersion: 11, pageLoadStrategy: normal, platformName: windows, proxy: Proxy(), se:bidiEnabled: false, se:cdpEnabled: false, se:ieOptions: {browserAttachTimeout: 0, elementScrollBehavior: 0, enablePersistentHover: true, ie.browserCommandLineSwitches: , ie.edgechromium: false, ie.edgepath: , ie.ensureCleanSession: false, ie.fileUploadDialogTimeout: 3000, ie.forceCreateProcessApi: false, ie.ignoreprocessmatch: false, ignoreProtectedModeSettings: true, ignoreZoomSetting: true, initialBrowserUrl: http://localhost:47186/, nativeEvents: true, requireWindowFocus: false}, setWindowRect: true, strictFileInteractability: false, timeouts: {implicit: 0, pageLoad: 300000, script: 30000}, unhandledPromptBehavior: dismiss and notify}
Session ID: 983e437e-53c9-4439-81cf-4f3848666a12
at org.openqa.selenium.support.ui.WebDriverWait.timeoutException(WebDriverWait.java:84)
at org.openqa.selenium.support.ui.FluentWait.until(FluentWait.java:228)
at Base.DriverManager.login(DriverManager.java:82)
at Loan.LoanAccountOpening.setup(LoanAccountOpening.java:44)
at java.base/jdk.internal.reflect.NativeMethodAccessorImpl.invoke0(Native Method)
at java.base/jdk.internal.reflect.NativeMethodAccessorImpl.invoke(NativeMethodAccessorImpl.java:77)
at java.base/jdk.internal.reflect.DelegatingMethodAccessorImpl.invoke(DelegatingMethodAccessorImpl.java:43)
at java.base/java.lang.reflect.Method.invoke(Method.java:568)
at org.testng.internal.invokers.MethodInvocationHelper.invokeMethod(MethodInvocationHelper.java:141)
at org.testng.internal.invokers.MethodInvocationHelper.invokeMethodConsideringTimeout(MethodInvocationHelper.java:71)
at org.testng.internal.invokers.ConfigInvoker.invokeConfigurationMethod(ConfigInvoker.java:400)
at org.testng.internal.invokers.ConfigInvoker.invokeConfigurations(ConfigInvoker.java:333)
at org.testng.internal.invokers.TestMethodWorker.invokeBeforeClassMethods(TestMethodWorker.java:188)
at org.testng.internal.invokers.TestMethodWorker.run(TestMethodWorker.java:128)
at java.base/java.util.ArrayList.forEach(ArrayList.java:1511)
at org.testng.TestRunner.privateRun(TestRunner.java:741)
at org.testng.TestRunner.run(TestRunner.java:616)
at org.testng.SuiteRunner.runTest(SuiteRunner.java:421)
at org.testng.SuiteRunner.runSequentially(SuiteRunner.java:413)
at org.testng.SuiteRunner.privateRun(SuiteRunner.java:373)
at org.testng.SuiteRunner.run(SuiteRunner.java:312)
at org.testng.SuiteRunnerWorker.runSuite(SuiteRunnerWorker.java:52)
at org.testng.SuiteRunnerWorker.run(SuiteRunnerWorker.java:95)
at org.testng.TestNG.runSuitesSequentially(TestNG.java:1274)
at org.testng.TestNG.runSuitesLocally(TestNG.java:1208)
at org.testng.TestNG.runSuites(TestNG.java:1112)
at org.testng.TestNG.run(TestNG.java:1079)
at TestCases.TC02_CreateLoanAccountwithSchmcodeforTwoWheelerRs2LandClosetheAccount.runTestSuiteInOrder(TC02_CreateLoanAccountwithSchmcodeforTwoWheelerRs2LandClosetheAccount.java:70)
at TestCases.TC02_CreateLoanAccountwithSchmcodeforTwoWheelerRs2LandClosetheAccount.runTest(TC02_CreateLoanAccountwithSchmcodeforTwoWheelerRs2LandClosetheAccount.java:32)
at java.base/jdk.internal.reflect.NativeMethodAccessorImpl.invoke0(Native Method)
at java.base/jdk.internal.reflect.NativeMethodAccessorImpl.invoke(NativeMethodAccessorImpl.java:77)
at java.base/jdk.internal.reflect.DelegatingMethodAccessorImpl.invoke(DelegatingMethodAccessorImpl.java:43)
at java.base/java.lang.reflect.Method.invoke(Method.java:568)
at org.testng.internal.invokers.MethodInvocationHelper.invokeMethod(MethodInvocationHelper.java:141)
at org.testng.internal.invokers.TestInvoker.invokeMethod(TestInvoker.java:687)
at org.testng.internal.invokers.TestInvoker.invokeTestMethod(TestInvoker.java:230)
at org.testng.internal.invokers.MethodRunner.runInSequence(MethodRunner.java:63)
at org.testng.internal.invokers.TestInvoker$MethodInvocationAgent.invoke(TestInvoker.java:995)
at org.testng.internal.invokers.TestInvoker.invokeTestMethods(TestInvoker.java:203)
at org.testng.internal.invokers.TestMethodWorker.invokeTestMethods(TestMethodWorker.java:154)
at org.testng.internal.invokers.TestMethodWorker.run(TestMethodWorker.java:134)
at java.base/java.util.ArrayList.forEach(ArrayList.java:1511)
at org.testng.TestRunner.privateRun(TestRunner.java:741)
at org.testng.TestRunner.run(TestRunner.java:616)
at org.testng.SuiteRunner.runTest(SuiteRunner.java:421)
at org.testng.SuiteRunner$SuiteWorker.run(SuiteRunner.java:463)
at org.testng.internal.thread.ThreadUtil.lambda$execute$0(ThreadUtil.java:64)
at java.base/java.util.concurrent.FutureTask.run(FutureTask.java:264)
at java.base/java.util.concurrent.ThreadPoolExecutor.runWorker(ThreadPoolExecutor.java:1136)
at java.base/java.util.concurrent.ThreadPoolExecutor$Worker.run(ThreadPoolExecutor.java:635)
at java.base/java.lang.Thread.run(Thread.java:842)
]]>
            </full-stacktrace>
          </exception> <!-- org.openqa.selenium.TimeoutException -->
          <reporter-output>
          </reporter-output>
        </test-method> <!-- CreateLoan -->
        <test-method is-config="true" signature="tearDown()[pri:0, instance:Loan.LoanAccountOpening@6cea4aaa]" started-at="2025-10-21T20:30:59 IST" name="tearDown" finished-at="2025-10-21T20:30:59 IST" duration-ms="0" status="SKIP">
          <reporter-output>
          </reporter-output>
        </test-method> <!-- tearDown -->
      </class> <!-- Loan.LoanAccountOpening -->
      <class name="Loan.LoanDisbustment">
        <test-method is-config="true" signature="setup()[pri:0, instance:Loan.LoanDisbustment@7c313ba4]" started-at="2025-10-21T20:32:05 IST" name="setup" finished-at="2025-10-21T20:32:05 IST" duration-ms="0" status="FAIL">
          <exception class="java.lang.NullPointerException">
            <message>
              <![CDATA[Cannot invoke "org.openqa.selenium.WebDriver.get(String)" because "drv" is null]]>
            </message>
            <full-stacktrace>
              <![CDATA[java.lang.NullPointerException: Cannot invoke "org.openqa.selenium.WebDriver.get(String)" because "drv" is null
at Base.DriverManager.login(DriverManager.java:60)
at Loan.LoanDisbustment.setup(LoanDisbustment.java:38)
at java.base/jdk.internal.reflect.NativeMethodAccessorImpl.invoke0(Native Method)
at java.base/jdk.internal.reflect.NativeMethodAccessorImpl.invoke(NativeMethodAccessorImpl.java:77)
at java.base/jdk.internal.reflect.DelegatingMethodAccessorImpl.invoke(DelegatingMethodAccessorImpl.java:43)
at java.base/java.lang.reflect.Method.invoke(Method.java:568)
at org.testng.internal.invokers.MethodInvocationHelper.invokeMethod(MethodInvocationHelper.java:141)
at org.testng.internal.invokers.MethodInvocationHelper.invokeMethodConsideringTimeout(MethodInvocationHelper.java:71)
at org.testng.internal.invokers.ConfigInvoker.invokeConfigurationMethod(ConfigInvoker.java:400)
at org.testng.internal.invokers.ConfigInvoker.invokeConfigurations(ConfigInvoker.java:333)
at org.testng.internal.invokers.TestMethodWorker.invokeBeforeClassMethods(TestMethodWorker.java:188)
at org.testng.internal.invokers.TestMethodWorker.run(TestMethodWorker.java:128)
at java.base/java.util.ArrayList.forEach(ArrayList.java:1511)
at org.testng.TestRunner.privateRun(TestRunner.java:741)
at org.testng.TestRunner.run(TestRunner.java:616)
at org.testng.SuiteRunner.runTest(SuiteRunner.java:421)
at org.testng.SuiteRunner.runSequentially(SuiteRunner.java:413)
at org.testng.SuiteRunner.privateRun(SuiteRunner.java:373)
at org.testng.SuiteRunner.run(SuiteRunner.java:312)
at org.testng.SuiteRunnerWorker.runSuite(SuiteRunnerWorker.java:52)
at org.testng.SuiteRunnerWorker.run(SuiteRunnerWorker.java:95)
at org.testng.TestNG.runSuitesSequentially(TestNG.java:1274)
at org.testng.TestNG.runSuitesLocally(TestNG.java:1208)
at org.testng.TestNG.runSuites(TestNG.java:1112)
at org.testng.TestNG.run(TestNG.java:1079)
at TestCases.TC02_CreateLoanAccountwithSchmcodeforTwoWheelerRs2LandClosetheAccount.runTestSuiteInOrder(TC02_CreateLoanAccountwithSchmcodeforTwoWheelerRs2LandClosetheAccount.java:70)
at TestCases.TC02_CreateLoanAccountwithSchmcodeforTwoWheelerRs2LandClosetheAccount.runTest(TC02_CreateLoanAccountwithSchmcodeforTwoWheelerRs2LandClosetheAccount.java:32)
at java.base/jdk.internal.reflect.NativeMethodAccessorImpl.invoke0(Native Method)
at java.base/jdk.internal.reflect.NativeMethodAccessorImpl.invoke(NativeMethodAccessorImpl.java:77)
at java.base/jdk.internal.reflect.DelegatingMethodAccessorImpl.invoke(DelegatingMethodAccessorImpl.java:43)
at java.base/java.lang.reflect.Method.invoke(Method.java:568)
at org.testng.internal.invokers.MethodInvocationHelper.invokeMethod(MethodInvocationHelper.java:141)
at org.testng.internal.invokers.TestInvoker.invokeMethod(TestInvoker.java:687)
at org.testng.internal.invokers.TestInvoker.invokeTestMethod(TestInvoker.java:230)
at org.testng.internal.invokers.MethodRunner.runInSequence(MethodRunner.java:63)
at org.testng.internal.invokers.TestInvoker$MethodInvocationAgent.invoke(TestInvoker.java:995)
at org.testng.internal.invokers.TestInvoker.invokeTestMethods(TestInvoker.java:203)
at org.testng.internal.invokers.TestMethodWorker.invokeTestMethods(TestMethodWorker.java:154)
at org.testng.internal.invokers.TestMethodWorker.run(TestMethodWorker.java:134)
at java.base/java.util.ArrayList.forEach(ArrayList.java:1511)
at org.testng.TestRunner.privateRun(TestRunner.java:741)
at org.testng.TestRunner.run(TestRunner.java:616)
at org.testng.SuiteRunner.runTest(SuiteRunner.java:421)
at org.testng.SuiteRunner$SuiteWorker.run(SuiteRunner.java:463)
at org.testng.internal.thread.ThreadUtil.lambda$execute$0(ThreadUtil.java:64)
at java.base/java.util.concurrent.FutureTask.run(FutureTask.java:264)
at java.base/java.util.concurrent.ThreadPoolExecutor.runWorker(ThreadPoolExecutor.java:1136)
at java.base/java.util.concurrent.ThreadPoolExecutor$Worker.run(ThreadPoolExecutor.java:635)
at java.base/java.lang.Thread.run(Thread.java:842)
]]>
            </full-stacktrace>
          </exception> <!-- java.lang.NullPointerException -->
          <reporter-output>
          </reporter-output>
        </test-method> <!-- setup -->
        <test-method is-config="true" signature="setUp(java.lang.String)[pri:0, instance:Loan.LoanDisbustment@7c313ba4]" started-at="2025-10-21T20:32:05 IST" name="setUp" finished-at="2025-10-21T20:32:05 IST" duration-ms="0" status="SKIP">
          <reporter-output>
          </reporter-output>
        </test-method> <!-- setUp -->
        <test-method signature="VerifyLoanAccount(Utilities.RowData,Utilities.RowData)[pri:0, instance:Loan.LoanDisbustment@7c313ba4]" started-at="2025-10-21T20:32:05 IST" name="VerifyLoanAccount" data-provider="testcase" finished-at="2025-10-21T20:32:05 IST" duration-ms="0" status="SKIP">
          <params>
            <param index="0">
              <value>
                <![CDATA[RowData{headerMap={DocCode=MCFST, ExpiryDate=04/12/2099, DispatchMode=N - No Dispatch, AccountId=, PurpAdv=, DrawingPowerInd=E - Equal, MinIntPcntCr=2.5, Tax=, AutSwpFlg=, tdsOpAcct=, TestCaseName=CreateSavingsAccount, DocScanFlg=Y - Scan Required, RepayInstr=, GuardianCode=, AcctPrefIntCr=5, Related - CustName=PRIYA, FreqType=D - Daily, IntCrAcctFlg=S - Original A/c., 2 nd NomineeCifId=, SubSectCode=, FreqDay=, Related-CustTitle=MS, TypeAdv=, ModeAdv=, PermanentACID=, City=, RelatedFreqDay=, Created_AccountID=003000500000459, AddressLine2=, AddressLine1=, State=, Relation Code=003, Modeofoperation=, NomineeCifId=R0003470, Country=, Second RelatedPartyflg=Y, SectCode=AGRI, SwpHldyStat=, Regnum=1, RelatedFreqWeek=, FreqHldyStat=P - Previous day, CalBase=, PostalCode=, NomineePcnt=100, Function=Open, Relation=001, SwpDepFreqMnths=, SwpFreqType=, NatAdv=, RelateddispMode=, Second Nominee =, Menu=HOAACSB, FFD-Schmcode=36003, CIF ID=R0003423, GuardianName=, Nominee Minor=N, CustPrefIntCr=7, FreqStartDD=, NextIntCrCalcDt=15/03/2025, 2 nd Relationship=, FFD flg=N, Relation Type=J - Joint Holder, 2 nd Nomination Pcnt.=, Related -CustAddrLine1=XYZ, MaxIntPcntCr=3, ChanPrefIntCr=8, RelatedFreqStartDD=, Acct_Statement=B - Both, RelatedFreqType=D - Daily, MinBalOperAcct=, Scheme Code=0005, DocumentDate=15/03/2023, FreqWeek=, RelatedFreqHldyStat=N - Next Day}, indexList=[CreateSavingsAccount, HOAACSB, Open, R0003423, 0005, , B - Both, , D - Daily, , , , P - Previous day, N - No Dispatch, , 2.5, 3, 7, 5, 8, S - Original A/c., , , , 15/03/2025, 1, R0003470, 001, 100, N, , , , , , , , , , , , , 002, Y, J - Joint Holder, 003, D - Daily, , , , N - Next Day, , MS, PRIYA, XYZ, MCFST, Y - Scan Required, N, 36003, , , , , , , 04/12/2099, 15/03/2023, E - Equal, AGRI, , , , , , 003000500000459]}]]>
              </value>
            </param>
            <param index="1">
              <value>
                <![CDATA[RowData{headerMap={DocCode=, ExpiryDate=, DispatchMode=, AccountId=, PurpAdv=, DrawingPowerInd=, MinIntPcntCr=, Tax=, AutSwpFlg=, tdsOpAcct=, TestCaseName=ChargeCollection, DocScanFlg=, RepayInstr=, GuardianCode=, AcctPrefIntCr=, Related - CustName=, FreqType=, IntCrAcctFlg=, 2 nd NomineeCifId=, SubSectCode=, FreqDay=, Related-CustTitle=, TypeAdv=, ModeAdv=, PermanentACID=, City=, RelatedFreqDay=, Created_AccountID=, AddressLine2=, AddressLine1=, State=, Relation Code=, Modeofoperation=, NomineeCifId=, Country=, Second RelatedPartyflg=, SectCode=, SwpHldyStat=, Regnum=, RelatedFreqWeek=, FreqHldyStat=, CalBase=, PostalCode=, NomineePcnt=, Function=O - Collect, Relation=, SwpDepFreqMnths=, SwpFreqType=, NatAdv=, RelateddispMode=, Second Nominee =, Menu=HCACC, FFD-Schmcode=, CIF ID=, GuardianName=, Nominee Minor=, CustPrefIntCr=, FreqStartDD=, NextIntCrCalcDt=, 2 nd Relationship=, FFD flg=, Relation Type=, 2 nd Nomination Pcnt.=, Related -CustAddrLine1=, MaxIntPcntCr=, ChanPrefIntCr=, RelatedFreqStartDD=, Acct_Statement=, RelatedFreqType=, MinBalOperAcct=, Scheme Code=, DocumentDate=, FreqWeek=, RelatedFreqHldyStat=}, indexList=[ChargeCollection, HCACC, O - Collect, , , , , , , , , , , , , , , , , , , , , , , , , , , , , , , , , , , , , , , , , , , , , , , , , , , , , , , , , , , , , , , , , , , , , , , , ]}]]>
              </value>
            </param>
          </params>
          <exception class="java.lang.NullPointerException">
            <message>
              <![CDATA[Cannot invoke "org.openqa.selenium.WebDriver.get(String)" because "drv" is null]]>
            </message>
            <full-stacktrace>
              <![CDATA[java.lang.NullPointerException: Cannot invoke "org.openqa.selenium.WebDriver.get(String)" because "drv" is null
at Base.DriverManager.login(DriverManager.java:60)
at Loan.LoanDisbustment.setup(LoanDisbustment.java:38)
at java.base/jdk.internal.reflect.NativeMethodAccessorImpl.invoke0(Native Method)
at java.base/jdk.internal.reflect.NativeMethodAccessorImpl.invoke(NativeMethodAccessorImpl.java:77)
at java.base/jdk.internal.reflect.DelegatingMethodAccessorImpl.invoke(DelegatingMethodAccessorImpl.java:43)
at java.base/java.lang.reflect.Method.invoke(Method.java:568)
at org.testng.internal.invokers.MethodInvocationHelper.invokeMethod(MethodInvocationHelper.java:141)
at org.testng.internal.invokers.MethodInvocationHelper.invokeMethodConsideringTimeout(MethodInvocationHelper.java:71)
at org.testng.internal.invokers.ConfigInvoker.invokeConfigurationMethod(ConfigInvoker.java:400)
at org.testng.internal.invokers.ConfigInvoker.invokeConfigurations(ConfigInvoker.java:333)
at org.testng.internal.invokers.TestMethodWorker.invokeBeforeClassMethods(TestMethodWorker.java:188)
at org.testng.internal.invokers.TestMethodWorker.run(TestMethodWorker.java:128)
at java.base/java.util.ArrayList.forEach(ArrayList.java:1511)
at org.testng.TestRunner.privateRun(TestRunner.java:741)
at org.testng.TestRunner.run(TestRunner.java:616)
at org.testng.SuiteRunner.runTest(SuiteRunner.java:421)
at org.testng.SuiteRunner.runSequentially(SuiteRunner.java:413)
at org.testng.SuiteRunner.privateRun(SuiteRunner.java:373)
at org.testng.SuiteRunner.run(SuiteRunner.java:312)
at org.testng.SuiteRunnerWorker.runSuite(SuiteRunnerWorker.java:52)
at org.testng.SuiteRunnerWorker.run(SuiteRunnerWorker.java:95)
at org.testng.TestNG.runSuitesSequentially(TestNG.java:1274)
at org.testng.TestNG.runSuitesLocally(TestNG.java:1208)
at org.testng.TestNG.runSuites(TestNG.java:1112)
at org.testng.TestNG.run(TestNG.java:1079)
at TestCases.TC02_CreateLoanAccountwithSchmcodeforTwoWheelerRs2LandClosetheAccount.runTestSuiteInOrder(TC02_CreateLoanAccountwithSchmcodeforTwoWheelerRs2LandClosetheAccount.java:70)
at TestCases.TC02_CreateLoanAccountwithSchmcodeforTwoWheelerRs2LandClosetheAccount.runTest(TC02_CreateLoanAccountwithSchmcodeforTwoWheelerRs2LandClosetheAccount.java:32)
at java.base/jdk.internal.reflect.NativeMethodAccessorImpl.invoke0(Native Method)
at java.base/jdk.internal.reflect.NativeMethodAccessorImpl.invoke(NativeMethodAccessorImpl.java:77)
at java.base/jdk.internal.reflect.DelegatingMethodAccessorImpl.invoke(DelegatingMethodAccessorImpl.java:43)
at java.base/java.lang.reflect.Method.invoke(Method.java:568)
at org.testng.internal.invokers.MethodInvocationHelper.invokeMethod(MethodInvocationHelper.java:141)
at org.testng.internal.invokers.TestInvoker.invokeMethod(TestInvoker.java:687)
at org.testng.internal.invokers.TestInvoker.invokeTestMethod(TestInvoker.java:230)
at org.testng.internal.invokers.MethodRunner.runInSequence(MethodRunner.java:63)
at org.testng.internal.invokers.TestInvoker$MethodInvocationAgent.invoke(TestInvoker.java:995)
at org.testng.internal.invokers.TestInvoker.invokeTestMethods(TestInvoker.java:203)
at org.testng.internal.invokers.TestMethodWorker.invokeTestMethods(TestMethodWorker.java:154)
at org.testng.internal.invokers.TestMethodWorker.run(TestMethodWorker.java:134)
at java.base/java.util.ArrayList.forEach(ArrayList.java:1511)
at org.testng.TestRunner.privateRun(TestRunner.java:741)
at org.testng.TestRunner.run(TestRunner.java:616)
at org.testng.SuiteRunner.runTest(SuiteRunner.java:421)
at org.testng.SuiteRunner$SuiteWorker.run(SuiteRunner.java:463)
at org.testng.internal.thread.ThreadUtil.lambda$execute$0(ThreadUtil.java:64)
at java.base/java.util.concurrent.FutureTask.run(FutureTask.java:264)
at java.base/java.util.concurrent.ThreadPoolExecutor.runWorker(ThreadPoolExecutor.java:1136)
at java.base/java.util.concurrent.ThreadPoolExecutor$Worker.run(ThreadPoolExecutor.java:635)
at java.base/java.lang.Thread.run(Thread.java:842)
]]>
            </full-stacktrace>
          </exception> <!-- java.lang.NullPointerException -->
          <reporter-output>
          </reporter-output>
        </test-method> <!-- VerifyLoanAccount -->
        <test-method is-config="true" signature="tearDown()[pri:0, instance:Loan.LoanDisbustment@7c313ba4]" started-at="2025-10-21T20:32:05 IST" name="tearDown" finished-at="2025-10-21T20:32:05 IST" duration-ms="0" status="SKIP">
          <reporter-output>
          </reporter-output>
        </test-method> <!-- tearDown -->
      </class> <!-- Loan.LoanDisbustment -->
      <class name="Loan.LoanClose">
        <test-method is-config="true" signature="setup()[pri:0, instance:Loan.LoanClose@5b8a9168]" started-at="2025-10-21T20:32:05 IST" name="setup" finished-at="2025-10-21T20:32:05 IST" duration-ms="2" status="FAIL">
          <exception class="java.lang.NullPointerException">
            <message>
              <![CDATA[Cannot invoke "org.openqa.selenium.WebDriver.get(String)" because "drv" is null]]>
            </message>
            <full-stacktrace>
              <![CDATA[java.lang.NullPointerException: Cannot invoke "org.openqa.selenium.WebDriver.get(String)" because "drv" is null
at Base.DriverManager.login(DriverManager.java:60)
at Loan.LoanClose.setup(LoanClose.java:33)
at java.base/jdk.internal.reflect.NativeMethodAccessorImpl.invoke0(Native Method)
at java.base/jdk.internal.reflect.NativeMethodAccessorImpl.invoke(NativeMethodAccessorImpl.java:77)
at java.base/jdk.internal.reflect.DelegatingMethodAccessorImpl.invoke(DelegatingMethodAccessorImpl.java:43)
at java.base/java.lang.reflect.Method.invoke(Method.java:568)
at org.testng.internal.invokers.MethodInvocationHelper.invokeMethod(MethodInvocationHelper.java:141)
at org.testng.internal.invokers.MethodInvocationHelper.invokeMethodConsideringTimeout(MethodInvocationHelper.java:71)
at org.testng.internal.invokers.ConfigInvoker.invokeConfigurationMethod(ConfigInvoker.java:400)
at org.testng.internal.invokers.ConfigInvoker.invokeConfigurations(ConfigInvoker.java:333)
at org.testng.internal.invokers.TestMethodWorker.invokeBeforeClassMethods(TestMethodWorker.java:188)
at org.testng.internal.invokers.TestMethodWorker.run(TestMethodWorker.java:128)
at java.base/java.util.ArrayList.forEach(ArrayList.java:1511)
at org.testng.TestRunner.privateRun(TestRunner.java:741)
at org.testng.TestRunner.run(TestRunner.java:616)
at org.testng.SuiteRunner.runTest(SuiteRunner.java:421)
at org.testng.SuiteRunner.runSequentially(SuiteRunner.java:413)
at org.testng.SuiteRunner.privateRun(SuiteRunner.java:373)
at org.testng.SuiteRunner.run(SuiteRunner.java:312)
at org.testng.SuiteRunnerWorker.runSuite(SuiteRunnerWorker.java:52)
at org.testng.SuiteRunnerWorker.run(SuiteRunnerWorker.java:95)
at org.testng.TestNG.runSuitesSequentially(TestNG.java:1274)
at org.testng.TestNG.runSuitesLocally(TestNG.java:1208)
at org.testng.TestNG.runSuites(TestNG.java:1112)
at org.testng.TestNG.run(TestNG.java:1079)
at TestCases.TC02_CreateLoanAccountwithSchmcodeforTwoWheelerRs2LandClosetheAccount.runTestSuiteInOrder(TC02_CreateLoanAccountwithSchmcodeforTwoWheelerRs2LandClosetheAccount.java:70)
at TestCases.TC02_CreateLoanAccountwithSchmcodeforTwoWheelerRs2LandClosetheAccount.runTest(TC02_CreateLoanAccountwithSchmcodeforTwoWheelerRs2LandClosetheAccount.java:32)
at java.base/jdk.internal.reflect.NativeMethodAccessorImpl.invoke0(Native Method)
at java.base/jdk.internal.reflect.NativeMethodAccessorImpl.invoke(NativeMethodAccessorImpl.java:77)
at java.base/jdk.internal.reflect.DelegatingMethodAccessorImpl.invoke(DelegatingMethodAccessorImpl.java:43)
at java.base/java.lang.reflect.Method.invoke(Method.java:568)
at org.testng.internal.invokers.MethodInvocationHelper.invokeMethod(MethodInvocationHelper.java:141)
at org.testng.internal.invokers.TestInvoker.invokeMethod(TestInvoker.java:687)
at org.testng.internal.invokers.TestInvoker.invokeTestMethod(TestInvoker.java:230)
at org.testng.internal.invokers.MethodRunner.runInSequence(MethodRunner.java:63)
at org.testng.internal.invokers.TestInvoker$MethodInvocationAgent.invoke(TestInvoker.java:995)
at org.testng.internal.invokers.TestInvoker.invokeTestMethods(TestInvoker.java:203)
at org.testng.internal.invokers.TestMethodWorker.invokeTestMethods(TestMethodWorker.java:154)
at org.testng.internal.invokers.TestMethodWorker.run(TestMethodWorker.java:134)
at java.base/java.util.ArrayList.forEach(ArrayList.java:1511)
at org.testng.TestRunner.privateRun(TestRunner.java:741)
at org.testng.TestRunner.run(TestRunner.java:616)
at org.testng.SuiteRunner.runTest(SuiteRunner.java:421)
at org.testng.SuiteRunner$SuiteWorker.run(SuiteRunner.java:463)
at org.testng.internal.thread.ThreadUtil.lambda$execute$0(ThreadUtil.java:64)
at java.base/java.util.concurrent.FutureTask.run(FutureTask.java:264)
at java.base/java.util.concurrent.ThreadPoolExecutor.runWorker(ThreadPoolExecutor.java:1136)
at java.base/java.util.concurrent.ThreadPoolExecutor$Worker.run(ThreadPoolExecutor.java:635)
at java.base/java.lang.Thread.run(Thread.java:842)
]]>
            </full-stacktrace>
          </exception> <!-- java.lang.NullPointerException -->
          <reporter-output>
          </reporter-output>
        </test-method> <!-- setup -->
        <test-method is-config="true" signature="setUp(java.lang.String)[pri:0, instance:Loan.LoanClose@5b8a9168]" started-at="2025-10-21T20:32:05 IST" name="setUp" finished-at="2025-10-21T20:32:05 IST" duration-ms="0" status="SKIP">
          <reporter-output>
          </reporter-output>
        </test-method> <!-- setUp -->
        <test-method signature="close(Utilities.RowData,Utilities.RowData)[pri:0, instance:Loan.LoanClose@5b8a9168]" started-at="2025-10-21T20:32:05 IST" name="close" data-provider="testcase" finished-at="2025-10-21T20:32:05 IST" duration-ms="0" status="SKIP">
          <params>
            <param index="0">
              <value>
                <![CDATA[RowData{headerMap={DocCode=MCFST, ExpiryDate=04/12/2099, DispatchMode=N - No Dispatch, AccountId=, PurpAdv=, DrawingPowerInd=E - Equal, MinIntPcntCr=2.5, Tax=, AutSwpFlg=, tdsOpAcct=, TestCaseName=CreateSavingsAccount, DocScanFlg=Y - Scan Required, RepayInstr=, GuardianCode=, AcctPrefIntCr=5, Related - CustName=PRIYA, FreqType=D - Daily, IntCrAcctFlg=S - Original A/c., 2 nd NomineeCifId=, SubSectCode=, FreqDay=, Related-CustTitle=MS, TypeAdv=, ModeAdv=, PermanentACID=, City=, RelatedFreqDay=, Created_AccountID=003000500000459, AddressLine2=, AddressLine1=, State=, Relation Code=003, Modeofoperation=, NomineeCifId=R0003470, Country=, Second RelatedPartyflg=Y, SectCode=AGRI, SwpHldyStat=, Regnum=1, RelatedFreqWeek=, FreqHldyStat=P - Previous day, CalBase=, PostalCode=, NomineePcnt=100, Function=Open, Relation=001, SwpDepFreqMnths=, SwpFreqType=, NatAdv=, RelateddispMode=, Second Nominee =, Menu=HOAACSB, FFD-Schmcode=36003, CIF ID=R0003423, GuardianName=, Nominee Minor=N, CustPrefIntCr=7, FreqStartDD=, NextIntCrCalcDt=15/03/2025, 2 nd Relationship=, FFD flg=N, Relation Type=J - Joint Holder, 2 nd Nomination Pcnt.=, Related -CustAddrLine1=XYZ, MaxIntPcntCr=3, ChanPrefIntCr=8, RelatedFreqStartDD=, Acct_Statement=B - Both, RelatedFreqType=D - Daily, MinBalOperAcct=, Scheme Code=0005, DocumentDate=15/03/2023, FreqWeek=, RelatedFreqHldyStat=N - Next Day}, indexList=[CreateSavingsAccount, HOAACSB, Open, R0003423, 0005, , B - Both, , D - Daily, , , , P - Previous day, N - No Dispatch, , 2.5, 3, 7, 5, 8, S - Original A/c., , , , 15/03/2025, 1, R0003470, 001, 100, N, , , , , , , , , , , , , 002, Y, J - Joint Holder, 003, D - Daily, , , , N - Next Day, , MS, PRIYA, XYZ, MCFST, Y - Scan Required, N, 36003, , , , , , , 04/12/2099, 15/03/2023, E - Equal, AGRI, , , , , , 003000500000459]}]]>
              </value>
            </param>
            <param index="1">
              <value>
                <![CDATA[RowData{headerMap={DocCode=, ExpiryDate=, DispatchMode=, AccountId=, PurpAdv=, DrawingPowerInd=, MinIntPcntCr=, Tax=, AutSwpFlg=, tdsOpAcct=, TestCaseName=ClosureOfTheAccount, DocScanFlg=, RepayInstr=, GuardianCode=, AcctPrefIntCr=, Related - CustName=, FreqType=, IntCrAcctFlg=, 2 nd NomineeCifId=, SubSectCode=, FreqDay=, Related-CustTitle=, TypeAdv=, ModeAdv=, PermanentACID=MAEAQ, City=, RelatedFreqDay=, Created_AccountID=0, AddressLine2=, AddressLine1=, State=, Relation Code=, Modeofoperation=, NomineeCifId=, Country=, Second RelatedPartyflg=, SectCode=, SwpHldyStat=, Regnum=, RelatedFreqWeek=, FreqHldyStat=, CalBase=, PostalCode=, NomineePcnt=, Function=Z - Close, Relation=, SwpDepFreqMnths=, SwpFreqType=, NatAdv=, RelateddispMode=, Second Nominee =, Menu=HCAAC, FFD-Schmcode=, CIF ID=Cash, GuardianName=, Nominee Minor=, CustPrefIntCr=, FreqStartDD=, NextIntCrCalcDt=, 2 nd Relationship=, FFD flg=, Relation Type=, 2 nd Nomination Pcnt.=, Related -CustAddrLine1=, MaxIntPcntCr=, ChanPrefIntCr=, RelatedFreqStartDD=, Acct_Statement=12345, RelatedFreqType=, MinBalOperAcct=, Scheme Code=3100300000015, DocumentDate=, FreqWeek=, RelatedFreqHldyStat=}, indexList=[ClosureOfTheAccount, HCAAC, Z - Close, Cash, 3100300000015, MAEAQ, 12345, , , , , , , , , , , , , , , , , , , , , , , , , , , , , , , , , , , , , , , , , , , , , , , , , , , , , , , , , , , , , , , , , , , , 0]}]]>
              </value>
            </param>
          </params>
          <exception class="java.lang.NullPointerException">
            <message>
              <![CDATA[Cannot invoke "org.openqa.selenium.WebDriver.get(String)" because "drv" is null]]>
            </message>
            <full-stacktrace>
              <![CDATA[java.lang.NullPointerException: Cannot invoke "org.openqa.selenium.WebDriver.get(String)" because "drv" is null
at Base.DriverManager.login(DriverManager.java:60)
at Loan.LoanClose.setup(LoanClose.java:33)
at java.base/jdk.internal.reflect.NativeMethodAccessorImpl.invoke0(Native Method)
at java.base/jdk.internal.reflect.NativeMethodAccessorImpl.invoke(NativeMethodAccessorImpl.java:77)
at java.base/jdk.internal.reflect.DelegatingMethodAccessorImpl.invoke(DelegatingMethodAccessorImpl.java:43)
at java.base/java.lang.reflect.Method.invoke(Method.java:568)
at org.testng.internal.invokers.MethodInvocationHelper.invokeMethod(MethodInvocationHelper.java:141)
at org.testng.internal.invokers.MethodInvocationHelper.invokeMethodConsideringTimeout(MethodInvocationHelper.java:71)
at org.testng.internal.invokers.ConfigInvoker.invokeConfigurationMethod(ConfigInvoker.java:400)
at org.testng.internal.invokers.ConfigInvoker.invokeConfigurations(ConfigInvoker.java:333)
at org.testng.internal.invokers.TestMethodWorker.invokeBeforeClassMethods(TestMethodWorker.java:188)
at org.testng.internal.invokers.TestMethodWorker.run(TestMethodWorker.java:128)
at java.base/java.util.ArrayList.forEach(ArrayList.java:1511)
at org.testng.TestRunner.privateRun(TestRunner.java:741)
at org.testng.TestRunner.run(TestRunner.java:616)
at org.testng.SuiteRunner.runTest(SuiteRunner.java:421)
at org.testng.SuiteRunner.runSequentially(SuiteRunner.java:413)
at org.testng.SuiteRunner.privateRun(SuiteRunner.java:373)
at org.testng.SuiteRunner.run(SuiteRunner.java:312)
at org.testng.SuiteRunnerWorker.runSuite(SuiteRunnerWorker.java:52)
at org.testng.SuiteRunnerWorker.run(SuiteRunnerWorker.java:95)
at org.testng.TestNG.runSuitesSequentially(TestNG.java:1274)
at org.testng.TestNG.runSuitesLocally(TestNG.java:1208)
at org.testng.TestNG.runSuites(TestNG.java:1112)
at org.testng.TestNG.run(TestNG.java:1079)
at TestCases.TC02_CreateLoanAccountwithSchmcodeforTwoWheelerRs2LandClosetheAccount.runTestSuiteInOrder(TC02_CreateLoanAccountwithSchmcodeforTwoWheelerRs2LandClosetheAccount.java:70)
at TestCases.TC02_CreateLoanAccountwithSchmcodeforTwoWheelerRs2LandClosetheAccount.runTest(TC02_CreateLoanAccountwithSchmcodeforTwoWheelerRs2LandClosetheAccount.java:32)
at java.base/jdk.internal.reflect.NativeMethodAccessorImpl.invoke0(Native Method)
at java.base/jdk.internal.reflect.NativeMethodAccessorImpl.invoke(NativeMethodAccessorImpl.java:77)
at java.base/jdk.internal.reflect.DelegatingMethodAccessorImpl.invoke(DelegatingMethodAccessorImpl.java:43)
at java.base/java.lang.reflect.Method.invoke(Method.java:568)
at org.testng.internal.invokers.MethodInvocationHelper.invokeMethod(MethodInvocationHelper.java:141)
at org.testng.internal.invokers.TestInvoker.invokeMethod(TestInvoker.java:687)
at org.testng.internal.invokers.TestInvoker.invokeTestMethod(TestInvoker.java:230)
at org.testng.internal.invokers.MethodRunner.runInSequence(MethodRunner.java:63)
at org.testng.internal.invokers.TestInvoker$MethodInvocationAgent.invoke(TestInvoker.java:995)
at org.testng.internal.invokers.TestInvoker.invokeTestMethods(TestInvoker.java:203)
at org.testng.internal.invokers.TestMethodWorker.invokeTestMethods(TestMethodWorker.java:154)
at org.testng.internal.invokers.TestMethodWorker.run(TestMethodWorker.java:134)
at java.base/java.util.ArrayList.forEach(ArrayList.java:1511)
at org.testng.TestRunner.privateRun(TestRunner.java:741)
at org.testng.TestRunner.run(TestRunner.java:616)
at org.testng.SuiteRunner.runTest(SuiteRunner.java:421)
at org.testng.SuiteRunner$SuiteWorker.run(SuiteRunner.java:463)
at org.testng.internal.thread.ThreadUtil.lambda$execute$0(ThreadUtil.java:64)
at java.base/java.util.concurrent.FutureTask.run(FutureTask.java:264)
at java.base/java.util.concurrent.ThreadPoolExecutor.runWorker(ThreadPoolExecutor.java:1136)
at java.base/java.util.concurrent.ThreadPoolExecutor$Worker.run(ThreadPoolExecutor.java:635)
at java.base/java.lang.Thread.run(Thread.java:842)
]]>
            </full-stacktrace>
          </exception> <!-- java.lang.NullPointerException -->
          <reporter-output>
          </reporter-output>
        </test-method> <!-- close -->
        <test-method is-config="true" signature="tearDown()[pri:0, instance:Loan.LoanClose@5b8a9168]" started-at="2025-10-21T20:32:05 IST" name="tearDown" finished-at="2025-10-21T20:32:05 IST" duration-ms="0" status="SKIP">
          <reporter-output>
          </reporter-output>
        </test-method> <!-- tearDown -->
      </class> <!-- Loan.LoanClose -->
      <class name="Loan.Loanverification">
        <test-method is-config="true" signature="setup()[pri:0, instance:Loan.Loanverification@62f0a3f6]" started-at="2025-10-21T20:30:59 IST" name="setup" finished-at="2025-10-21T20:31:21 IST" duration-ms="22545" status="PASS">
          <reporter-output>
          </reporter-output>
        </test-method> <!-- setup -->
        <test-method is-config="true" signature="setUp(java.lang.String)[pri:0, instance:Loan.Loanverification@62f0a3f6]" started-at="2025-10-21T20:31:22 IST" name="setUp" finished-at="2025-10-21T20:31:25 IST" duration-ms="2726" status="PASS">
          <params>
            <param index="0">
              <value>
                <![CDATA[chrome]]>
              </value>
            </param>
          </params>
          <reporter-output>
          </reporter-output>
        </test-method> <!-- setUp -->
        <test-method signature="VerifyLoanAccount(Utilities.RowData,Utilities.RowData)[pri:0, instance:Loan.Loanverification@62f0a3f6]" started-at="2025-10-21T20:31:25 IST" name="VerifyLoanAccount" data-provider="testcase" finished-at="2025-10-21T20:32:05 IST" duration-ms="39844" status="FAIL">
          <params>
            <param index="0">
              <value>
                <![CDATA[RowData{headerMap={DocCode=MCFST, ExpiryDate=04/12/2099, DispatchMode=N - No Dispatch, AccountId=, PurpAdv=, DrawingPowerInd=E - Equal, MinIntPcntCr=2.5, Tax=, AutSwpFlg=, tdsOpAcct=, TestCaseName=CreateSavingsAccount, DocScanFlg=Y - Scan Required, RepayInstr=, GuardianCode=, AcctPrefIntCr=5, Related - CustName=PRIYA, FreqType=D - Daily, IntCrAcctFlg=S - Original A/c., 2 nd NomineeCifId=, SubSectCode=, FreqDay=, Related-CustTitle=MS, TypeAdv=, ModeAdv=, PermanentACID=, City=, RelatedFreqDay=, Created_AccountID=003000500000459, AddressLine2=, AddressLine1=, State=, Relation Code=003, Modeofoperation=, NomineeCifId=R0003470, Country=, Second RelatedPartyflg=Y, SectCode=AGRI, SwpHldyStat=, Regnum=1, RelatedFreqWeek=, FreqHldyStat=P - Previous day, CalBase=, PostalCode=, NomineePcnt=100, Function=Open, Relation=001, SwpDepFreqMnths=, SwpFreqType=, NatAdv=, RelateddispMode=, Second Nominee =, Menu=HOAACSB, FFD-Schmcode=36003, CIF ID=R0003423, GuardianName=, Nominee Minor=N, CustPrefIntCr=7, FreqStartDD=, NextIntCrCalcDt=15/03/2025, 2 nd Relationship=, FFD flg=N, Relation Type=J - Joint Holder, 2 nd Nomination Pcnt.=, Related -CustAddrLine1=XYZ, MaxIntPcntCr=3, ChanPrefIntCr=8, RelatedFreqStartDD=, Acct_Statement=B - Both, RelatedFreqType=D - Daily, MinBalOperAcct=, Scheme Code=0005, DocumentDate=15/03/2023, FreqWeek=, RelatedFreqHldyStat=N - Next Day}, indexList=[CreateSavingsAccount, HOAACSB, Open, R0003423, 0005, , B - Both, , D - Daily, , , , P - Previous day, N - No Dispatch, , 2.5, 3, 7, 5, 8, S - Original A/c., , , , 15/03/2025, 1, R0003470, 001, 100, N, , , , , , , , , , , , , 002, Y, J - Joint Holder, 003, D - Daily, , , , N - Next Day, , MS, PRIYA, XYZ, MCFST, Y - Scan Required, N, 36003, , , , , , , 04/12/2099, 15/03/2023, E - Equal, AGRI, , , , , , 003000500000459]}]]>
              </value>
            </param>
            <param index="1">
              <value>
                <![CDATA[RowData{headerMap={DocCode=, ExpiryDate=, DispatchMode=, AccountId=, PurpAdv=, DrawingPowerInd=, MinIntPcntCr=, Tax=, AutSwpFlg=, tdsOpAcct=, TestCaseName=Cash Deposit, DocScanFlg=, RepayInstr=, GuardianCode=, AcctPrefIntCr=, Related - CustName=, FreqType=10, IntCrAcctFlg=, 2 nd NomineeCifId=, SubSectCode=, FreqDay=, Related-CustTitle=, TypeAdv=, ModeAdv=, PermanentACID=5000, City=, RelatedFreqDay=, Created_AccountID=M1474, AddressLine2=, AddressLine1=, State=, Relation Code=, Modeofoperation=, NomineeCifId=, Country=, Second RelatedPartyflg=, SectCode=, SwpHldyStat=, Regnum=, RelatedFreqWeek=, FreqHldyStat=, CalBase=CASH, PostalCode=, NomineePcnt=, Function=A - Add, Relation=, SwpDepFreqMnths=, SwpFreqType=, NatAdv=, RelateddispMode=, Second Nominee =, Menu=HCASHDEP, FFD-Schmcode=, CIF ID=C/NR - Cash/Normal Receipt, GuardianName=, Nominee Minor=, CustPrefIntCr=, FreqStartDD=, NextIntCrCalcDt=, 2 nd Relationship=, FFD flg=, Relation Type=, 2 nd Nomination Pcnt.=, Related -CustAddrLine1=, MaxIntPcntCr=, ChanPrefIntCr=, RelatedFreqStartDD=, Acct_Statement=IGST, RelatedFreqType=, MinBalOperAcct=, Scheme Code=INR, DocumentDate=, FreqWeek=, RelatedFreqHldyStat=}, indexList=[Cash Deposit, HCASHDEP, A - Add, C/NR - Cash/Normal Receipt, INR, 5000, IGST, CASH, 10, , , , , , , , , , , , , , , , , , , , , , , , , , , , , , , , , , , , , , , , , , , , , , , , , , , , , , , , , , , , , , , , , , M1474]}]]>
              </value>
            </param>
          </params>
          <exception class="org.openqa.selenium.NoSuchWindowException">
            <message>
              <![CDATA[Window is closed
Build info: version: '4.34.0', revision: '707dcb4246*'
System info: os.name: 'Windows 11', os.arch: 'amd64', os.version: '10.0', java.version: '17.0.12'
Driver info: org.openqa.selenium.remote.RemoteWebDriver
Command: [983e437e-53c9-4439-81cf-4f3848666a12, getCurrentWindowHandle {}]
Capabilities {acceptInsecureCerts: false, browserName: internet explorer, browserVersion: 11, pageLoadStrategy: normal, platformName: windows, proxy: Proxy(), se:bidiEnabled: false, se:cdpEnabled: false, se:ieOptions: {browserAttachTimeout: 0, elementScrollBehavior: 0, enablePersistentHover: true, ie.browserCommandLineSwitches: , ie.edgechromium: false, ie.edgepath: , ie.ensureCleanSession: false, ie.fileUploadDialogTimeout: 3000, ie.forceCreateProcessApi: false, ie.ignoreprocessmatch: false, ignoreProtectedModeSettings: true, ignoreZoomSetting: true, initialBrowserUrl: http://localhost:47186/, nativeEvents: true, requireWindowFocus: false}, setWindowRect: true, strictFileInteractability: false, timeouts: {implicit: 0, pageLoad: 300000, script: 30000}, unhandledPromptBehavior: dismiss and notify}
Session ID: 983e437e-53c9-4439-81cf-4f3848666a12]]>
            </message>
            <full-stacktrace>
              <![CDATA[org.openqa.selenium.NoSuchWindowException: Window is closed
Build info: version: '4.34.0', revision: '707dcb4246*'
System info: os.name: 'Windows 11', os.arch: 'amd64', os.version: '10.0', java.version: '17.0.12'
Driver info: org.openqa.selenium.remote.RemoteWebDriver
Command: [983e437e-53c9-4439-81cf-4f3848666a12, getCurrentWindowHandle {}]
Capabilities {acceptInsecureCerts: false, browserName: internet explorer, browserVersion: 11, pageLoadStrategy: normal, platformName: windows, proxy: Proxy(), se:bidiEnabled: false, se:cdpEnabled: false, se:ieOptions: {browserAttachTimeout: 0, elementScrollBehavior: 0, enablePersistentHover: true, ie.browserCommandLineSwitches: , ie.edgechromium: false, ie.edgepath: , ie.ensureCleanSession: false, ie.fileUploadDialogTimeout: 3000, ie.forceCreateProcessApi: false, ie.ignoreprocessmatch: false, ignoreProtectedModeSettings: true, ignoreZoomSetting: true, initialBrowserUrl: http://localhost:47186/, nativeEvents: true, requireWindowFocus: false}, setWindowRect: true, strictFileInteractability: false, timeouts: {implicit: 0, pageLoad: 300000, script: 30000}, unhandledPromptBehavior: dismiss and notify}
Session ID: 983e437e-53c9-4439-81cf-4f3848666a12
at java.base/jdk.internal.reflect.NativeConstructorAccessorImpl.newInstance0(Native Method)
at java.base/jdk.internal.reflect.NativeConstructorAccessorImpl.newInstance(NativeConstructorAccessorImpl.java:77)
at java.base/jdk.internal.reflect.DelegatingConstructorAccessorImpl.newInstance(DelegatingConstructorAccessorImpl.java:45)
at java.base/java.lang.reflect.Constructor.newInstanceWithCaller(Constructor.java:499)
at java.base/java.lang.reflect.Constructor.newInstance(Constructor.java:480)
at org.openqa.selenium.remote.ErrorCodec.decode(ErrorCodec.java:167)
at org.openqa.selenium.remote.codec.w3c.W3CHttpResponseCodec.decode(W3CHttpResponseCodec.java:138)
at org.openqa.selenium.remote.codec.w3c.W3CHttpResponseCodec.decode(W3CHttpResponseCodec.java:50)
at org.openqa.selenium.remote.HttpCommandExecutor.execute(HttpCommandExecutor.java:215)
at org.openqa.selenium.remote.TracedCommandExecutor.execute(TracedCommandExecutor.java:53)
at org.openqa.selenium.remote.RemoteWebDriver.execute(RemoteWebDriver.java:544)
at org.openqa.selenium.remote.RemoteWebDriver.execute(RemoteWebDriver.java:617)
at org.openqa.selenium.remote.RemoteWebDriver.execute(RemoteWebDriver.java:621)
at org.openqa.selenium.remote.RemoteWebDriver.getWindowHandle(RemoteWebDriver.java:467)
at Loan.Loanverification.getApplicationData(Loanverification.java:154)
at Loan.Loanverification.VerifyLoanAccount(Loanverification.java:76)
at java.base/jdk.internal.reflect.NativeMethodAccessorImpl.invoke0(Native Method)
at java.base/jdk.internal.reflect.NativeMethodAccessorImpl.invoke(NativeMethodAccessorImpl.java:77)
at java.base/jdk.internal.reflect.DelegatingMethodAccessorImpl.invoke(DelegatingMethodAccessorImpl.java:43)
at java.base/java.lang.reflect.Method.invoke(Method.java:568)
at org.testng.internal.invokers.MethodInvocationHelper.invokeMethod(MethodInvocationHelper.java:141)
at org.testng.internal.invokers.TestInvoker.invokeMethod(TestInvoker.java:687)
at org.testng.internal.invokers.TestInvoker.invokeTestMethod(TestInvoker.java:230)
at org.testng.internal.invokers.MethodRunner.runInSequence(MethodRunner.java:63)
at org.testng.internal.invokers.TestInvoker$MethodInvocationAgent.invoke(TestInvoker.java:995)
at org.testng.internal.invokers.TestInvoker.invokeTestMethods(TestInvoker.java:203)
at org.testng.internal.invokers.TestMethodWorker.invokeTestMethods(TestMethodWorker.java:154)
at org.testng.internal.invokers.TestMethodWorker.run(TestMethodWorker.java:134)
at java.base/java.util.ArrayList.forEach(ArrayList.java:1511)
at org.testng.TestRunner.privateRun(TestRunner.java:741)
at org.testng.TestRunner.run(TestRunner.java:616)
at org.testng.SuiteRunner.runTest(SuiteRunner.java:421)
at org.testng.SuiteRunner.runSequentially(SuiteRunner.java:413)
at org.testng.SuiteRunner.privateRun(SuiteRunner.java:373)
at org.testng.SuiteRunner.run(SuiteRunner.java:312)
at org.testng.SuiteRunnerWorker.runSuite(SuiteRunnerWorker.java:52)
at org.testng.SuiteRunnerWorker.run(SuiteRunnerWorker.java:95)
at org.testng.TestNG.runSuitesSequentially(TestNG.java:1274)
at org.testng.TestNG.runSuitesLocally(TestNG.java:1208)
at org.testng.TestNG.runSuites(TestNG.java:1112)
at org.testng.TestNG.run(TestNG.java:1079)
at TestCases.TC02_CreateLoanAccountwithSchmcodeforTwoWheelerRs2LandClosetheAccount.runTestSuiteInOrder(TC02_CreateLoanAccountwithSchmcodeforTwoWheelerRs2LandClosetheAccount.java:70)
at TestCases.TC02_CreateLoanAccountwithSchmcodeforTwoWheelerRs2LandClosetheAccount.runTest(TC02_CreateLoanAccountwithSchmcodeforTwoWheelerRs2LandClosetheAccount.java:32)
at java.base/jdk.internal.reflect.NativeMethodAccessorImpl.invoke0(Native Method)
at java.base/jdk.internal.reflect.NativeMethodAccessorImpl.invoke(NativeMethodAccessorImpl.java:77)
at java.base/jdk.internal.reflect.DelegatingMethodAccessorImpl.invoke(DelegatingMethodAccessorImpl.java:43)
at java.base/java.lang.reflect.Method.invoke(Method.java:568)
at org.testng.internal.invokers.MethodInvocationHelper.invokeMethod(MethodInvocationHelper.java:141)
at org.testng.internal.invokers.TestInvoker.invokeMethod(TestInvoker.java:687)
at org.testng.internal.invokers.TestInvoker.invokeTestMethod(TestInvoker.java:230)
at org.testng.internal.invokers.MethodRunner.runInSequence(MethodRunner.java:63)
at org.testng.internal.invokers.TestInvoker$MethodInvocationAgent.invoke(TestInvoker.java:995)
at org.testng.internal.invokers.TestInvoker.invokeTestMethods(TestInvoker.java:203)
at org.testng.internal.invokers.TestMethodWorker.invokeTestMethods(TestMethodWorker.java:154)
at org.testng.internal.invokers.TestMethodWorker.run(TestMethodWorker.java:134)
at java.base/java.util.ArrayList.forEach(ArrayList.java:1511)
at org.testng.TestRunner.privateRun(TestRunner.java:741)
at org.testng.TestRunner.run(TestRunner.java:616)
at org.testng.SuiteRunner.runTest(SuiteRunner.java:421)
at org.testng.SuiteRunner$SuiteWorker.run(SuiteRunner.java:463)
at org.testng.internal.thread.ThreadUtil.lambda$execute$0(ThreadUtil.java:64)
at java.base/java.util.concurrent.FutureTask.run(FutureTask.java:264)
at java.base/java.util.concurrent.ThreadPoolExecutor.runWorker(ThreadPoolExecutor.java:1136)
at java.base/java.util.concurrent.ThreadPoolExecutor$Worker.run(ThreadPoolExecutor.java:635)
at java.base/java.lang.Thread.run(Thread.java:842)
]]>
            </full-stacktrace>
          </exception> <!-- org.openqa.selenium.NoSuchWindowException -->
          <reporter-output>
          </reporter-output>
        </test-method> <!-- VerifyLoanAccount -->
        <test-method is-config="true" signature="tearDown()[pri:0, instance:Loan.Loanverification@62f0a3f6]" started-at="2025-10-21T20:32:05 IST" name="tearDown" finished-at="2025-10-21T20:32:05 IST" duration-ms="264" status="PASS">
          <reporter-output>
          </reporter-output>
        </test-method> <!-- tearDown -->
      </class> <!-- Loan.Loanverification -->
    </test> <!-- LoanStepsExecution -->
  </suite> <!-- LoanCreationSuite -->
</testng-results>
